<?xml version="1.0" encoding="UTF-8"?>
<coverage generated="1765871388070" clover="3.2.0">
  <project timestamp="1765871388070" name="All files">
    <metrics statements="876" coveredstatements="706" conditionals="385" coveredconditionals="275" methods="223" coveredmethods="168" elements="1484" coveredelements="1149" complexity="0" loc="876" ncloc="876" packages="16" files="41" classes="41"/>
    <package name="adapters.controllers">
      <metrics statements="119" coveredstatements="87" conditionals="39" coveredconditionals="22" methods="18" coveredmethods="14"/>
      <file name="AuthController.js" path="D:\VisualStudioCode\CodebaseWinter2025\CUOIKI\JS-TaskManager\adapters\controllers\AuthController.js">
        <metrics statements="44" coveredstatements="19" conditionals="20" coveredconditionals="7" methods="7" coveredmethods="3"/>
        <line num="1" count="1" type="stmt"/>
        <line num="2" count="1" type="stmt"/>
        <line num="3" count="1" type="stmt"/>
        <line num="11" count="1" type="stmt"/>
        <line num="12" count="1" type="stmt"/>
        <line num="13" count="1" type="stmt"/>
        <line num="20" count="1" type="stmt"/>
        <line num="21" count="1" type="stmt"/>
        <line num="24" count="1" type="cond" truecount="4" falsecount="1"/>
        <line num="25" count="0" type="stmt"/>
        <line num="32" count="1" type="stmt"/>
        <line num="35" count="1" type="stmt"/>
        <line num="38" count="1" type="stmt"/>
        <line num="47" count="0" type="stmt"/>
        <line num="55" count="1" type="stmt"/>
        <line num="56" count="1" type="stmt"/>
        <line num="59" count="1" type="cond" truecount="3" falsecount="1"/>
        <line num="60" count="0" type="stmt"/>
        <line num="67" count="1" type="stmt"/>
        <line num="70" count="1" type="stmt"/>
        <line num="73" count="1" type="stmt"/>
        <line num="80" count="0" type="stmt"/>
        <line num="89" count="0" type="stmt"/>
        <line num="91" count="0" type="stmt"/>
        <line num="92" count="0" type="cond" truecount="0" falsecount="4"/>
        <line num="93" count="0" type="stmt"/>
        <line num="99" count="0" type="stmt"/>
        <line num="102" count="0" type="stmt"/>
        <line num="105" count="0" type="stmt"/>
        <line num="111" count="0" type="stmt"/>
        <line num="120" count="0" type="stmt"/>
        <line num="130" count="0" type="cond" truecount="0" falsecount="2"/>
        <line num="131" count="0" type="stmt"/>
        <line num="132" count="0" type="stmt"/>
        <line num="140" count="0" type="stmt"/>
        <line num="141" count="0" type="stmt"/>
        <line num="151" count="0" type="stmt"/>
        <line num="152" count="0" type="cond" truecount="0" falsecount="5"/>
        <line num="154" count="0" type="stmt"/>
        <line num="156" count="0" type="stmt"/>
        <line num="158" count="0" type="stmt"/>
        <line num="160" count="0" type="stmt"/>
        <line num="162" count="0" type="stmt"/>
        <line num="167" count="1" type="stmt"/>
      </file>
      <file name="TaskController.js" path="D:\VisualStudioCode\CodebaseWinter2025\CUOIKI\JS-TaskManager\adapters\controllers\TaskController.js">
        <metrics statements="75" coveredstatements="68" conditionals="19" coveredconditionals="15" methods="11" coveredmethods="11"/>
        <line num="7" count="1" type="stmt"/>
        <line num="8" count="1" type="stmt"/>
        <line num="24" count="1" type="stmt"/>
        <line num="25" count="1" type="stmt"/>
        <line num="26" count="1" type="stmt"/>
        <line num="27" count="1" type="stmt"/>
        <line num="28" count="1" type="stmt"/>
        <line num="29" count="1" type="stmt"/>
        <line num="30" count="1" type="stmt"/>
        <line num="38" count="9" type="stmt"/>
        <line num="39" count="9" type="stmt"/>
        <line num="40" count="9" type="stmt"/>
        <line num="42" count="9" type="cond" truecount="2" falsecount="0"/>
        <line num="43" count="1" type="stmt"/>
        <line num="49" count="8" type="stmt"/>
        <line num="56" count="8" type="stmt"/>
        <line num="58" count="7" type="stmt"/>
        <line num="73" count="1" type="stmt"/>
        <line num="82" count="2" type="stmt"/>
        <line num="83" count="2" type="stmt"/>
        <line num="84" count="2" type="stmt"/>
        <line num="86" count="2" type="stmt"/>
        <line num="87" count="2" type="stmt"/>
        <line num="90" count="2" type="stmt"/>
        <line num="104" count="2" type="stmt"/>
        <line num="111" count="0" type="stmt"/>
        <line num="120" count="7" type="stmt"/>
        <line num="121" count="7" type="stmt"/>
        <line num="122" count="7" type="stmt"/>
        <line num="124" count="7" type="stmt"/>
        <line num="125" count="7" type="stmt"/>
        <line num="127" count="5" type="stmt"/>
        <line num="144" count="2" type="stmt"/>
        <line num="153" count="5" type="stmt"/>
        <line num="154" count="5" type="stmt"/>
        <line num="155" count="5" type="stmt"/>
        <line num="156" count="5" type="stmt"/>
        <line num="158" count="5" type="stmt"/>
        <line num="167" count="5" type="stmt"/>
        <line num="169" count="3" type="stmt"/>
        <line num="184" count="2" type="stmt"/>
        <line num="193" count="8" type="stmt"/>
        <line num="194" count="8" type="stmt"/>
        <line num="195" count="8" type="stmt"/>
        <line num="197" count="8" type="stmt"/>
        <line num="198" count="8" type="stmt"/>
        <line num="200" count="7" type="stmt"/>
        <line num="206" count="1" type="stmt"/>
        <line num="215" count="6" type="stmt"/>
        <line num="216" count="6" type="stmt"/>
        <line num="217" count="6" type="stmt"/>
        <line num="218" count="6" type="stmt"/>
        <line num="220" count="6" type="cond" truecount="1" falsecount="1"/>
        <line num="221" count="0" type="stmt"/>
        <line num="227" count="6" type="stmt"/>
        <line num="229" count="3" type="stmt"/>
        <line num="247" count="3" type="stmt"/>
        <line num="256" count="1" type="stmt"/>
        <line num="257" count="1" type="stmt"/>
        <line num="259" count="1" type="stmt"/>
        <line num="261" count="1" type="stmt"/>
        <line num="267" count="0" type="stmt"/>
        <line num="275" count="9" type="cond" truecount="1" falsecount="1"/>
        <line num="276" count="9" type="stmt"/>
        <line num="277" count="9" type="stmt"/>
        <line num="284" count="0" type="stmt"/>
        <line num="285" count="0" type="stmt"/>
        <line num="295" count="9" type="stmt"/>
        <line num="296" count="9" type="cond" truecount="3" falsecount="2"/>
        <line num="298" count="3" type="stmt"/>
        <line num="300" count="1" type="stmt"/>
        <line num="302" count="0" type="stmt"/>
        <line num="304" count="5" type="stmt"/>
        <line num="306" count="0" type="stmt"/>
        <line num="311" count="1" type="stmt"/>
      </file>
    </package>
    <package name="adapters.middleware">
      <metrics statements="47" coveredstatements="15" conditionals="38" coveredconditionals="5" methods="9" coveredmethods="3"/>
      <file name="AuthMiddleware.js" path="D:\VisualStudioCode\CodebaseWinter2025\CUOIKI\JS-TaskManager\adapters\middleware\AuthMiddleware.js">
        <metrics statements="12" coveredstatements="12" conditionals="6" coveredconditionals="5" methods="3" coveredmethods="3"/>
        <line num="7" count="1" type="stmt"/>
        <line num="14" count="1" type="stmt"/>
        <line num="15" count="44" type="stmt"/>
        <line num="17" count="44" type="stmt"/>
        <line num="19" count="44" type="cond" truecount="4" falsecount="0"/>
        <line num="20" count="5" type="stmt"/>
        <line num="26" count="39" type="stmt"/>
        <line num="29" count="39" type="stmt"/>
        <line num="32" count="38" type="stmt"/>
        <line num="35" count="38" type="stmt"/>
        <line num="38" count="1" type="stmt"/>
        <line num="47" count="1" type="stmt"/>
      </file>
      <file name="ErrorHandlerMiddleware.js" path="D:\VisualStudioCode\CodebaseWinter2025\CUOIKI\JS-TaskManager\adapters\middleware\ErrorHandlerMiddleware.js">
        <metrics statements="35" coveredstatements="3" conditionals="32" coveredconditionals="0" methods="6" coveredmethods="0"/>
        <line num="1" count="1" type="stmt"/>
        <line num="2" count="1" type="stmt"/>
        <line num="18" count="0" type="stmt"/>
        <line num="21" count="0" type="cond" truecount="0" falsecount="2"/>
        <line num="22" count="0" type="stmt"/>
        <line num="26" count="0" type="cond" truecount="0" falsecount="2"/>
        <line num="27" count="0" type="stmt"/>
        <line num="33" count="0" type="cond" truecount="0" falsecount="2"/>
        <line num="34" count="0" type="stmt"/>
        <line num="41" count="0" type="cond" truecount="0" falsecount="2"/>
        <line num="42" count="0" type="stmt"/>
        <line num="49" count="0" type="cond" truecount="0" falsecount="4"/>
        <line num="50" count="0" type="stmt"/>
        <line num="57" count="0" type="cond" truecount="0" falsecount="4"/>
        <line num="58" count="0" type="stmt"/>
        <line num="62" count="0" type="stmt"/>
        <line num="72" count="0" type="stmt"/>
        <line num="89" count="0" type="cond" truecount="0" falsecount="2"/>
        <line num="91" count="0" type="stmt"/>
        <line num="104" count="0" type="stmt"/>
        <line num="111" count="0" type="cond" truecount="0" falsecount="2"/>
        <line num="112" count="0" type="stmt"/>
        <line num="118" count="0" type="cond" truecount="0" falsecount="2"/>
        <line num="119" count="0" type="stmt"/>
        <line num="125" count="0" type="cond" truecount="0" falsecount="2"/>
        <line num="126" count="0" type="stmt"/>
        <line num="132" count="0" type="stmt"/>
        <line num="144" count="0" type="stmt"/>
        <line num="151" count="0" type="cond" truecount="0" falsecount="2"/>
        <line num="152" count="0" type="stmt"/>
        <line num="164" count="0" type="stmt"/>
        <line num="176" count="0" type="stmt"/>
        <line num="192" count="0" type="stmt"/>
        <line num="201" count="0" type="stmt"/>
        <line num="209" count="1" type="stmt"/>
      </file>
    </package>
    <package name="adapters.repositories">
      <metrics statements="69" coveredstatements="58" conditionals="14" coveredconditionals="8" methods="24" coveredmethods="22"/>
      <file name="SqlTaskRepository.js" path="D:\VisualStudioCode\CodebaseWinter2025\CUOIKI\JS-TaskManager\adapters\repositories\SqlTaskRepository.js">
        <metrics statements="35" coveredstatements="31" conditionals="4" coveredconditionals="3" methods="13" coveredmethods="12"/>
        <line num="1" count="2" type="stmt"/>
        <line num="2" count="2" type="stmt"/>
        <line num="3" count="2" type="stmt"/>
        <line num="12" count="2" type="stmt"/>
        <line num="13" count="2" type="stmt"/>
        <line num="20" count="65" type="stmt"/>
        <line num="27" count="8" type="stmt"/>
        <line num="28" count="8" type="stmt"/>
        <line num="36" count="8" type="stmt"/>
        <line num="43" count="29" type="stmt"/>
        <line num="44" count="29" type="stmt"/>
        <line num="45" count="29" type="cond" truecount="2" falsecount="0"/>
        <line num="52" count="3" type="stmt"/>
        <line num="53" count="3" type="stmt"/>
        <line num="54" count="3" type="stmt"/>
        <line num="61" count="3" type="stmt"/>
        <line num="62" count="3" type="stmt"/>
        <line num="63" count="3" type="stmt"/>
        <line num="70" count="6" type="stmt"/>
        <line num="73" count="6" type="stmt"/>
        <line num="80" count="6" type="cond" truecount="1" falsecount="1"/>
        <line num="81" count="0" type="stmt"/>
        <line num="85" count="6" type="stmt"/>
        <line num="87" count="6" type="stmt"/>
        <line num="94" count="8" type="stmt"/>
        <line num="95" count="8" type="stmt"/>
        <line num="96" count="8" type="stmt"/>
        <line num="103" count="0" type="stmt"/>
        <line num="104" count="0" type="stmt"/>
        <line num="105" count="0" type="stmt"/>
        <line num="112" count="8" type="stmt"/>
        <line num="113" count="8" type="stmt"/>
        <line num="120" count="40" type="stmt"/>
        <line num="122" count="40" type="stmt"/>
        <line num="136" count="2" type="stmt"/>
      </file>
      <file name="SqlUserRepository.js" path="D:\VisualStudioCode\CodebaseWinter2025\CUOIKI\JS-TaskManager\adapters\repositories\SqlUserRepository.js">
        <metrics statements="34" coveredstatements="27" conditionals="10" coveredconditionals="5" methods="11" coveredmethods="10"/>
        <line num="1" count="3" type="stmt"/>
        <line num="2" count="3" type="stmt"/>
        <line num="3" count="3" type="stmt"/>
        <line num="12" count="4" type="stmt"/>
        <line num="13" count="4" type="stmt"/>
        <line num="20" count="60" type="stmt"/>
        <line num="27" count="4" type="stmt"/>
        <line num="28" count="4" type="stmt"/>
        <line num="33" count="4" type="stmt"/>
        <line num="40" count="44" type="stmt"/>
        <line num="41" count="44" type="stmt"/>
        <line num="42" count="44" type="cond" truecount="2" falsecount="0"/>
        <line num="49" count="4" type="stmt"/>
        <line num="50" count="4" type="stmt"/>
        <line num="51" count="4" type="cond" truecount="2" falsecount="0"/>
        <line num="58" count="1" type="stmt"/>
        <line num="59" count="1" type="stmt"/>
        <line num="60" count="1" type="cond" truecount="1" falsecount="1"/>
        <line num="67" count="0" type="stmt"/>
        <line num="68" count="0" type="stmt"/>
        <line num="73" count="0" type="cond" truecount="0" falsecount="2"/>
        <line num="74" count="0" type="stmt"/>
        <line num="78" count="0" type="cond" truecount="0" falsecount="2"/>
        <line num="79" count="0" type="stmt"/>
        <line num="82" count="0" type="stmt"/>
        <line num="89" count="3" type="stmt"/>
        <line num="90" count="3" type="stmt"/>
        <line num="91" count="3" type="stmt"/>
        <line num="98" count="2" type="stmt"/>
        <line num="99" count="2" type="stmt"/>
        <line num="106" count="2" type="stmt"/>
        <line num="107" count="2" type="stmt"/>
        <line num="114" count="48" type="stmt"/>
        <line num="125" count="3" type="stmt"/>
      </file>
    </package>
    <package name="business">
      <metrics statements="1" coveredstatements="1" conditionals="0" coveredconditionals="0" methods="0" coveredmethods="0"/>
      <file name="index.js" path="D:\VisualStudioCode\CodebaseWinter2025\CUOIKI\JS-TaskManager\business\index.js">
        <metrics statements="1" coveredstatements="1" conditionals="0" coveredconditionals="0" methods="0" coveredmethods="0"/>
        <line num="4" count="1" type="stmt"/>
      </file>
    </package>
    <package name="business.dto">
      <metrics statements="97" coveredstatements="89" conditionals="5" coveredconditionals="5" methods="25" coveredmethods="21"/>
      <file name="ChangeTaskStatusDTO.js" path="D:\VisualStudioCode\CodebaseWinter2025\CUOIKI\JS-TaskManager\business\dto\ChangeTaskStatusDTO.js">
        <metrics statements="15" coveredstatements="12" conditionals="0" coveredconditionals="0" methods="3" coveredmethods="2"/>
        <line num="6" count="0" type="stmt"/>
        <line num="7" count="0" type="stmt"/>
        <line num="8" count="0" type="stmt"/>
        <line num="17" count="8" type="stmt"/>
        <line num="18" count="8" type="stmt"/>
        <line num="19" count="8" type="stmt"/>
        <line num="20" count="8" type="stmt"/>
        <line num="21" count="8" type="stmt"/>
        <line num="22" count="8" type="stmt"/>
        <line num="23" count="8" type="stmt"/>
        <line num="24" count="8" type="stmt"/>
        <line num="25" count="8" type="stmt"/>
        <line num="26" count="8" type="stmt"/>
        <line num="30" count="8" type="stmt"/>
        <line num="45" count="2" type="stmt"/>
      </file>
      <file name="CreateTaskDTO.js" path="D:\VisualStudioCode\CodebaseWinter2025\CUOIKI\JS-TaskManager\business\dto\CreateTaskDTO.js">
        <metrics statements="15" coveredstatements="15" conditionals="2" coveredconditionals="2" methods="3" coveredmethods="3"/>
        <line num="6" count="12" type="stmt"/>
        <line num="7" count="12" type="stmt"/>
        <line num="8" count="12" type="stmt"/>
        <line num="9" count="12" type="stmt"/>
        <line num="10" count="12" type="stmt"/>
        <line num="19" count="9" type="stmt"/>
        <line num="20" count="9" type="stmt"/>
        <line num="21" count="9" type="stmt"/>
        <line num="22" count="9" type="stmt"/>
        <line num="23" count="9" type="stmt"/>
        <line num="24" count="9" type="stmt"/>
        <line num="25" count="9" type="stmt"/>
        <line num="26" count="9" type="stmt"/>
        <line num="30" count="9" type="stmt"/>
        <line num="43" count="2" type="stmt"/>
      </file>
      <file name="DeleteTaskDTO.js" path="D:\VisualStudioCode\CodebaseWinter2025\CUOIKI\JS-TaskManager\business\dto\DeleteTaskDTO.js">
        <metrics statements="6" coveredstatements="6" conditionals="0" coveredconditionals="0" methods="2" coveredmethods="2"/>
        <line num="6" count="13" type="stmt"/>
        <line num="7" count="13" type="stmt"/>
        <line num="16" count="8" type="stmt"/>
        <line num="17" count="8" type="stmt"/>
        <line num="18" count="8" type="stmt"/>
        <line num="22" count="2" type="stmt"/>
      </file>
      <file name="GetTaskDTO.js" path="D:\VisualStudioCode\CodebaseWinter2025\CUOIKI\JS-TaskManager\business\dto\GetTaskDTO.js">
        <metrics statements="18" coveredstatements="18" conditionals="1" coveredconditionals="1" methods="5" coveredmethods="5"/>
        <line num="6" count="7" type="stmt"/>
        <line num="7" count="7" type="stmt"/>
        <line num="16" count="6" type="stmt"/>
        <line num="29" count="6" type="stmt"/>
        <line num="38" count="12" type="stmt"/>
        <line num="39" count="12" type="stmt"/>
        <line num="48" count="6" type="stmt"/>
        <line num="49" count="6" type="stmt"/>
        <line num="50" count="6" type="stmt"/>
        <line num="51" count="6" type="stmt"/>
        <line num="52" count="6" type="stmt"/>
        <line num="53" count="6" type="stmt"/>
        <line num="54" count="6" type="stmt"/>
        <line num="55" count="6" type="stmt"/>
        <line num="56" count="6" type="stmt"/>
        <line num="57" count="6" type="stmt"/>
        <line num="58" count="6" type="stmt"/>
        <line num="62" count="3" type="stmt"/>
      </file>
      <file name="GetTaskStatisticsDTO.js" path="D:\VisualStudioCode\CodebaseWinter2025\CUOIKI\JS-TaskManager\business\dto\GetTaskStatisticsDTO.js">
        <metrics statements="7" coveredstatements="6" conditionals="0" coveredconditionals="0" methods="2" coveredmethods="1"/>
        <line num="6" count="0" type="stmt"/>
        <line num="15" count="4" type="stmt"/>
        <line num="16" count="4" type="stmt"/>
        <line num="17" count="4" type="stmt"/>
        <line num="18" count="4" type="stmt"/>
        <line num="19" count="4" type="stmt"/>
        <line num="23" count="2" type="stmt"/>
      </file>
      <file name="LoginUserDTO.js" path="D:\VisualStudioCode\CodebaseWinter2025\CUOIKI\JS-TaskManager\business\dto\LoginUserDTO.js">
        <metrics statements="5" coveredstatements="5" conditionals="0" coveredconditionals="0" methods="2" coveredmethods="2"/>
        <line num="6" count="7" type="stmt"/>
        <line num="7" count="7" type="stmt"/>
        <line num="16" count="3" type="stmt"/>
        <line num="17" count="3" type="stmt"/>
        <line num="25" count="2" type="stmt"/>
      </file>
      <file name="RegisterUserDTO.js" path="D:\VisualStudioCode\CodebaseWinter2025\CUOIKI\JS-TaskManager\business\dto\RegisterUserDTO.js">
        <metrics statements="9" coveredstatements="9" conditionals="0" coveredconditionals="0" methods="3" coveredmethods="3"/>
        <line num="6" count="7" type="stmt"/>
        <line num="7" count="7" type="stmt"/>
        <line num="8" count="7" type="stmt"/>
        <line num="17" count="2" type="stmt"/>
        <line num="18" count="2" type="stmt"/>
        <line num="19" count="2" type="stmt"/>
        <line num="20" count="2" type="stmt"/>
        <line num="24" count="2" type="stmt"/>
        <line num="33" count="2" type="stmt"/>
      </file>
      <file name="UpdateTaskDTO.js" path="D:\VisualStudioCode\CodebaseWinter2025\CUOIKI\JS-TaskManager\business\dto\UpdateTaskDTO.js">
        <metrics statements="17" coveredstatements="17" conditionals="2" coveredconditionals="2" methods="3" coveredmethods="3"/>
        <line num="6" count="11" type="stmt"/>
        <line num="7" count="11" type="stmt"/>
        <line num="8" count="11" type="stmt"/>
        <line num="9" count="11" type="stmt"/>
        <line num="10" count="11" type="stmt"/>
        <line num="11" count="11" type="stmt"/>
        <line num="12" count="11" type="stmt"/>
        <line num="21" count="5" type="stmt"/>
        <line num="22" count="5" type="stmt"/>
        <line num="23" count="5" type="stmt"/>
        <line num="24" count="5" type="stmt"/>
        <line num="25" count="5" type="stmt"/>
        <line num="26" count="5" type="stmt"/>
        <line num="27" count="5" type="stmt"/>
        <line num="28" count="5" type="stmt"/>
        <line num="32" count="5" type="stmt"/>
        <line num="45" count="2" type="stmt"/>
      </file>
      <file name="VerifyTokenDTO.js" path="D:\VisualStudioCode\CodebaseWinter2025\CUOIKI\JS-TaskManager\business\dto\VerifyTokenDTO.js">
        <metrics statements="5" coveredstatements="1" conditionals="0" coveredconditionals="0" methods="2" coveredmethods="0"/>
        <line num="6" count="0" type="stmt"/>
        <line num="15" count="0" type="stmt"/>
        <line num="16" count="0" type="stmt"/>
        <line num="17" count="0" type="stmt"/>
        <line num="21" count="2" type="stmt"/>
      </file>
    </package>
    <package name="business.ports">
      <metrics statements="25" coveredstatements="4" conditionals="0" coveredconditionals="0" methods="21" coveredmethods="0"/>
      <file name="PasswordService.js" path="D:\VisualStudioCode\CodebaseWinter2025\CUOIKI\JS-TaskManager\business\ports\PasswordService.js">
        <metrics statements="3" coveredstatements="1" conditionals="0" coveredconditionals="0" methods="2" coveredmethods="0"/>
        <line num="13" count="0" type="stmt"/>
        <line num="23" count="0" type="stmt"/>
        <line num="27" count="1" type="stmt"/>
      </file>
      <file name="TaskRepository.js" path="D:\VisualStudioCode\CodebaseWinter2025\CUOIKI\JS-TaskManager\business\ports\TaskRepository.js">
        <metrics statements="9" coveredstatements="1" conditionals="0" coveredconditionals="0" methods="8" coveredmethods="0"/>
        <line num="13" count="0" type="stmt"/>
        <line num="22" count="0" type="stmt"/>
        <line num="31" count="0" type="stmt"/>
        <line num="41" count="0" type="stmt"/>
        <line num="50" count="0" type="stmt"/>
        <line num="59" count="0" type="stmt"/>
        <line num="68" count="0" type="stmt"/>
        <line num="78" count="0" type="stmt"/>
        <line num="82" count="2" type="stmt"/>
      </file>
      <file name="TokenService.js" path="D:\VisualStudioCode\CodebaseWinter2025\CUOIKI\JS-TaskManager\business\ports\TokenService.js">
        <metrics statements="4" coveredstatements="1" conditionals="0" coveredconditionals="0" methods="3" coveredmethods="0"/>
        <line num="13" count="0" type="stmt"/>
        <line num="23" count="0" type="stmt"/>
        <line num="32" count="0" type="stmt"/>
        <line num="36" count="1" type="stmt"/>
      </file>
      <file name="UserRepository.js" path="D:\VisualStudioCode\CodebaseWinter2025\CUOIKI\JS-TaskManager\business\ports\UserRepository.js">
        <metrics statements="9" coveredstatements="1" conditionals="0" coveredconditionals="0" methods="8" coveredmethods="0"/>
        <line num="13" count="0" type="stmt"/>
        <line num="22" count="0" type="stmt"/>
        <line num="31" count="0" type="stmt"/>
        <line num="40" count="0" type="stmt"/>
        <line num="49" count="0" type="stmt"/>
        <line num="58" count="0" type="stmt"/>
        <line num="67" count="0" type="stmt"/>
        <line num="76" count="0" type="stmt"/>
        <line num="80" count="3" type="stmt"/>
      </file>
    </package>
    <package name="business.usecases.auth">
      <metrics statements="52" coveredstatements="52" conditionals="25" coveredconditionals="25" methods="6" coveredmethods="6"/>
      <file name="LoginUserUseCase.js" path="D:\VisualStudioCode\CodebaseWinter2025\CUOIKI\JS-TaskManager\business\usecases\auth\LoginUserUseCase.js">
        <metrics statements="17" coveredstatements="17" conditionals="9" coveredconditionals="9" methods="2" coveredmethods="2"/>
        <line num="1" count="2" type="stmt"/>
        <line num="2" count="2" type="stmt"/>
        <line num="10" count="7" type="stmt"/>
        <line num="11" count="7" type="stmt"/>
        <line num="12" count="7" type="stmt"/>
        <line num="22" count="7" type="cond" truecount="5" falsecount="0"/>
        <line num="23" count="2" type="stmt"/>
        <line num="27" count="5" type="stmt"/>
        <line num="28" count="5" type="cond" truecount="2" falsecount="0"/>
        <line num="29" count="1" type="stmt"/>
        <line num="33" count="4" type="stmt"/>
        <line num="38" count="4" type="cond" truecount="2" falsecount="0"/>
        <line num="39" count="1" type="stmt"/>
        <line num="43" count="3" type="stmt"/>
        <line num="49" count="3" type="stmt"/>
        <line num="52" count="3" type="stmt"/>
        <line num="56" count="2" type="stmt"/>
      </file>
      <file name="RegisterUserUseCase.js" path="D:\VisualStudioCode\CodebaseWinter2025\CUOIKI\JS-TaskManager\business\usecases\auth\RegisterUserUseCase.js">
        <metrics statements="19" coveredstatements="19" conditionals="10" coveredconditionals="10" methods="2" coveredmethods="2"/>
        <line num="1" count="2" type="stmt"/>
        <line num="2" count="2" type="stmt"/>
        <line num="3" count="2" type="stmt"/>
        <line num="11" count="7" type="stmt"/>
        <line num="12" count="7" type="stmt"/>
        <line num="22" count="7" type="cond" truecount="6" falsecount="0"/>
        <line num="23" count="3" type="stmt"/>
        <line num="27" count="4" type="stmt"/>
        <line num="28" count="4" type="cond" truecount="2" falsecount="0"/>
        <line num="29" count="1" type="stmt"/>
        <line num="32" count="3" type="stmt"/>
        <line num="33" count="3" type="cond" truecount="2" falsecount="0"/>
        <line num="34" count="1" type="stmt"/>
        <line num="38" count="2" type="stmt"/>
        <line num="41" count="2" type="stmt"/>
        <line num="42" count="2" type="stmt"/>
        <line num="45" count="2" type="stmt"/>
        <line num="48" count="2" type="stmt"/>
        <line num="52" count="2" type="stmt"/>
      </file>
      <file name="VerifyTokenUseCase.js" path="D:\VisualStudioCode\CodebaseWinter2025\CUOIKI\JS-TaskManager\business\usecases\auth\VerifyTokenUseCase.js">
        <metrics statements="16" coveredstatements="16" conditionals="6" coveredconditionals="6" methods="2" coveredmethods="2"/>
        <line num="1" count="2" type="stmt"/>
        <line num="2" count="2" type="stmt"/>
        <line num="10" count="7" type="stmt"/>
        <line num="11" count="7" type="stmt"/>
        <line num="21" count="45" type="cond" truecount="2" falsecount="0"/>
        <line num="22" count="2" type="stmt"/>
        <line num="25" count="43" type="stmt"/>
        <line num="27" count="43" type="stmt"/>
        <line num="30" count="40" type="stmt"/>
        <line num="31" count="40" type="cond" truecount="2" falsecount="0"/>
        <line num="32" count="1" type="stmt"/>
        <line num="36" count="39" type="stmt"/>
        <line num="43" count="4" type="cond" truecount="2" falsecount="0"/>
        <line num="44" count="1" type="stmt"/>
        <line num="46" count="3" type="stmt"/>
        <line num="51" count="2" type="stmt"/>
      </file>
    </package>
    <package name="business.usecases.tasks">
      <metrics statements="102" coveredstatements="90" conditionals="61" coveredconditionals="54" methods="17" coveredmethods="14"/>
      <file name="ChangeTaskStatusUseCase.js" path="D:\VisualStudioCode\CodebaseWinter2025\CUOIKI\JS-TaskManager\business\usecases\tasks\ChangeTaskStatusUseCase.js">
        <metrics statements="29" coveredstatements="18" conditionals="15" coveredconditionals="10" methods="5" coveredmethods="2"/>
        <line num="1" count="2" type="stmt"/>
        <line num="2" count="2" type="stmt"/>
        <line num="3" count="2" type="stmt"/>
        <line num="11" count="12" type="stmt"/>
        <line num="23" count="17" type="cond" truecount="5" falsecount="0"/>
        <line num="24" count="2" type="stmt"/>
        <line num="28" count="15" type="stmt"/>
        <line num="30" count="15" type="cond" truecount="2" falsecount="0"/>
        <line num="31" count="2" type="stmt"/>
        <line num="35" count="13" type="cond" truecount="2" falsecount="0"/>
        <line num="36" count="1" type="stmt"/>
        <line num="40" count="12" type="stmt"/>
        <line num="41" count="12" type="stmt"/>
        <line num="43" count="4" type="cond" truecount="1" falsecount="1"/>
        <line num="44" count="4" type="stmt"/>
        <line num="46" count="0" type="stmt"/>
        <line num="50" count="8" type="stmt"/>
        <line num="53" count="8" type="stmt"/>
        <line num="60" count="0" type="stmt"/>
        <line num="67" count="0" type="stmt"/>
        <line num="74" count="0" type="stmt"/>
        <line num="76" count="0" type="cond" truecount="0" falsecount="2"/>
        <line num="77" count="0" type="stmt"/>
        <line num="80" count="0" type="cond" truecount="0" falsecount="2"/>
        <line num="81" count="0" type="stmt"/>
        <line num="84" count="0" type="stmt"/>
        <line num="85" count="0" type="stmt"/>
        <line num="87" count="0" type="stmt"/>
        <line num="91" count="2" type="stmt"/>
      </file>
      <file name="CreateTaskUseCase.js" path="D:\VisualStudioCode\CodebaseWinter2025\CUOIKI\JS-TaskManager\business\usecases\tasks\CreateTaskUseCase.js">
        <metrics statements="10" coveredstatements="10" conditionals="5" coveredconditionals="5" methods="2" coveredmethods="2"/>
        <line num="1" count="2" type="stmt"/>
        <line num="2" count="2" type="stmt"/>
        <line num="3" count="2" type="stmt"/>
        <line num="11" count="6" type="stmt"/>
        <line num="21" count="13" type="cond" truecount="5" falsecount="0"/>
        <line num="22" count="3" type="stmt"/>
        <line num="26" count="10" type="stmt"/>
        <line num="35" count="9" type="stmt"/>
        <line num="38" count="9" type="stmt"/>
        <line num="42" count="2" type="stmt"/>
      </file>
      <file name="DeleteTaskUseCase.js" path="D:\VisualStudioCode\CodebaseWinter2025\CUOIKI\JS-TaskManager\business\usecases\tasks\DeleteTaskUseCase.js">
        <metrics statements="13" coveredstatements="13" conditionals="11" coveredconditionals="10" methods="2" coveredmethods="2"/>
        <line num="1" count="2" type="stmt"/>
        <line num="2" count="2" type="stmt"/>
        <line num="10" count="7" type="stmt"/>
        <line num="20" count="14" type="cond" truecount="5" falsecount="0"/>
        <line num="21" count="3" type="stmt"/>
        <line num="25" count="11" type="stmt"/>
        <line num="27" count="11" type="cond" truecount="2" falsecount="0"/>
        <line num="28" count="2" type="stmt"/>
        <line num="32" count="9" type="cond" truecount="2" falsecount="0"/>
        <line num="33" count="1" type="stmt"/>
        <line num="37" count="8" type="stmt"/>
        <line num="40" count="8" type="stmt"/>
        <line num="48" count="2" type="stmt"/>
      </file>
      <file name="GetTaskByIdUseCase.js" path="D:\VisualStudioCode\CodebaseWinter2025\CUOIKI\JS-TaskManager\business\usecases\tasks\GetTaskByIdUseCase.js">
        <metrics statements="12" coveredstatements="12" conditionals="9" coveredconditionals="9" methods="2" coveredmethods="2"/>
        <line num="1" count="2" type="stmt"/>
        <line num="2" count="2" type="stmt"/>
        <line num="10" count="7" type="stmt"/>
        <line num="20" count="13" type="cond" truecount="5" falsecount="0"/>
        <line num="21" count="3" type="stmt"/>
        <line num="25" count="10" type="stmt"/>
        <line num="27" count="10" type="cond" truecount="2" falsecount="0"/>
        <line num="28" count="3" type="stmt"/>
        <line num="32" count="7" type="cond" truecount="2" falsecount="0"/>
        <line num="33" count="1" type="stmt"/>
        <line num="37" count="6" type="stmt"/>
        <line num="41" count="2" type="stmt"/>
      </file>
      <file name="GetTaskStatisticsUseCase.js" path="D:\VisualStudioCode\CodebaseWinter2025\CUOIKI\JS-TaskManager\business\usecases\tasks\GetTaskStatisticsUseCase.js">
        <metrics statements="10" coveredstatements="10" conditionals="4" coveredconditionals="4" methods="2" coveredmethods="2"/>
        <line num="1" count="2" type="stmt"/>
        <line num="2" count="2" type="stmt"/>
        <line num="10" count="6" type="stmt"/>
        <line num="19" count="6" type="cond" truecount="2" falsecount="0"/>
        <line num="20" count="2" type="stmt"/>
        <line num="24" count="4" type="stmt"/>
        <line num="30" count="4" type="stmt"/>
        <line num="31" count="4" type="cond" truecount="2" falsecount="0"/>
        <line num="35" count="4" type="stmt"/>
        <line num="45" count="2" type="stmt"/>
      </file>
      <file name="GetTasksUseCase.js" path="D:\VisualStudioCode\CodebaseWinter2025\CUOIKI\JS-TaskManager\business\usecases\tasks\GetTasksUseCase.js">
        <metrics statements="10" coveredstatements="10" conditionals="6" coveredconditionals="6" methods="2" coveredmethods="2"/>
        <line num="1" count="2" type="stmt"/>
        <line num="2" count="2" type="stmt"/>
        <line num="10" count="7" type="stmt"/>
        <line num="20" count="8" type="cond" truecount="4" falsecount="0"/>
        <line num="21" count="2" type="stmt"/>
        <line num="26" count="6" type="cond" truecount="2" falsecount="0"/>
        <line num="28" count="3" type="stmt"/>
        <line num="34" count="3" type="stmt"/>
        <line num="38" count="6" type="stmt"/>
        <line num="42" count="2" type="stmt"/>
      </file>
      <file name="UpdateTaskUseCase.js" path="D:\VisualStudioCode\CodebaseWinter2025\CUOIKI\JS-TaskManager\business\usecases\tasks\UpdateTaskUseCase.js">
        <metrics statements="18" coveredstatements="17" conditionals="11" coveredconditionals="10" methods="2" coveredmethods="2"/>
        <line num="1" count="2" type="stmt"/>
        <line num="2" count="2" type="stmt"/>
        <line num="10" count="7" type="stmt"/>
        <line num="20" count="11" type="cond" truecount="5" falsecount="0"/>
        <line num="21" count="1" type="stmt"/>
        <line num="25" count="10" type="stmt"/>
        <line num="27" count="10" type="cond" truecount="2" falsecount="0"/>
        <line num="28" count="2" type="stmt"/>
        <line num="32" count="8" type="cond" truecount="2" falsecount="0"/>
        <line num="33" count="1" type="stmt"/>
        <line num="37" count="7" type="stmt"/>
        <line num="38" count="7" type="stmt"/>
        <line num="40" count="2" type="cond" truecount="1" falsecount="1"/>
        <line num="41" count="2" type="stmt"/>
        <line num="43" count="0" type="stmt"/>
        <line num="47" count="5" type="stmt"/>
        <line num="50" count="5" type="stmt"/>
        <line num="54" count="2" type="stmt"/>
      </file>
    </package>
    <package name="domain">
      <metrics statements="1" coveredstatements="0" conditionals="0" coveredconditionals="0" methods="0" coveredmethods="0"/>
      <file name="index.js" path="D:\VisualStudioCode\CodebaseWinter2025\CUOIKI\JS-TaskManager\domain\index.js">
        <metrics statements="1" coveredstatements="0" conditionals="0" coveredconditionals="0" methods="0" coveredmethods="0"/>
        <line num="4" count="0" type="stmt"/>
      </file>
    </package>
    <package name="domain.entities">
      <metrics statements="171" coveredstatements="162" conditionals="103" coveredconditionals="91" methods="45" coveredmethods="45"/>
      <file name="Task.js" path="D:\VisualStudioCode\CodebaseWinter2025\CUOIKI\JS-TaskManager\domain\entities\Task.js">
        <metrics statements="116" coveredstatements="107" conditionals="75" coveredconditionals="63" methods="31" coveredmethods="31"/>
        <line num="1" count="9" type="stmt"/>
        <line num="2" count="9" type="stmt"/>
        <line num="10" count="33" type="stmt"/>
        <line num="11" count="31" type="stmt"/>
        <line num="12" count="30" type="cond" truecount="2" falsecount="0"/>
        <line num="13" count="5" type="stmt"/>
        <line num="16" count="29" type="stmt"/>
        <line num="17" count="29" type="stmt"/>
        <line num="18" count="29" type="cond" truecount="2" falsecount="0"/>
        <line num="19" count="29" type="stmt"/>
        <line num="20" count="29" type="stmt"/>
        <line num="21" count="29" type="cond" truecount="2" falsecount="0"/>
        <line num="22" count="29" type="stmt"/>
        <line num="23" count="29" type="stmt"/>
        <line num="24" count="29" type="stmt"/>
        <line num="31" count="70" type="stmt"/>
        <line num="32" count="70" type="stmt"/>
        <line num="33" count="70" type="stmt"/>
        <line num="34" count="70" type="stmt"/>
        <line num="35" count="70" type="stmt"/>
        <line num="36" count="70" type="stmt"/>
        <line num="37" count="70" type="stmt"/>
        <line num="38" count="70" type="stmt"/>
        <line num="39" count="70" type="stmt"/>
        <line num="40" count="70" type="stmt"/>
        <line num="41" count="70" type="stmt"/>
        <line num="46" count="41" type="cond" truecount="4" falsecount="0"/>
        <line num="47" count="2" type="stmt"/>
        <line num="49" count="39" type="cond" truecount="1" falsecount="1"/>
        <line num="50" count="0" type="stmt"/>
        <line num="52" count="39" type="cond" truecount="2" falsecount="0"/>
        <line num="53" count="1" type="stmt"/>
        <line num="58" count="31" type="cond" truecount="2" falsecount="0"/>
        <line num="59" count="1" type="stmt"/>
        <line num="64" count="20" type="cond" truecount="2" falsecount="0"/>
        <line num="65" count="3" type="stmt"/>
        <line num="72" count="7" type="cond" truecount="1" falsecount="1"/>
        <line num="74" count="7" type="stmt"/>
        <line num="75" count="7" type="cond" truecount="1" falsecount="1"/>
        <line num="76" count="0" type="stmt"/>
        <line num="79" count="7" type="cond" truecount="1" falsecount="1"/>
        <line num="80" count="7" type="stmt"/>
        <line num="81" count="7" type="cond" truecount="2" falsecount="0"/>
        <line num="82" count="2" type="stmt"/>
        <line num="89" count="8" type="stmt"/>
        <line num="90" count="7" type="stmt"/>
        <line num="91" count="7" type="stmt"/>
        <line num="95" count="6" type="cond" truecount="2" falsecount="0"/>
        <line num="96" count="6" type="stmt"/>
        <line num="100" count="20" type="stmt"/>
        <line num="103" count="17" type="cond" truecount="4" falsecount="0"/>
        <line num="104" count="4" type="stmt"/>
        <line num="109" count="13" type="stmt"/>
        <line num="110" count="13" type="stmt"/>
        <line num="114" count="9" type="cond" truecount="4" falsecount="0"/>
        <line num="115" count="6" type="stmt"/>
        <line num="117" count="9" type="cond" truecount="2" falsecount="0"/>
        <line num="118" count="4" type="stmt"/>
        <line num="120" count="9" type="cond" truecount="4" falsecount="0"/>
        <line num="121" count="3" type="stmt"/>
        <line num="123" count="8" type="cond" truecount="4" falsecount="0"/>
        <line num="124" count="1" type="stmt"/>
        <line num="126" count="8" type="cond" truecount="2" falsecount="0"/>
        <line num="127" count="2" type="stmt"/>
        <line num="129" count="7" type="stmt"/>
        <line num="133" count="1" type="stmt"/>
        <line num="134" count="1" type="cond" truecount="1" falsecount="1"/>
        <line num="135" count="0" type="stmt"/>
        <line num="137" count="1" type="cond" truecount="3" falsecount="1"/>
        <line num="138" count="0" type="stmt"/>
        <line num="140" count="1" type="stmt"/>
        <line num="141" count="1" type="stmt"/>
        <line num="145" count="2" type="cond" truecount="1" falsecount="1"/>
        <line num="146" count="2" type="stmt"/>
        <line num="147" count="1" type="stmt"/>
        <line num="149" count="0" type="stmt"/>
        <line num="151" count="1" type="stmt"/>
        <line num="155" count="2" type="cond" truecount="2" falsecount="0"/>
        <line num="156" count="1" type="stmt"/>
        <line num="158" count="1" type="stmt"/>
        <line num="159" count="1" type="stmt"/>
        <line num="163" count="1" type="stmt"/>
        <line num="164" count="1" type="stmt"/>
        <line num="168" count="2" type="cond" truecount="2" falsecount="0"/>
        <line num="169" count="1" type="stmt"/>
        <line num="171" count="1" type="stmt"/>
        <line num="173" count="2" type="stmt"/>
        <line num="178" count="39" type="stmt"/>
        <line num="183" count="3" type="stmt"/>
        <line num="187" count="3" type="stmt"/>
        <line num="191" count="3" type="stmt"/>
        <line num="196" count="50" type="stmt"/>
        <line num="200" count="55" type="stmt"/>
        <line num="204" count="58" type="stmt"/>
        <line num="208" count="60" type="stmt"/>
        <line num="212" count="47" type="stmt"/>
        <line num="216" count="22" type="stmt"/>
        <line num="220" count="26" type="stmt"/>
        <line num="224" count="48" type="stmt"/>
        <line num="228" count="48" type="stmt"/>
        <line num="233" count="19" type="cond" truecount="1" falsecount="1"/>
        <line num="235" count="19" type="cond" truecount="2" falsecount="0"/>
        <line num="236" count="5" type="stmt"/>
        <line num="239" count="14" type="stmt"/>
        <line num="240" count="14" type="stmt"/>
        <line num="241" count="14" type="stmt"/>
        <line num="243" count="14" type="cond" truecount="1" falsecount="1"/>
        <line num="244" count="0" type="cond" truecount="0" falsecount="2"/>
        <line num="246" count="0" type="stmt"/>
        <line num="247" count="0" type="stmt"/>
        <line num="249" count="0" type="stmt"/>
        <line num="254" count="19" type="cond" truecount="4" falsecount="0"/>
        <line num="255" count="5" type="stmt"/>
        <line num="257" count="14" type="stmt"/>
        <line num="262" count="1" type="stmt"/>
        <line num="276" count="9" type="stmt"/>
      </file>
      <file name="User.js" path="D:\VisualStudioCode\CodebaseWinter2025\CUOIKI\JS-TaskManager\domain\entities\User.js">
        <metrics statements="55" coveredstatements="55" conditionals="28" coveredconditionals="28" methods="14" coveredmethods="14"/>
        <line num="1" count="7" type="stmt"/>
        <line num="9" count="24" type="stmt"/>
        <line num="10" count="20" type="stmt"/>
        <line num="11" count="18" type="stmt"/>
        <line num="13" count="15" type="stmt"/>
        <line num="14" count="15" type="stmt"/>
        <line num="15" count="15" type="stmt"/>
        <line num="16" count="15" type="stmt"/>
        <line num="17" count="15" type="stmt"/>
        <line num="18" count="15" type="stmt"/>
        <line num="25" count="56" type="stmt"/>
        <line num="26" count="56" type="stmt"/>
        <line num="27" count="56" type="stmt"/>
        <line num="28" count="56" type="stmt"/>
        <line num="29" count="56" type="stmt"/>
        <line num="30" count="56" type="stmt"/>
        <line num="31" count="56" type="stmt"/>
        <line num="32" count="56" type="stmt"/>
        <line num="37" count="27" type="cond" truecount="4" falsecount="0"/>
        <line num="38" count="1" type="stmt"/>
        <line num="40" count="26" type="cond" truecount="2" falsecount="0"/>
        <line num="41" count="2" type="stmt"/>
        <line num="43" count="24" type="cond" truecount="2" falsecount="0"/>
        <line num="44" count="1" type="stmt"/>
        <line num="46" count="23" type="cond" truecount="2" falsecount="0"/>
        <line num="47" count="1" type="stmt"/>
        <line num="52" count="23" type="cond" truecount="4" falsecount="0"/>
        <line num="53" count="1" type="stmt"/>
        <line num="55" count="22" type="stmt"/>
        <line num="56" count="22" type="cond" truecount="2" falsecount="0"/>
        <line num="57" count="2" type="stmt"/>
        <line num="62" count="20" type="cond" truecount="4" falsecount="0"/>
        <line num="63" count="1" type="stmt"/>
        <line num="65" count="19" type="cond" truecount="2" falsecount="0"/>
        <line num="66" count="2" type="stmt"/>
        <line num="68" count="17" type="cond" truecount="2" falsecount="0"/>
        <line num="69" count="1" type="stmt"/>
        <line num="75" count="5" type="cond" truecount="2" falsecount="0"/>
        <line num="76" count="3" type="stmt"/>
        <line num="77" count="2" type="stmt"/>
        <line num="79" count="4" type="cond" truecount="2" falsecount="0"/>
        <line num="80" count="3" type="stmt"/>
        <line num="81" count="2" type="stmt"/>
        <line num="83" count="3" type="stmt"/>
        <line num="87" count="2" type="stmt"/>
        <line num="88" count="1" type="stmt"/>
        <line num="89" count="1" type="stmt"/>
        <line num="94" count="55" type="stmt"/>
        <line num="98" count="58" type="stmt"/>
        <line num="102" count="62" type="stmt"/>
        <line num="106" count="13" type="stmt"/>
        <line num="110" count="4" type="stmt"/>
        <line num="114" count="2" type="stmt"/>
        <line num="119" count="1" type="stmt"/>
        <line num="129" count="7" type="stmt"/>
      </file>
    </package>
    <package name="domain.exceptions">
      <metrics statements="12" coveredstatements="11" conditionals="1" coveredconditionals="0" methods="8" coveredmethods="7"/>
      <file name="DomainException.js" path="D:\VisualStudioCode\CodebaseWinter2025\CUOIKI\JS-TaskManager\domain\exceptions\DomainException.js">
        <metrics statements="12" coveredstatements="11" conditionals="1" coveredconditionals="0" methods="8" coveredmethods="7"/>
        <line num="7" count="68" type="stmt"/>
        <line num="8" count="68" type="stmt"/>
        <line num="9" count="68" type="stmt"/>
        <line num="10" count="68" type="stmt"/>
        <line num="14" count="40" type="stmt"/>
        <line num="18" count="5" type="stmt"/>
        <line num="22" count="9" type="stmt"/>
        <line num="29" count="12" type="stmt"/>
        <line num="33" count="2" type="stmt"/>
        <line num="40" count="18" type="stmt"/>
        <line num="44" count="0" type="stmt"/>
        <line num="53" count="14" type="stmt"/>
      </file>
    </package>
    <package name="domain.valueobjects">
      <metrics statements="19" coveredstatements="19" conditionals="8" coveredconditionals="8" methods="4" coveredmethods="4"/>
      <file name="TaskStatus.js" path="D:\VisualStudioCode\CodebaseWinter2025\CUOIKI\JS-TaskManager\domain\valueobjects\TaskStatus.js">
        <metrics statements="19" coveredstatements="19" conditionals="8" coveredconditionals="8" methods="4" coveredmethods="4"/>
        <line num="6" count="11" type="stmt"/>
        <line num="7" count="11" type="stmt"/>
        <line num="8" count="11" type="stmt"/>
        <line num="11" count="86" type="stmt"/>
        <line num="15" count="76" type="stmt"/>
        <line num="19" count="50" type="cond" truecount="2" falsecount="0"/>
        <line num="20" count="3" type="stmt"/>
        <line num="23" count="47" type="stmt"/>
        <line num="24" count="47" type="cond" truecount="2" falsecount="0"/>
        <line num="25" count="41" type="stmt"/>
        <line num="29" count="6" type="stmt"/>
        <line num="30" count="14" type="stmt"/>
        <line num="33" count="6" type="cond" truecount="2" falsecount="0"/>
        <line num="34" count="3" type="stmt"/>
        <line num="39" count="3" type="stmt"/>
        <line num="40" count="3" type="cond" truecount="2" falsecount="0"/>
        <line num="41" count="2" type="stmt"/>
        <line num="44" count="1" type="stmt"/>
        <line num="48" count="11" type="stmt"/>
      </file>
    </package>
    <package name="infrastructure.config">
      <metrics statements="15" coveredstatements="11" conditionals="24" coveredconditionals="16" methods="10" coveredmethods="7"/>
      <file name="Config.js" path="D:\VisualStudioCode\CodebaseWinter2025\CUOIKI\JS-TaskManager\infrastructure\config\Config.js">
        <metrics statements="15" coveredstatements="11" conditionals="24" coveredconditionals="16" methods="10" coveredmethods="7"/>
        <line num="1" count="1" type="stmt"/>
        <line num="4" count="1" type="stmt"/>
        <line num="12" count="0" type="cond" truecount="0" falsecount="2"/>
        <line num="16" count="1" type="stmt"/>
        <line num="30" count="1" type="cond" truecount="3" falsecount="1"/>
        <line num="31" count="0" type="stmt"/>
        <line num="33" count="1" type="cond" truecount="2" falsecount="0"/>
        <line num="37" count="1" type="cond" truecount="2" falsecount="0"/>
        <line num="41" count="1" type="cond" truecount="1" falsecount="1"/>
        <line num="45" count="1" type="cond" truecount="2" falsecount="0"/>
        <line num="49" count="1" type="cond" truecount="2" falsecount="0"/>
        <line num="53" count="0" type="stmt"/>
        <line num="57" count="1" type="stmt"/>
        <line num="61" count="0" type="stmt"/>
        <line num="65" count="1" type="stmt"/>
      </file>
    </package>
    <package name="infrastructure.database">
      <metrics statements="34" coveredstatements="17" conditionals="20" coveredconditionals="13" methods="10" coveredmethods="4"/>
      <file name="SqlServerDatabase.js" path="D:\VisualStudioCode\CodebaseWinter2025\CUOIKI\JS-TaskManager\infrastructure\database\SqlServerDatabase.js">
        <metrics statements="34" coveredstatements="17" conditionals="20" coveredconditionals="13" methods="10" coveredmethods="4"/>
        <line num="1" count="3" type="stmt"/>
        <line num="9" count="3" type="stmt"/>
        <line num="10" count="3" type="stmt"/>
        <line num="24" count="3" type="stmt"/>
        <line num="25" count="3" type="stmt"/>
        <line num="46" count="3" type="stmt"/>
        <line num="47" count="3" type="stmt"/>
        <line num="48" count="3" type="stmt"/>
        <line num="49" count="3" type="stmt"/>
        <line num="50" count="3" type="stmt"/>
        <line num="52" count="0" type="stmt"/>
        <line num="53" count="0" type="stmt"/>
        <line num="61" count="3" type="cond" truecount="1" falsecount="1"/>
        <line num="62" count="3" type="stmt"/>
        <line num="63" count="3" type="stmt"/>
        <line num="64" count="3" type="stmt"/>
        <line num="72" count="0" type="cond" truecount="0" falsecount="2"/>
        <line num="79" count="125" type="cond" truecount="1" falsecount="1"/>
        <line num="80" count="0" type="stmt"/>
        <line num="82" count="125" type="stmt"/>
        <line num="89" count="0" type="stmt"/>
        <line num="92" count="0" type="stmt"/>
        <line num="93" count="0" type="stmt"/>
        <line num="96" count="0" type="stmt"/>
        <line num="97" count="0" type="stmt"/>
        <line num="104" count="0" type="stmt"/>
        <line num="107" count="0" type="stmt"/>
        <line num="108" count="0" type="stmt"/>
        <line num="111" count="0" type="stmt"/>
        <line num="112" count="0" type="stmt"/>
        <line num="119" count="0" type="stmt"/>
        <line num="120" count="0" type="stmt"/>
        <line num="121" count="0" type="stmt"/>
        <line num="125" count="3" type="stmt"/>
      </file>
    </package>
    <package name="infrastructure.database.models">
      <metrics statements="78" coveredstatements="66" conditionals="27" coveredconditionals="19" methods="19" coveredmethods="15"/>
      <file name="TaskModel.js" path="D:\VisualStudioCode\CodebaseWinter2025\CUOIKI\JS-TaskManager\infrastructure\database\models\TaskModel.js">
        <metrics statements="49" coveredstatements="43" conditionals="21" coveredconditionals="13" methods="10" coveredmethods="8"/>
        <line num="1" count="2" type="stmt"/>
        <line num="21" count="2" type="stmt"/>
        <line num="27" count="8" type="stmt"/>
        <line num="28" count="8" type="stmt"/>
        <line num="40" count="8" type="stmt"/>
        <line num="47" count="41" type="stmt"/>
        <line num="48" count="41" type="stmt"/>
        <line num="51" count="41" type="cond" truecount="2" falsecount="0"/>
        <line num="58" count="3" type="stmt"/>
        <line num="59" count="3" type="stmt"/>
        <line num="66" count="3" type="stmt"/>
        <line num="73" count="3" type="stmt"/>
        <line num="74" count="3" type="stmt"/>
        <line num="82" count="3" type="stmt"/>
        <line num="89" count="6" type="stmt"/>
        <line num="92" count="6" type="stmt"/>
        <line num="93" count="6" type="stmt"/>
        <line num="95" count="6" type="cond" truecount="1" falsecount="1"/>
        <line num="96" count="6" type="stmt"/>
        <line num="97" count="6" type="stmt"/>
        <line num="99" count="6" type="cond" truecount="1" falsecount="1"/>
        <line num="100" count="6" type="cond" truecount="1" falsecount="1"/>
        <line num="101" count="6" type="stmt"/>
        <line num="103" count="6" type="cond" truecount="1" falsecount="1"/>
        <line num="104" count="6" type="stmt"/>
        <line num="105" count="6" type="stmt"/>
        <line num="107" count="6" type="cond" truecount="1" falsecount="1"/>
        <line num="108" count="6" type="stmt"/>
        <line num="109" count="6" type="stmt"/>
        <line num="112" count="6" type="cond" truecount="1" falsecount="1"/>
        <line num="113" count="0" type="stmt"/>
        <line num="116" count="6" type="stmt"/>
        <line num="119" count="6" type="stmt"/>
        <line num="120" count="6" type="stmt"/>
        <line num="123" count="6" type="stmt"/>
        <line num="130" count="6" type="stmt"/>
        <line num="132" count="6" type="stmt"/>
        <line num="142" count="6" type="stmt"/>
        <line num="149" count="8" type="stmt"/>
        <line num="150" count="8" type="stmt"/>
        <line num="159" count="0" type="stmt"/>
        <line num="160" count="0" type="stmt"/>
        <line num="169" count="8" type="stmt"/>
        <line num="170" count="8" type="stmt"/>
        <line num="177" count="8" type="stmt"/>
        <line num="184" count="0" type="stmt"/>
        <line num="185" count="0" type="stmt"/>
        <line num="201" count="0" type="stmt"/>
        <line num="205" count="2" type="stmt"/>
      </file>
      <file name="UserModel.js" path="D:\VisualStudioCode\CodebaseWinter2025\CUOIKI\JS-TaskManager\infrastructure\database\models\UserModel.js">
        <metrics statements="29" coveredstatements="23" conditionals="6" coveredconditionals="6" methods="9" coveredmethods="7"/>
        <line num="1" count="3" type="stmt"/>
        <line num="18" count="3" type="stmt"/>
        <line num="24" count="4" type="stmt"/>
        <line num="25" count="4" type="stmt"/>
        <line num="34" count="4" type="stmt"/>
        <line num="41" count="44" type="stmt"/>
        <line num="42" count="44" type="stmt"/>
        <line num="45" count="44" type="cond" truecount="2" falsecount="0"/>
        <line num="52" count="4" type="stmt"/>
        <line num="53" count="4" type="stmt"/>
        <line num="56" count="4" type="cond" truecount="2" falsecount="0"/>
        <line num="63" count="1" type="stmt"/>
        <line num="64" count="1" type="stmt"/>
        <line num="67" count="1" type="cond" truecount="2" falsecount="0"/>
        <line num="74" count="2" type="stmt"/>
        <line num="75" count="2" type="stmt"/>
        <line num="78" count="2" type="stmt"/>
        <line num="85" count="2" type="stmt"/>
        <line num="86" count="2" type="stmt"/>
        <line num="89" count="2" type="stmt"/>
        <line num="96" count="0" type="stmt"/>
        <line num="98" count="0" type="stmt"/>
        <line num="109" count="0" type="stmt"/>
        <line num="116" count="0" type="stmt"/>
        <line num="118" count="0" type="stmt"/>
        <line num="128" count="0" type="stmt"/>
        <line num="135" count="3" type="stmt"/>
        <line num="136" count="3" type="stmt"/>
        <line num="142" count="3" type="stmt"/>
      </file>
    </package>
    <package name="infrastructure.security">
      <metrics statements="34" coveredstatements="24" conditionals="20" coveredconditionals="9" methods="7" coveredmethods="6"/>
      <file name="BcryptPasswordService.js" path="D:\VisualStudioCode\CodebaseWinter2025\CUOIKI\JS-TaskManager\infrastructure\security\BcryptPasswordService.js">
        <metrics statements="11" coveredstatements="9" conditionals="7" coveredconditionals="4" methods="3" coveredmethods="3"/>
        <line num="1" count="1" type="stmt"/>
        <line num="2" count="1" type="stmt"/>
        <line num="10" count="1" type="stmt"/>
        <line num="11" count="1" type="stmt"/>
        <line num="18" count="1" type="cond" truecount="1" falsecount="1"/>
        <line num="19" count="0" type="stmt"/>
        <line num="21" count="1" type="stmt"/>
        <line num="28" count="1" type="cond" truecount="3" falsecount="1"/>
        <line num="29" count="0" type="stmt"/>
        <line num="31" count="1" type="stmt"/>
        <line num="35" count="1" type="stmt"/>
      </file>
      <file name="JwtTokenService.js" path="D:\VisualStudioCode\CodebaseWinter2025\CUOIKI\JS-TaskManager\infrastructure\security\JwtTokenService.js">
        <metrics statements="23" coveredstatements="15" conditionals="13" coveredconditionals="5" methods="4" coveredmethods="3"/>
        <line num="1" count="1" type="stmt"/>
        <line num="2" count="1" type="stmt"/>
        <line num="10" count="1" type="stmt"/>
        <line num="11" count="1" type="cond" truecount="1" falsecount="1"/>
        <line num="12" count="0" type="stmt"/>
        <line num="14" count="1" type="stmt"/>
        <line num="15" count="1" type="stmt"/>
        <line num="22" count="1" type="cond" truecount="1" falsecount="1"/>
        <line num="23" count="0" type="stmt"/>
        <line num="26" count="1" type="stmt"/>
        <line num="35" count="39" type="cond" truecount="1" falsecount="1"/>
        <line num="36" count="0" type="stmt"/>
        <line num="39" count="39" type="stmt"/>
        <line num="40" count="39" type="stmt"/>
        <line num="42" count="1" type="cond" truecount="1" falsecount="1"/>
        <line num="43" count="0" type="stmt"/>
        <line num="45" count="1" type="cond" truecount="1" falsecount="1"/>
        <line num="46" count="1" type="stmt"/>
        <line num="48" count="0" type="stmt"/>
        <line num="56" count="0" type="cond" truecount="0" falsecount="2"/>
        <line num="57" count="0" type="stmt"/>
        <line num="59" count="0" type="stmt"/>
        <line num="63" count="1" type="stmt"/>
      </file>
    </package>
  </project>
</coverage>
