{"D:\\VisualStudioCode\\CodebaseWinter2025\\CUOIKI\\JS-TaskManager\\adapters\\controllers\\AuthController.js": {"path":"D:\\VisualStudioCode\\CodebaseWinter2025\\CUOIKI\\JS-TaskManager\\adapters\\controllers\\AuthController.js","statementMap":{"0":{"start":{"line":1,"column":33},"end":{"line":1,"column":78}},"1":{"start":{"line":2,"column":30},"end":{"line":2,"column":72}},"2":{"start":{"line":3,"column":28},"end":{"line":3,"column":78}},"3":{"start":{"line":11,"column":8},"end":{"line":11,"column":47}},"4":{"start":{"line":12,"column":8},"end":{"line":12,"column":41}},"5":{"start":{"line":13,"column":8},"end":{"line":13,"column":53}},"6":{"start":{"line":20,"column":8},"end":{"line":48,"column":9}},"7":{"start":{"line":21,"column":50},"end":{"line":21,"column":58}},"8":{"start":{"line":24,"column":12},"end":{"line":29,"column":13}},"9":{"start":{"line":25,"column":16},"end":{"line":28,"column":19}},"10":{"start":{"line":32,"column":29},"end":{"line":32,"column":80}},"11":{"start":{"line":35,"column":30},"end":{"line":35,"column":74}},"12":{"start":{"line":38,"column":12},"end":{"line":44,"column":15}},"13":{"start":{"line":47,"column":12},"end":{"line":47,"column":48}},"14":{"start":{"line":55,"column":8},"end":{"line":81,"column":9}},"15":{"start":{"line":56,"column":40},"end":{"line":56,"column":48}},"16":{"start":{"line":59,"column":12},"end":{"line":64,"column":13}},"17":{"start":{"line":60,"column":16},"end":{"line":63,"column":19}},"18":{"start":{"line":67,"column":29},"end":{"line":67,"column":67}},"19":{"start":{"line":70,"column":30},"end":{"line":70,"column":71}},"20":{"start":{"line":73,"column":12},"end":{"line":77,"column":15}},"21":{"start":{"line":80,"column":12},"end":{"line":80,"column":48}},"22":{"start":{"line":89,"column":8},"end":{"line":112,"column":9}},"23":{"start":{"line":91,"column":31},"end":{"line":91,"column":56}},"24":{"start":{"line":92,"column":12},"end":{"line":97,"column":13}},"25":{"start":{"line":93,"column":16},"end":{"line":96,"column":19}},"26":{"start":{"line":99,"column":26},"end":{"line":99,"column":49}},"27":{"start":{"line":102,"column":25},"end":{"line":102,"column":69}},"28":{"start":{"line":105,"column":12},"end":{"line":108,"column":15}},"29":{"start":{"line":111,"column":12},"end":{"line":111,"column":48}},"30":{"start":{"line":120,"column":8},"end":{"line":123,"column":11}},"31":{"start":{"line":130,"column":8},"end":{"line":137,"column":9}},"32":{"start":{"line":131,"column":31},"end":{"line":131,"column":74}},"33":{"start":{"line":132,"column":12},"end":{"line":136,"column":15}},"34":{"start":{"line":140,"column":8},"end":{"line":140,"column":50}},"35":{"start":{"line":141,"column":8},"end":{"line":144,"column":11}},"36":{"start":{"line":151,"column":26},"end":{"line":151,"column":50}},"37":{"start":{"line":152,"column":8},"end":{"line":163,"column":9}},"38":{"start":{"line":154,"column":16},"end":{"line":154,"column":27}},"39":{"start":{"line":156,"column":16},"end":{"line":156,"column":27}},"40":{"start":{"line":158,"column":16},"end":{"line":158,"column":27}},"41":{"start":{"line":160,"column":16},"end":{"line":160,"column":27}},"42":{"start":{"line":162,"column":16},"end":{"line":162,"column":27}},"43":{"start":{"line":167,"column":0},"end":{"line":167,"column":36}}},"fnMap":{"0":{"name":"(anonymous_0)","decl":{"start":{"line":10,"column":4},"end":{"line":10,"column":5}},"loc":{"start":{"line":10,"column":67},"end":{"line":14,"column":5}},"line":10},"1":{"name":"(anonymous_1)","decl":{"start":{"line":19,"column":4},"end":{"line":19,"column":5}},"loc":{"start":{"line":19,"column":29},"end":{"line":49,"column":5}},"line":19},"2":{"name":"(anonymous_2)","decl":{"start":{"line":54,"column":4},"end":{"line":54,"column":5}},"loc":{"start":{"line":54,"column":26},"end":{"line":82,"column":5}},"line":54},"3":{"name":"(anonymous_3)","decl":{"start":{"line":88,"column":4},"end":{"line":88,"column":5}},"loc":{"start":{"line":88,"column":35},"end":{"line":113,"column":5}},"line":88},"4":{"name":"(anonymous_4)","decl":{"start":{"line":119,"column":4},"end":{"line":119,"column":5}},"loc":{"start":{"line":119,"column":21},"end":{"line":124,"column":5}},"line":119},"5":{"name":"(anonymous_5)","decl":{"start":{"line":129,"column":4},"end":{"line":129,"column":5}},"loc":{"start":{"line":129,"column":28},"end":{"line":145,"column":5}},"line":129},"6":{"name":"(anonymous_6)","decl":{"start":{"line":150,"column":4},"end":{"line":150,"column":5}},"loc":{"start":{"line":150,"column":47},"end":{"line":164,"column":5}},"line":150}},"branchMap":{"0":{"loc":{"start":{"line":24,"column":12},"end":{"line":29,"column":13}},"type":"if","locations":[{"start":{"line":24,"column":12},"end":{"line":29,"column":13}},{"start":{},"end":{}}],"line":24},"1":{"loc":{"start":{"line":24,"column":16},"end":{"line":24,"column":48}},"type":"binary-expr","locations":[{"start":{"line":24,"column":16},"end":{"line":24,"column":25}},{"start":{"line":24,"column":29},"end":{"line":24,"column":35}},{"start":{"line":24,"column":39},"end":{"line":24,"column":48}}],"line":24},"2":{"loc":{"start":{"line":59,"column":12},"end":{"line":64,"column":13}},"type":"if","locations":[{"start":{"line":59,"column":12},"end":{"line":64,"column":13}},{"start":{},"end":{}}],"line":59},"3":{"loc":{"start":{"line":59,"column":16},"end":{"line":59,"column":35}},"type":"binary-expr","locations":[{"start":{"line":59,"column":16},"end":{"line":59,"column":22}},{"start":{"line":59,"column":26},"end":{"line":59,"column":35}}],"line":59},"4":{"loc":{"start":{"line":92,"column":12},"end":{"line":97,"column":13}},"type":"if","locations":[{"start":{"line":92,"column":12},"end":{"line":97,"column":13}},{"start":{},"end":{}}],"line":92},"5":{"loc":{"start":{"line":92,"column":16},"end":{"line":92,"column":64}},"type":"binary-expr","locations":[{"start":{"line":92,"column":16},"end":{"line":92,"column":27}},{"start":{"line":92,"column":31},"end":{"line":92,"column":64}}],"line":92},"6":{"loc":{"start":{"line":130,"column":8},"end":{"line":137,"column":9}},"type":"if","locations":[{"start":{"line":130,"column":8},"end":{"line":137,"column":9}},{"start":{},"end":{}}],"line":130},"7":{"loc":{"start":{"line":152,"column":8},"end":{"line":163,"column":9}},"type":"switch","locations":[{"start":{"line":153,"column":12},"end":{"line":154,"column":27}},{"start":{"line":155,"column":12},"end":{"line":156,"column":27}},{"start":{"line":157,"column":12},"end":{"line":158,"column":27}},{"start":{"line":159,"column":12},"end":{"line":160,"column":27}},{"start":{"line":161,"column":12},"end":{"line":162,"column":27}}],"line":152}},"s":{"0":1,"1":1,"2":1,"3":1,"4":1,"5":1,"6":1,"7":1,"8":1,"9":0,"10":1,"11":1,"12":1,"13":0,"14":1,"15":1,"16":1,"17":0,"18":1,"19":1,"20":1,"21":0,"22":0,"23":0,"24":0,"25":0,"26":0,"27":0,"28":0,"29":0,"30":0,"31":0,"32":0,"33":0,"34":0,"35":0,"36":0,"37":0,"38":0,"39":0,"40":0,"41":0,"42":0,"43":1},"f":{"0":1,"1":1,"2":1,"3":0,"4":0,"5":0,"6":0},"b":{"0":[0,1],"1":[1,1,1],"2":[0,1],"3":[1,1],"4":[0,0],"5":[0,0],"6":[0,0],"7":[0,0,0,0,0]},"_coverageSchema":"1a1c01bbd47fc00a2c39e90264f33305004495a9","hash":"6ea43ed16672a8720993d256a482b13365be3560"}
,"D:\\VisualStudioCode\\CodebaseWinter2025\\CUOIKI\\JS-TaskManager\\adapters\\controllers\\TaskController.js": {"path":"D:\\VisualStudioCode\\CodebaseWinter2025\\CUOIKI\\JS-TaskManager\\adapters\\controllers\\TaskController.js","statementMap":{"0":{"start":{"line":7,"column":4},"end":{"line":7,"column":29}},"1":{"start":{"line":8,"column":28},"end":{"line":8,"column":78}},"2":{"start":{"line":24,"column":8},"end":{"line":24,"column":51}},"3":{"start":{"line":25,"column":8},"end":{"line":25,"column":47}},"4":{"start":{"line":26,"column":8},"end":{"line":26,"column":53}},"5":{"start":{"line":27,"column":8},"end":{"line":27,"column":51}},"6":{"start":{"line":28,"column":8},"end":{"line":28,"column":51}},"7":{"start":{"line":29,"column":8},"end":{"line":29,"column":63}},"8":{"start":{"line":30,"column":8},"end":{"line":30,"column":65}},"9":{"start":{"line":38,"column":8},"end":{"line":74,"column":9}},"10":{"start":{"line":39,"column":64},"end":{"line":39,"column":72}},"11":{"start":{"line":40,"column":27},"end":{"line":40,"column":42}},"12":{"start":{"line":42,"column":12},"end":{"line":47,"column":13}},"13":{"start":{"line":43,"column":16},"end":{"line":46,"column":19}},"14":{"start":{"line":49,"column":29},"end":{"line":55,"column":13}},"15":{"start":{"line":56,"column":30},"end":{"line":56,"column":76}},"16":{"start":{"line":58,"column":12},"end":{"line":70,"column":15}},"17":{"start":{"line":73,"column":12},"end":{"line":73,"column":48}},"18":{"start":{"line":82,"column":8},"end":{"line":112,"column":9}},"19":{"start":{"line":83,"column":27},"end":{"line":83,"column":42}},"20":{"start":{"line":84,"column":31},"end":{"line":84,"column":40}},"21":{"start":{"line":86,"column":29},"end":{"line":86,"column":65}},"22":{"start":{"line":87,"column":30},"end":{"line":87,"column":74}},"23":{"start":{"line":90,"column":26},"end":{"line":102,"column":15}},"24":{"start":{"line":90,"column":55},"end":{"line":102,"column":13}},"25":{"start":{"line":104,"column":12},"end":{"line":108,"column":15}},"26":{"start":{"line":111,"column":12},"end":{"line":111,"column":48}},"27":{"start":{"line":120,"column":8},"end":{"line":145,"column":9}},"28":{"start":{"line":121,"column":27},"end":{"line":121,"column":40}},"29":{"start":{"line":122,"column":27},"end":{"line":122,"column":42}},"30":{"start":{"line":124,"column":29},"end":{"line":124,"column":64}},"31":{"start":{"line":125,"column":30},"end":{"line":125,"column":77}},"32":{"start":{"line":127,"column":12},"end":{"line":141,"column":15}},"33":{"start":{"line":144,"column":12},"end":{"line":144,"column":48}},"34":{"start":{"line":153,"column":8},"end":{"line":185,"column":9}},"35":{"start":{"line":154,"column":27},"end":{"line":154,"column":40}},"36":{"start":{"line":155,"column":27},"end":{"line":155,"column":42}},"37":{"start":{"line":156,"column":72},"end":{"line":156,"column":80}},"38":{"start":{"line":158,"column":29},"end":{"line":166,"column":13}},"39":{"start":{"line":167,"column":30},"end":{"line":167,"column":76}},"40":{"start":{"line":169,"column":12},"end":{"line":181,"column":15}},"41":{"start":{"line":184,"column":12},"end":{"line":184,"column":48}},"42":{"start":{"line":193,"column":8},"end":{"line":207,"column":9}},"43":{"start":{"line":194,"column":27},"end":{"line":194,"column":40}},"44":{"start":{"line":195,"column":27},"end":{"line":195,"column":42}},"45":{"start":{"line":197,"column":29},"end":{"line":197,"column":67}},"46":{"start":{"line":198,"column":30},"end":{"line":198,"column":76}},"47":{"start":{"line":200,"column":12},"end":{"line":203,"column":15}},"48":{"start":{"line":206,"column":12},"end":{"line":206,"column":48}},"49":{"start":{"line":215,"column":8},"end":{"line":248,"column":9}},"50":{"start":{"line":216,"column":27},"end":{"line":216,"column":40}},"51":{"start":{"line":217,"column":27},"end":{"line":217,"column":42}},"52":{"start":{"line":218,"column":31},"end":{"line":218,"column":39}},"53":{"start":{"line":220,"column":12},"end":{"line":225,"column":13}},"54":{"start":{"line":221,"column":16},"end":{"line":224,"column":19}},"55":{"start":{"line":227,"column":27},"end":{"line":227,"column":93}},"56":{"start":{"line":229,"column":12},"end":{"line":244,"column":15}},"57":{"start":{"line":247,"column":12},"end":{"line":247,"column":48}},"58":{"start":{"line":256,"column":8},"end":{"line":268,"column":9}},"59":{"start":{"line":257,"column":27},"end":{"line":257,"column":42}},"60":{"start":{"line":259,"column":31},"end":{"line":259,"column":82}},"61":{"start":{"line":261,"column":12},"end":{"line":264,"column":15}},"62":{"start":{"line":267,"column":12},"end":{"line":267,"column":48}},"63":{"start":{"line":275,"column":8},"end":{"line":282,"column":9}},"64":{"start":{"line":276,"column":31},"end":{"line":276,"column":74}},"65":{"start":{"line":277,"column":12},"end":{"line":281,"column":15}},"66":{"start":{"line":284,"column":8},"end":{"line":284,"column":50}},"67":{"start":{"line":285,"column":8},"end":{"line":288,"column":11}},"68":{"start":{"line":295,"column":26},"end":{"line":295,"column":50}},"69":{"start":{"line":296,"column":8},"end":{"line":307,"column":9}},"70":{"start":{"line":298,"column":16},"end":{"line":298,"column":27}},"71":{"start":{"line":300,"column":16},"end":{"line":300,"column":27}},"72":{"start":{"line":302,"column":16},"end":{"line":302,"column":27}},"73":{"start":{"line":304,"column":16},"end":{"line":304,"column":27}},"74":{"start":{"line":306,"column":16},"end":{"line":306,"column":27}},"75":{"start":{"line":311,"column":0},"end":{"line":311,"column":36}}},"fnMap":{"0":{"name":"(anonymous_0)","decl":{"start":{"line":15,"column":4},"end":{"line":15,"column":5}},"loc":{"start":{"line":23,"column":6},"end":{"line":31,"column":5}},"line":23},"1":{"name":"(anonymous_1)","decl":{"start":{"line":37,"column":4},"end":{"line":37,"column":5}},"loc":{"start":{"line":37,"column":31},"end":{"line":75,"column":5}},"line":37},"2":{"name":"(anonymous_2)","decl":{"start":{"line":81,"column":4},"end":{"line":81,"column":5}},"loc":{"start":{"line":81,"column":29},"end":{"line":113,"column":5}},"line":81},"3":{"name":"(anonymous_3)","decl":{"start":{"line":90,"column":46},"end":{"line":90,"column":47}},"loc":{"start":{"line":90,"column":55},"end":{"line":102,"column":13}},"line":90},"4":{"name":"(anonymous_4)","decl":{"start":{"line":119,"column":4},"end":{"line":119,"column":5}},"loc":{"start":{"line":119,"column":32},"end":{"line":146,"column":5}},"line":119},"5":{"name":"(anonymous_5)","decl":{"start":{"line":152,"column":4},"end":{"line":152,"column":5}},"loc":{"start":{"line":152,"column":31},"end":{"line":186,"column":5}},"line":152},"6":{"name":"(anonymous_6)","decl":{"start":{"line":192,"column":4},"end":{"line":192,"column":5}},"loc":{"start":{"line":192,"column":31},"end":{"line":208,"column":5}},"line":192},"7":{"name":"(anonymous_7)","decl":{"start":{"line":214,"column":4},"end":{"line":214,"column":5}},"loc":{"start":{"line":214,"column":33},"end":{"line":249,"column":5}},"line":214},"8":{"name":"(anonymous_8)","decl":{"start":{"line":255,"column":4},"end":{"line":255,"column":5}},"loc":{"start":{"line":255,"column":34},"end":{"line":269,"column":5}},"line":255},"9":{"name":"(anonymous_9)","decl":{"start":{"line":274,"column":4},"end":{"line":274,"column":5}},"loc":{"start":{"line":274,"column":28},"end":{"line":289,"column":5}},"line":274},"10":{"name":"(anonymous_10)","decl":{"start":{"line":294,"column":4},"end":{"line":294,"column":5}},"loc":{"start":{"line":294,"column":47},"end":{"line":308,"column":5}},"line":294}},"branchMap":{"0":{"loc":{"start":{"line":42,"column":12},"end":{"line":47,"column":13}},"type":"if","locations":[{"start":{"line":42,"column":12},"end":{"line":47,"column":13}},{"start":{},"end":{}}],"line":42},"1":{"loc":{"start":{"line":53,"column":16},"end":{"line":53,"column":59}},"type":"cond-expr","locations":[{"start":{"line":53,"column":28},"end":{"line":53,"column":47}},{"start":{"line":53,"column":50},"end":{"line":53,"column":59}}],"line":53},"2":{"loc":{"start":{"line":54,"column":16},"end":{"line":54,"column":57}},"type":"cond-expr","locations":[{"start":{"line":54,"column":27},"end":{"line":54,"column":45}},{"start":{"line":54,"column":48},"end":{"line":54,"column":57}}],"line":54},"3":{"loc":{"start":{"line":164,"column":16},"end":{"line":164,"column":59}},"type":"cond-expr","locations":[{"start":{"line":164,"column":28},"end":{"line":164,"column":47}},{"start":{"line":164,"column":50},"end":{"line":164,"column":59}}],"line":164},"4":{"loc":{"start":{"line":165,"column":16},"end":{"line":165,"column":57}},"type":"cond-expr","locations":[{"start":{"line":165,"column":27},"end":{"line":165,"column":45}},{"start":{"line":165,"column":48},"end":{"line":165,"column":57}}],"line":165},"5":{"loc":{"start":{"line":220,"column":12},"end":{"line":225,"column":13}},"type":"if","locations":[{"start":{"line":220,"column":12},"end":{"line":225,"column":13}},{"start":{},"end":{}}],"line":220},"6":{"loc":{"start":{"line":275,"column":8},"end":{"line":282,"column":9}},"type":"if","locations":[{"start":{"line":275,"column":8},"end":{"line":282,"column":9}},{"start":{},"end":{}}],"line":275},"7":{"loc":{"start":{"line":296,"column":8},"end":{"line":307,"column":9}},"type":"switch","locations":[{"start":{"line":297,"column":12},"end":{"line":298,"column":27}},{"start":{"line":299,"column":12},"end":{"line":300,"column":27}},{"start":{"line":301,"column":12},"end":{"line":302,"column":27}},{"start":{"line":303,"column":12},"end":{"line":304,"column":27}},{"start":{"line":305,"column":12},"end":{"line":306,"column":27}}],"line":296}},"s":{"0":1,"1":1,"2":1,"3":1,"4":1,"5":1,"6":1,"7":1,"8":1,"9":9,"10":9,"11":9,"12":9,"13":1,"14":8,"15":8,"16":7,"17":1,"18":2,"19":2,"20":2,"21":2,"22":2,"23":2,"24":2,"25":2,"26":0,"27":7,"28":7,"29":7,"30":7,"31":7,"32":5,"33":2,"34":5,"35":5,"36":5,"37":5,"38":5,"39":5,"40":3,"41":2,"42":8,"43":8,"44":8,"45":8,"46":8,"47":7,"48":1,"49":6,"50":6,"51":6,"52":6,"53":6,"54":0,"55":6,"56":3,"57":3,"58":1,"59":1,"60":1,"61":1,"62":0,"63":9,"64":9,"65":9,"66":0,"67":0,"68":9,"69":9,"70":3,"71":1,"72":0,"73":5,"74":0,"75":1},"f":{"0":1,"1":9,"2":2,"3":2,"4":7,"5":5,"6":8,"7":6,"8":1,"9":9,"10":9},"b":{"0":[1,8],"1":[5,3],"2":[5,3],"3":[1,4],"4":[2,3],"5":[0,6],"6":[9,0],"7":[3,1,0,5,0]},"_coverageSchema":"1a1c01bbd47fc00a2c39e90264f33305004495a9","hash":"2267060e0e2a07d4bbfe5902720394806523a781"}
,"D:\\VisualStudioCode\\CodebaseWinter2025\\CUOIKI\\JS-TaskManager\\adapters\\middleware\\AuthMiddleware.js": {"path":"D:\\VisualStudioCode\\CodebaseWinter2025\\CUOIKI\\JS-TaskManager\\adapters\\middleware\\AuthMiddleware.js","statementMap":{"0":{"start":{"line":7,"column":8},"end":{"line":7,"column":53}},"1":{"start":{"line":14,"column":8},"end":{"line":43,"column":10}},"2":{"start":{"line":15,"column":12},"end":{"line":42,"column":13}},"3":{"start":{"line":17,"column":35},"end":{"line":17,"column":60}},"4":{"start":{"line":19,"column":16},"end":{"line":24,"column":17}},"5":{"start":{"line":20,"column":20},"end":{"line":23,"column":23}},"6":{"start":{"line":26,"column":30},"end":{"line":26,"column":53}},"7":{"start":{"line":29,"column":29},"end":{"line":29,"column":73}},"8":{"start":{"line":32,"column":16},"end":{"line":32,"column":32}},"9":{"start":{"line":35,"column":16},"end":{"line":35,"column":23}},"10":{"start":{"line":38,"column":16},"end":{"line":41,"column":19}},"11":{"start":{"line":47,"column":0},"end":{"line":47,"column":36}}},"fnMap":{"0":{"name":"(anonymous_0)","decl":{"start":{"line":6,"column":4},"end":{"line":6,"column":5}},"loc":{"start":{"line":6,"column":36},"end":{"line":8,"column":5}},"line":6},"1":{"name":"(anonymous_1)","decl":{"start":{"line":13,"column":4},"end":{"line":13,"column":5}},"loc":{"start":{"line":13,"column":19},"end":{"line":44,"column":5}},"line":13},"2":{"name":"(anonymous_2)","decl":{"start":{"line":14,"column":15},"end":{"line":14,"column":16}},"loc":{"start":{"line":14,"column":41},"end":{"line":43,"column":9}},"line":14}},"branchMap":{"0":{"loc":{"start":{"line":19,"column":16},"end":{"line":24,"column":17}},"type":"if","locations":[{"start":{"line":19,"column":16},"end":{"line":24,"column":17}},{"start":{},"end":{}}],"line":19},"1":{"loc":{"start":{"line":19,"column":20},"end":{"line":19,"column":68}},"type":"binary-expr","locations":[{"start":{"line":19,"column":20},"end":{"line":19,"column":31}},{"start":{"line":19,"column":35},"end":{"line":19,"column":68}}],"line":19},"2":{"loc":{"start":{"line":40,"column":27},"end":{"line":40,"column":70}},"type":"binary-expr","locations":[{"start":{"line":40,"column":27},"end":{"line":40,"column":40}},{"start":{"line":40,"column":44},"end":{"line":40,"column":70}}],"line":40}},"s":{"0":1,"1":1,"2":44,"3":44,"4":44,"5":5,"6":39,"7":39,"8":38,"9":38,"10":1,"11":1},"f":{"0":1,"1":1,"2":44},"b":{"0":[5,39],"1":[44,39],"2":[1,0]},"_coverageSchema":"1a1c01bbd47fc00a2c39e90264f33305004495a9","hash":"25057763776af8db26dd46ecbee43351572f8511"}
,"D:\\VisualStudioCode\\CodebaseWinter2025\\CUOIKI\\JS-TaskManager\\adapters\\middleware\\ErrorHandlerMiddleware.js": {"path":"D:\\VisualStudioCode\\CodebaseWinter2025\\CUOIKI\\JS-TaskManager\\adapters\\middleware\\ErrorHandlerMiddleware.js","statementMap":{"0":{"start":{"line":1,"column":28},"end":{"line":1,"column":78}},"1":{"start":{"line":2,"column":19},"end":{"line":2,"column":64}},"2":{"start":{"line":18,"column":8},"end":{"line":18,"column":50}},"3":{"start":{"line":21,"column":8},"end":{"line":23,"column":9}},"4":{"start":{"line":22,"column":12},"end":{"line":22,"column":74}},"5":{"start":{"line":26,"column":8},"end":{"line":31,"column":9}},"6":{"start":{"line":27,"column":12},"end":{"line":30,"column":15}},"7":{"start":{"line":33,"column":8},"end":{"line":38,"column":9}},"8":{"start":{"line":34,"column":12},"end":{"line":37,"column":15}},"9":{"start":{"line":41,"column":8},"end":{"line":46,"column":9}},"10":{"start":{"line":42,"column":12},"end":{"line":45,"column":15}},"11":{"start":{"line":49,"column":8},"end":{"line":54,"column":9}},"12":{"start":{"line":50,"column":12},"end":{"line":53,"column":15}},"13":{"start":{"line":57,"column":8},"end":{"line":59,"column":9}},"14":{"start":{"line":58,"column":12},"end":{"line":58,"column":72}},"15":{"start":{"line":62,"column":8},"end":{"line":62,"column":63}},"16":{"start":{"line":72,"column":30},"end":{"line":87,"column":9}},"17":{"start":{"line":89,"column":27},"end":{"line":89,"column":57}},"18":{"start":{"line":91,"column":8},"end":{"line":95,"column":11}},"19":{"start":{"line":104,"column":8},"end":{"line":108,"column":11}},"20":{"start":{"line":111,"column":8},"end":{"line":116,"column":9}},"21":{"start":{"line":112,"column":12},"end":{"line":115,"column":15}},"22":{"start":{"line":118,"column":8},"end":{"line":123,"column":9}},"23":{"start":{"line":119,"column":12},"end":{"line":122,"column":15}},"24":{"start":{"line":125,"column":8},"end":{"line":130,"column":9}},"25":{"start":{"line":126,"column":12},"end":{"line":129,"column":15}},"26":{"start":{"line":132,"column":8},"end":{"line":135,"column":11}},"27":{"start":{"line":144,"column":8},"end":{"line":148,"column":11}},"28":{"start":{"line":151,"column":8},"end":{"line":161,"column":9}},"29":{"start":{"line":152,"column":12},"end":{"line":160,"column":15}},"30":{"start":{"line":164,"column":8},"end":{"line":167,"column":11}},"31":{"start":{"line":176,"column":25},"end":{"line":188,"column":9}},"32":{"start":{"line":192,"column":8},"end":{"line":192,"column":76}},"33":{"start":{"line":201,"column":8},"end":{"line":205,"column":11}},"34":{"start":{"line":209,"column":0},"end":{"line":209,"column":44}}},"fnMap":{"0":{"name":"(anonymous_0)","decl":{"start":{"line":16,"column":4},"end":{"line":16,"column":5}},"loc":{"start":{"line":16,"column":39},"end":{"line":63,"column":5}},"line":16},"1":{"name":"(anonymous_1)","decl":{"start":{"line":70,"column":4},"end":{"line":70,"column":5}},"loc":{"start":{"line":70,"column":43},"end":{"line":96,"column":5}},"line":70},"2":{"name":"(anonymous_2)","decl":{"start":{"line":103,"column":4},"end":{"line":103,"column":5}},"loc":{"start":{"line":103,"column":41},"end":{"line":136,"column":5}},"line":103},"3":{"name":"(anonymous_3)","decl":{"start":{"line":143,"column":4},"end":{"line":143,"column":5}},"loc":{"start":{"line":143,"column":43},"end":{"line":168,"column":5}},"line":143},"4":{"name":"(anonymous_4)","decl":{"start":{"line":175,"column":4},"end":{"line":175,"column":5}},"loc":{"start":{"line":175,"column":30},"end":{"line":193,"column":5}},"line":175},"5":{"name":"(anonymous_5)","decl":{"start":{"line":200,"column":4},"end":{"line":200,"column":5}},"loc":{"start":{"line":200,"column":30},"end":{"line":206,"column":5}},"line":200}},"branchMap":{"0":{"loc":{"start":{"line":21,"column":8},"end":{"line":23,"column":9}},"type":"if","locations":[{"start":{"line":21,"column":8},"end":{"line":23,"column":9}},{"start":{},"end":{}}],"line":21},"1":{"loc":{"start":{"line":26,"column":8},"end":{"line":31,"column":9}},"type":"if","locations":[{"start":{"line":26,"column":8},"end":{"line":31,"column":9}},{"start":{},"end":{}}],"line":26},"2":{"loc":{"start":{"line":33,"column":8},"end":{"line":38,"column":9}},"type":"if","locations":[{"start":{"line":33,"column":8},"end":{"line":38,"column":9}},{"start":{},"end":{}}],"line":33},"3":{"loc":{"start":{"line":41,"column":8},"end":{"line":46,"column":9}},"type":"if","locations":[{"start":{"line":41,"column":8},"end":{"line":46,"column":9}},{"start":{},"end":{}}],"line":41},"4":{"loc":{"start":{"line":49,"column":8},"end":{"line":54,"column":9}},"type":"if","locations":[{"start":{"line":49,"column":8},"end":{"line":54,"column":9}},{"start":{},"end":{}}],"line":49},"5":{"loc":{"start":{"line":49,"column":12},"end":{"line":49,"column":67}},"type":"binary-expr","locations":[{"start":{"line":49,"column":12},"end":{"line":49,"column":39}},{"start":{"line":49,"column":43},"end":{"line":49,"column":67}}],"line":49},"6":{"loc":{"start":{"line":57,"column":8},"end":{"line":59,"column":9}},"type":"if","locations":[{"start":{"line":57,"column":8},"end":{"line":59,"column":9}},{"start":{},"end":{}}],"line":57},"7":{"loc":{"start":{"line":57,"column":12},"end":{"line":57,"column":48}},"type":"binary-expr","locations":[{"start":{"line":57,"column":12},"end":{"line":57,"column":20}},{"start":{"line":57,"column":24},"end":{"line":57,"column":48}}],"line":57},"8":{"loc":{"start":{"line":89,"column":27},"end":{"line":89,"column":57}},"type":"binary-expr","locations":[{"start":{"line":89,"column":27},"end":{"line":89,"column":50}},{"start":{"line":89,"column":54},"end":{"line":89,"column":57}}],"line":89},"9":{"loc":{"start":{"line":107,"column":19},"end":{"line":107,"column":76}},"type":"cond-expr","locations":[{"start":{"line":107,"column":55},"end":{"line":107,"column":64}},{"start":{"line":107,"column":67},"end":{"line":107,"column":76}}],"line":107},"10":{"loc":{"start":{"line":111,"column":8},"end":{"line":116,"column":9}},"type":"if","locations":[{"start":{"line":111,"column":8},"end":{"line":116,"column":9}},{"start":{},"end":{}}],"line":111},"11":{"loc":{"start":{"line":118,"column":8},"end":{"line":123,"column":9}},"type":"if","locations":[{"start":{"line":118,"column":8},"end":{"line":123,"column":9}},{"start":{},"end":{}}],"line":118},"12":{"loc":{"start":{"line":125,"column":8},"end":{"line":130,"column":9}},"type":"if","locations":[{"start":{"line":125,"column":8},"end":{"line":130,"column":9}},{"start":{},"end":{}}],"line":125},"13":{"loc":{"start":{"line":147,"column":19},"end":{"line":147,"column":76}},"type":"cond-expr","locations":[{"start":{"line":147,"column":55},"end":{"line":147,"column":64}},{"start":{"line":147,"column":67},"end":{"line":147,"column":76}}],"line":147},"14":{"loc":{"start":{"line":151,"column":8},"end":{"line":161,"column":9}},"type":"if","locations":[{"start":{"line":151,"column":8},"end":{"line":161,"column":9}},{"start":{},"end":{}}],"line":151},"15":{"loc":{"start":{"line":186,"column":23},"end":{"line":186,"column":80}},"type":"cond-expr","locations":[{"start":{"line":186,"column":59},"end":{"line":186,"column":68}},{"start":{"line":186,"column":71},"end":{"line":186,"column":80}}],"line":186}},"s":{"0":1,"1":1,"2":0,"3":0,"4":0,"5":0,"6":0,"7":0,"8":0,"9":0,"10":0,"11":0,"12":0,"13":0,"14":0,"15":0,"16":0,"17":0,"18":0,"19":0,"20":0,"21":0,"22":0,"23":0,"24":0,"25":0,"26":0,"27":0,"28":0,"29":0,"30":0,"31":0,"32":0,"33":0,"34":1},"f":{"0":0,"1":0,"2":0,"3":0,"4":0,"5":0},"b":{"0":[0,0],"1":[0,0],"2":[0,0],"3":[0,0],"4":[0,0],"5":[0,0],"6":[0,0],"7":[0,0],"8":[0,0],"9":[0,0],"10":[0,0],"11":[0,0],"12":[0,0],"13":[0,0],"14":[0,0],"15":[0,0]},"_coverageSchema":"1a1c01bbd47fc00a2c39e90264f33305004495a9","hash":"abd218f8c0c399f4b45e6e93073e5236fc652fa4"}
,"D:\\VisualStudioCode\\CodebaseWinter2025\\CUOIKI\\JS-TaskManager\\adapters\\repositories\\SqlTaskRepository.js": {"path":"D:\\VisualStudioCode\\CodebaseWinter2025\\CUOIKI\\JS-TaskManager\\adapters\\repositories\\SqlTaskRepository.js","statementMap":{"0":{"start":{"line":1,"column":27},"end":{"line":1,"column":73}},"1":{"start":{"line":2,"column":17},"end":{"line":2,"column":54}},"2":{"start":{"line":3,"column":22},"end":{"line":3,"column":79}},"3":{"start":{"line":12,"column":8},"end":{"line":12,"column":16}},"4":{"start":{"line":13,"column":8},"end":{"line":13,"column":33}},"5":{"start":{"line":20,"column":8},"end":{"line":20,"column":39}},"6":{"start":{"line":27,"column":21},"end":{"line":27,"column":35}},"7":{"start":{"line":28,"column":25},"end":{"line":35,"column":10}},"8":{"start":{"line":36,"column":8},"end":{"line":36,"column":39}},"9":{"start":{"line":43,"column":21},"end":{"line":43,"column":35}},"10":{"start":{"line":44,"column":20},"end":{"line":44,"column":58}},"11":{"start":{"line":45,"column":8},"end":{"line":45,"column":47}},"12":{"start":{"line":52,"column":21},"end":{"line":52,"column":35}},"13":{"start":{"line":53,"column":21},"end":{"line":53,"column":63}},"14":{"start":{"line":54,"column":8},"end":{"line":54,"column":51}},"15":{"start":{"line":54,"column":31},"end":{"line":54,"column":49}},"16":{"start":{"line":61,"column":21},"end":{"line":61,"column":35}},"17":{"start":{"line":62,"column":21},"end":{"line":62,"column":80}},"18":{"start":{"line":63,"column":8},"end":{"line":63,"column":51}},"19":{"start":{"line":63,"column":31},"end":{"line":63,"column":49}},"20":{"start":{"line":70,"column":21},"end":{"line":70,"column":35}},"21":{"start":{"line":73,"column":25},"end":{"line":78,"column":10}},"22":{"start":{"line":80,"column":8},"end":{"line":82,"column":9}},"23":{"start":{"line":81,"column":12},"end":{"line":81,"column":70}},"24":{"start":{"line":85,"column":8},"end":{"line":85,"column":88}},"25":{"start":{"line":87,"column":8},"end":{"line":87,"column":41}},"26":{"start":{"line":94,"column":21},"end":{"line":94,"column":35}},"27":{"start":{"line":95,"column":8},"end":{"line":95,"column":45}},"28":{"start":{"line":96,"column":8},"end":{"line":96,"column":20}},"29":{"start":{"line":103,"column":21},"end":{"line":103,"column":35}},"30":{"start":{"line":104,"column":8},"end":{"line":104,"column":53}},"31":{"start":{"line":105,"column":8},"end":{"line":105,"column":20}},"32":{"start":{"line":112,"column":21},"end":{"line":112,"column":35}},"33":{"start":{"line":113,"column":8},"end":{"line":113,"column":76}},"34":{"start":{"line":120,"column":31},"end":{"line":120,"column":78}},"35":{"start":{"line":122,"column":8},"end":{"line":132,"column":10}},"36":{"start":{"line":136,"column":0},"end":{"line":136,"column":39}}},"fnMap":{"0":{"name":"(anonymous_0)","decl":{"start":{"line":11,"column":4},"end":{"line":11,"column":5}},"loc":{"start":{"line":11,"column":26},"end":{"line":14,"column":5}},"line":11},"1":{"name":"(anonymous_1)","decl":{"start":{"line":19,"column":4},"end":{"line":19,"column":5}},"loc":{"start":{"line":19,"column":14},"end":{"line":21,"column":5}},"line":19},"2":{"name":"(anonymous_2)","decl":{"start":{"line":26,"column":4},"end":{"line":26,"column":5}},"loc":{"start":{"line":26,"column":21},"end":{"line":37,"column":5}},"line":26},"3":{"name":"(anonymous_3)","decl":{"start":{"line":42,"column":4},"end":{"line":42,"column":5}},"loc":{"start":{"line":42,"column":27},"end":{"line":46,"column":5}},"line":42},"4":{"name":"(anonymous_4)","decl":{"start":{"line":51,"column":4},"end":{"line":51,"column":5}},"loc":{"start":{"line":51,"column":31},"end":{"line":55,"column":5}},"line":51},"5":{"name":"(anonymous_5)","decl":{"start":{"line":54,"column":24},"end":{"line":54,"column":25}},"loc":{"start":{"line":54,"column":31},"end":{"line":54,"column":49}},"line":54},"6":{"name":"(anonymous_6)","decl":{"start":{"line":60,"column":4},"end":{"line":60,"column":5}},"loc":{"start":{"line":60,"column":48},"end":{"line":64,"column":5}},"line":60},"7":{"name":"(anonymous_7)","decl":{"start":{"line":63,"column":24},"end":{"line":63,"column":25}},"loc":{"start":{"line":63,"column":31},"end":{"line":63,"column":49}},"line":63},"8":{"name":"(anonymous_8)","decl":{"start":{"line":69,"column":4},"end":{"line":69,"column":5}},"loc":{"start":{"line":69,"column":23},"end":{"line":88,"column":5}},"line":69},"9":{"name":"(anonymous_9)","decl":{"start":{"line":93,"column":4},"end":{"line":93,"column":5}},"loc":{"start":{"line":93,"column":25},"end":{"line":97,"column":5}},"line":93},"10":{"name":"(anonymous_10)","decl":{"start":{"line":102,"column":4},"end":{"line":102,"column":5}},"loc":{"start":{"line":102,"column":33},"end":{"line":106,"column":5}},"line":102},"11":{"name":"(anonymous_11)","decl":{"start":{"line":111,"column":4},"end":{"line":111,"column":5}},"loc":{"start":{"line":111,"column":49},"end":{"line":114,"column":5}},"line":111},"12":{"name":"(anonymous_12)","decl":{"start":{"line":119,"column":4},"end":{"line":119,"column":5}},"loc":{"start":{"line":119,"column":18},"end":{"line":133,"column":5}},"line":119}},"branchMap":{"0":{"loc":{"start":{"line":45,"column":15},"end":{"line":45,"column":46}},"type":"cond-expr","locations":[{"start":{"line":45,"column":21},"end":{"line":45,"column":39}},{"start":{"line":45,"column":42},"end":{"line":45,"column":46}}],"line":45},"1":{"loc":{"start":{"line":80,"column":8},"end":{"line":82,"column":9}},"type":"if","locations":[{"start":{"line":80,"column":8},"end":{"line":82,"column":9}},{"start":{},"end":{}}],"line":80}},"s":{"0":2,"1":2,"2":2,"3":2,"4":2,"5":65,"6":8,"7":8,"8":8,"9":29,"10":29,"11":29,"12":3,"13":3,"14":3,"15":2,"16":3,"17":3,"18":3,"19":2,"20":6,"21":6,"22":6,"23":0,"24":6,"25":6,"26":8,"27":8,"28":8,"29":0,"30":0,"31":0,"32":8,"33":8,"34":40,"35":40,"36":2},"f":{"0":2,"1":65,"2":8,"3":29,"4":3,"5":2,"6":3,"7":2,"8":6,"9":8,"10":0,"11":8,"12":40},"b":{"0":[22,7],"1":[0,6]},"_coverageSchema":"1a1c01bbd47fc00a2c39e90264f33305004495a9","hash":"2d8adc964600c8d65e667c14d81af5adfdc9cd84"}
,"D:\\VisualStudioCode\\CodebaseWinter2025\\CUOIKI\\JS-TaskManager\\adapters\\repositories\\SqlUserRepository.js": {"path":"D:\\VisualStudioCode\\CodebaseWinter2025\\CUOIKI\\JS-TaskManager\\adapters\\repositories\\SqlUserRepository.js","statementMap":{"0":{"start":{"line":1,"column":27},"end":{"line":1,"column":73}},"1":{"start":{"line":2,"column":17},"end":{"line":2,"column":54}},"2":{"start":{"line":3,"column":22},"end":{"line":3,"column":79}},"3":{"start":{"line":12,"column":8},"end":{"line":12,"column":16}},"4":{"start":{"line":13,"column":8},"end":{"line":13,"column":33}},"5":{"start":{"line":20,"column":8},"end":{"line":20,"column":39}},"6":{"start":{"line":27,"column":21},"end":{"line":27,"column":35}},"7":{"start":{"line":28,"column":25},"end":{"line":32,"column":10}},"8":{"start":{"line":33,"column":8},"end":{"line":33,"column":39}},"9":{"start":{"line":40,"column":21},"end":{"line":40,"column":35}},"10":{"start":{"line":41,"column":20},"end":{"line":41,"column":58}},"11":{"start":{"line":42,"column":8},"end":{"line":42,"column":47}},"12":{"start":{"line":49,"column":21},"end":{"line":49,"column":35}},"13":{"start":{"line":50,"column":20},"end":{"line":50,"column":60}},"14":{"start":{"line":51,"column":8},"end":{"line":51,"column":47}},"15":{"start":{"line":58,"column":21},"end":{"line":58,"column":35}},"16":{"start":{"line":59,"column":20},"end":{"line":59,"column":66}},"17":{"start":{"line":60,"column":8},"end":{"line":60,"column":47}},"18":{"start":{"line":67,"column":21},"end":{"line":67,"column":35}},"19":{"start":{"line":68,"column":27},"end":{"line":71,"column":10}},"20":{"start":{"line":73,"column":8},"end":{"line":75,"column":9}},"21":{"start":{"line":74,"column":12},"end":{"line":74,"column":70}},"22":{"start":{"line":78,"column":8},"end":{"line":80,"column":9}},"23":{"start":{"line":79,"column":12},"end":{"line":79,"column":83}},"24":{"start":{"line":82,"column":8},"end":{"line":82,"column":41}},"25":{"start":{"line":89,"column":21},"end":{"line":89,"column":35}},"26":{"start":{"line":90,"column":8},"end":{"line":90,"column":45}},"27":{"start":{"line":91,"column":8},"end":{"line":91,"column":20}},"28":{"start":{"line":98,"column":21},"end":{"line":98,"column":35}},"29":{"start":{"line":99,"column":8},"end":{"line":99,"column":58}},"30":{"start":{"line":106,"column":21},"end":{"line":106,"column":35}},"31":{"start":{"line":107,"column":8},"end":{"line":107,"column":64}},"32":{"start":{"line":114,"column":8},"end":{"line":121,"column":10}},"33":{"start":{"line":125,"column":0},"end":{"line":125,"column":39}}},"fnMap":{"0":{"name":"(anonymous_0)","decl":{"start":{"line":11,"column":4},"end":{"line":11,"column":5}},"loc":{"start":{"line":11,"column":26},"end":{"line":14,"column":5}},"line":11},"1":{"name":"(anonymous_1)","decl":{"start":{"line":19,"column":4},"end":{"line":19,"column":5}},"loc":{"start":{"line":19,"column":14},"end":{"line":21,"column":5}},"line":19},"2":{"name":"(anonymous_2)","decl":{"start":{"line":26,"column":4},"end":{"line":26,"column":5}},"loc":{"start":{"line":26,"column":21},"end":{"line":34,"column":5}},"line":26},"3":{"name":"(anonymous_3)","decl":{"start":{"line":39,"column":4},"end":{"line":39,"column":5}},"loc":{"start":{"line":39,"column":27},"end":{"line":43,"column":5}},"line":39},"4":{"name":"(anonymous_4)","decl":{"start":{"line":48,"column":4},"end":{"line":48,"column":5}},"loc":{"start":{"line":48,"column":29},"end":{"line":52,"column":5}},"line":48},"5":{"name":"(anonymous_5)","decl":{"start":{"line":57,"column":4},"end":{"line":57,"column":5}},"loc":{"start":{"line":57,"column":35},"end":{"line":61,"column":5}},"line":57},"6":{"name":"(anonymous_6)","decl":{"start":{"line":66,"column":4},"end":{"line":66,"column":5}},"loc":{"start":{"line":66,"column":23},"end":{"line":83,"column":5}},"line":66},"7":{"name":"(anonymous_7)","decl":{"start":{"line":88,"column":4},"end":{"line":88,"column":5}},"loc":{"start":{"line":88,"column":25},"end":{"line":92,"column":5}},"line":88},"8":{"name":"(anonymous_8)","decl":{"start":{"line":97,"column":4},"end":{"line":97,"column":5}},"loc":{"start":{"line":97,"column":31},"end":{"line":100,"column":5}},"line":97},"9":{"name":"(anonymous_9)","decl":{"start":{"line":105,"column":4},"end":{"line":105,"column":5}},"loc":{"start":{"line":105,"column":37},"end":{"line":108,"column":5}},"line":105},"10":{"name":"(anonymous_10)","decl":{"start":{"line":113,"column":4},"end":{"line":113,"column":5}},"loc":{"start":{"line":113,"column":18},"end":{"line":122,"column":5}},"line":113}},"branchMap":{"0":{"loc":{"start":{"line":42,"column":15},"end":{"line":42,"column":46}},"type":"cond-expr","locations":[{"start":{"line":42,"column":21},"end":{"line":42,"column":39}},{"start":{"line":42,"column":42},"end":{"line":42,"column":46}}],"line":42},"1":{"loc":{"start":{"line":51,"column":15},"end":{"line":51,"column":46}},"type":"cond-expr","locations":[{"start":{"line":51,"column":21},"end":{"line":51,"column":39}},{"start":{"line":51,"column":42},"end":{"line":51,"column":46}}],"line":51},"2":{"loc":{"start":{"line":60,"column":15},"end":{"line":60,"column":46}},"type":"cond-expr","locations":[{"start":{"line":60,"column":21},"end":{"line":60,"column":39}},{"start":{"line":60,"column":42},"end":{"line":60,"column":46}}],"line":60},"3":{"loc":{"start":{"line":73,"column":8},"end":{"line":75,"column":9}},"type":"if","locations":[{"start":{"line":73,"column":8},"end":{"line":75,"column":9}},{"start":{},"end":{}}],"line":73},"4":{"loc":{"start":{"line":78,"column":8},"end":{"line":80,"column":9}},"type":"if","locations":[{"start":{"line":78,"column":8},"end":{"line":80,"column":9}},{"start":{},"end":{}}],"line":78}},"s":{"0":3,"1":3,"2":3,"3":4,"4":4,"5":60,"6":4,"7":4,"8":4,"9":44,"10":44,"11":44,"12":4,"13":4,"14":4,"15":1,"16":1,"17":1,"18":0,"19":0,"20":0,"21":0,"22":0,"23":0,"24":0,"25":3,"26":3,"27":3,"28":2,"29":2,"30":2,"31":2,"32":48,"33":3},"f":{"0":4,"1":60,"2":4,"3":44,"4":4,"5":1,"6":0,"7":3,"8":2,"9":2,"10":48},"b":{"0":[42,2],"1":[2,2],"2":[0,1],"3":[0,0],"4":[0,0]},"_coverageSchema":"1a1c01bbd47fc00a2c39e90264f33305004495a9","hash":"d494c6ca318e5a0fd4820b0f00fc2695229a2d6a"}
,"D:\\VisualStudioCode\\CodebaseWinter2025\\CUOIKI\\JS-TaskManager\\business\\index.js": {"path":"D:\\VisualStudioCode\\CodebaseWinter2025\\CUOIKI\\JS-TaskManager\\business\\index.js","statementMap":{"0":{"start":{"line":4,"column":0},"end":{"line":40,"column":2}}},"fnMap":{},"branchMap":{},"s":{"0":1},"f":{},"b":{},"_coverageSchema":"1a1c01bbd47fc00a2c39e90264f33305004495a9","hash":"e8d4e1845338199fc23d5d37cfa0baa0f7e8dfe2"}
,"D:\\VisualStudioCode\\CodebaseWinter2025\\CUOIKI\\JS-TaskManager\\business\\dto\\ChangeTaskStatusDTO.js": {"path":"D:\\VisualStudioCode\\CodebaseWinter2025\\CUOIKI\\JS-TaskManager\\business\\dto\\ChangeTaskStatusDTO.js","statementMap":{"0":{"start":{"line":6,"column":8},"end":{"line":6,"column":29}},"1":{"start":{"line":7,"column":8},"end":{"line":7,"column":29}},"2":{"start":{"line":8,"column":8},"end":{"line":8,"column":29}},"3":{"start":{"line":17,"column":8},"end":{"line":17,"column":29}},"4":{"start":{"line":18,"column":8},"end":{"line":18,"column":27}},"5":{"start":{"line":19,"column":8},"end":{"line":19,"column":39}},"6":{"start":{"line":20,"column":8},"end":{"line":20,"column":29}},"7":{"start":{"line":21,"column":8},"end":{"line":21,"column":29}},"8":{"start":{"line":22,"column":8},"end":{"line":22,"column":35}},"9":{"start":{"line":23,"column":8},"end":{"line":23,"column":33}},"10":{"start":{"line":24,"column":8},"end":{"line":24,"column":33}},"11":{"start":{"line":25,"column":8},"end":{"line":25,"column":35}},"12":{"start":{"line":26,"column":8},"end":{"line":26,"column":35}},"13":{"start":{"line":30,"column":8},"end":{"line":41,"column":10}},"14":{"start":{"line":45,"column":0},"end":{"line":45,"column":73}}},"fnMap":{"0":{"name":"(anonymous_0)","decl":{"start":{"line":5,"column":4},"end":{"line":5,"column":5}},"loc":{"start":{"line":5,"column":40},"end":{"line":9,"column":5}},"line":5},"1":{"name":"(anonymous_1)","decl":{"start":{"line":16,"column":4},"end":{"line":16,"column":5}},"loc":{"start":{"line":16,"column":113},"end":{"line":27,"column":5}},"line":16},"2":{"name":"(anonymous_2)","decl":{"start":{"line":29,"column":4},"end":{"line":29,"column":5}},"loc":{"start":{"line":29,"column":26},"end":{"line":42,"column":5}},"line":29}},"branchMap":{},"s":{"0":0,"1":0,"2":0,"3":8,"4":8,"5":8,"6":8,"7":8,"8":8,"9":8,"10":8,"11":8,"12":8,"13":8,"14":2},"f":{"0":0,"1":8,"2":8},"b":{},"_coverageSchema":"1a1c01bbd47fc00a2c39e90264f33305004495a9","hash":"5c3d555fed211c6ebd82d14c8e355b4e4b66e2ea"}
,"D:\\VisualStudioCode\\CodebaseWinter2025\\CUOIKI\\JS-TaskManager\\business\\dto\\CreateTaskDTO.js": {"path":"D:\\VisualStudioCode\\CodebaseWinter2025\\CUOIKI\\JS-TaskManager\\business\\dto\\CreateTaskDTO.js","statementMap":{"0":{"start":{"line":6,"column":8},"end":{"line":6,"column":27}},"1":{"start":{"line":7,"column":8},"end":{"line":7,"column":39}},"2":{"start":{"line":8,"column":8},"end":{"line":8,"column":29}},"3":{"start":{"line":9,"column":8},"end":{"line":9,"column":35}},"4":{"start":{"line":10,"column":8},"end":{"line":10,"column":33}},"5":{"start":{"line":19,"column":8},"end":{"line":19,"column":29}},"6":{"start":{"line":20,"column":8},"end":{"line":20,"column":27}},"7":{"start":{"line":21,"column":8},"end":{"line":21,"column":39}},"8":{"start":{"line":22,"column":8},"end":{"line":22,"column":29}},"9":{"start":{"line":23,"column":8},"end":{"line":23,"column":29}},"10":{"start":{"line":24,"column":8},"end":{"line":24,"column":35}},"11":{"start":{"line":25,"column":8},"end":{"line":25,"column":33}},"12":{"start":{"line":26,"column":8},"end":{"line":26,"column":35}},"13":{"start":{"line":30,"column":8},"end":{"line":39,"column":10}},"14":{"start":{"line":43,"column":0},"end":{"line":43,"column":61}}},"fnMap":{"0":{"name":"(anonymous_0)","decl":{"start":{"line":5,"column":4},"end":{"line":5,"column":5}},"loc":{"start":{"line":5,"column":79},"end":{"line":11,"column":5}},"line":5},"1":{"name":"(anonymous_1)","decl":{"start":{"line":18,"column":4},"end":{"line":18,"column":5}},"loc":{"start":{"line":18,"column":92},"end":{"line":27,"column":5}},"line":18},"2":{"name":"(anonymous_2)","decl":{"start":{"line":29,"column":4},"end":{"line":29,"column":5}},"loc":{"start":{"line":29,"column":26},"end":{"line":40,"column":5}},"line":29}},"branchMap":{"0":{"loc":{"start":{"line":5,"column":44},"end":{"line":5,"column":60}},"type":"default-arg","locations":[{"start":{"line":5,"column":56},"end":{"line":5,"column":60}}],"line":5},"1":{"loc":{"start":{"line":5,"column":62},"end":{"line":5,"column":77}},"type":"default-arg","locations":[{"start":{"line":5,"column":73},"end":{"line":5,"column":77}}],"line":5}},"s":{"0":12,"1":12,"2":12,"3":12,"4":12,"5":9,"6":9,"7":9,"8":9,"9":9,"10":9,"11":9,"12":9,"13":9,"14":2},"f":{"0":12,"1":9,"2":9},"b":{"0":[7],"1":[7]},"_coverageSchema":"1a1c01bbd47fc00a2c39e90264f33305004495a9","hash":"79eaac559bbc20b3718cd64dafcf0fdf32253d93"}
,"D:\\VisualStudioCode\\CodebaseWinter2025\\CUOIKI\\JS-TaskManager\\business\\dto\\DeleteTaskDTO.js": {"path":"D:\\VisualStudioCode\\CodebaseWinter2025\\CUOIKI\\JS-TaskManager\\business\\dto\\DeleteTaskDTO.js","statementMap":{"0":{"start":{"line":6,"column":8},"end":{"line":6,"column":29}},"1":{"start":{"line":7,"column":8},"end":{"line":7,"column":29}},"2":{"start":{"line":16,"column":8},"end":{"line":16,"column":29}},"3":{"start":{"line":17,"column":8},"end":{"line":17,"column":31}},"4":{"start":{"line":18,"column":8},"end":{"line":18,"column":31}},"5":{"start":{"line":22,"column":0},"end":{"line":22,"column":61}}},"fnMap":{"0":{"name":"(anonymous_0)","decl":{"start":{"line":5,"column":4},"end":{"line":5,"column":5}},"loc":{"start":{"line":5,"column":32},"end":{"line":8,"column":5}},"line":5},"1":{"name":"(anonymous_1)","decl":{"start":{"line":15,"column":4},"end":{"line":15,"column":5}},"loc":{"start":{"line":15,"column":42},"end":{"line":19,"column":5}},"line":15}},"branchMap":{},"s":{"0":13,"1":13,"2":8,"3":8,"4":8,"5":2},"f":{"0":13,"1":8},"b":{},"_coverageSchema":"1a1c01bbd47fc00a2c39e90264f33305004495a9","hash":"e8c33755fe809a3efb9087dcf2d2b24b7a62d97d"}
,"D:\\VisualStudioCode\\CodebaseWinter2025\\CUOIKI\\JS-TaskManager\\business\\dto\\GetTaskDTO.js": {"path":"D:\\VisualStudioCode\\CodebaseWinter2025\\CUOIKI\\JS-TaskManager\\business\\dto\\GetTaskDTO.js","statementMap":{"0":{"start":{"line":6,"column":8},"end":{"line":6,"column":29}},"1":{"start":{"line":7,"column":8},"end":{"line":7,"column":29}},"2":{"start":{"line":16,"column":8},"end":{"line":28,"column":12}},"3":{"start":{"line":16,"column":40},"end":{"line":28,"column":9}},"4":{"start":{"line":29,"column":8},"end":{"line":29,"column":34}},"5":{"start":{"line":38,"column":8},"end":{"line":38,"column":29}},"6":{"start":{"line":39,"column":8},"end":{"line":39,"column":29}},"7":{"start":{"line":48,"column":8},"end":{"line":48,"column":35}},"8":{"start":{"line":49,"column":8},"end":{"line":49,"column":37}},"9":{"start":{"line":50,"column":8},"end":{"line":50,"column":49}},"10":{"start":{"line":51,"column":8},"end":{"line":51,"column":39}},"11":{"start":{"line":52,"column":8},"end":{"line":52,"column":39}},"12":{"start":{"line":53,"column":8},"end":{"line":53,"column":45}},"13":{"start":{"line":54,"column":8},"end":{"line":54,"column":43}},"14":{"start":{"line":55,"column":8},"end":{"line":55,"column":53}},"15":{"start":{"line":56,"column":8},"end":{"line":56,"column":42}},"16":{"start":{"line":57,"column":8},"end":{"line":57,"column":45}},"17":{"start":{"line":58,"column":8},"end":{"line":58,"column":45}},"18":{"start":{"line":62,"column":0},"end":{"line":67,"column":2}}},"fnMap":{"0":{"name":"(anonymous_0)","decl":{"start":{"line":5,"column":4},"end":{"line":5,"column":5}},"loc":{"start":{"line":5,"column":39},"end":{"line":8,"column":5}},"line":5},"1":{"name":"(anonymous_1)","decl":{"start":{"line":15,"column":4},"end":{"line":15,"column":5}},"loc":{"start":{"line":15,"column":23},"end":{"line":30,"column":5}},"line":15},"2":{"name":"(anonymous_2)","decl":{"start":{"line":16,"column":31},"end":{"line":16,"column":32}},"loc":{"start":{"line":16,"column":40},"end":{"line":28,"column":9}},"line":16},"3":{"name":"(anonymous_3)","decl":{"start":{"line":37,"column":4},"end":{"line":37,"column":5}},"loc":{"start":{"line":37,"column":32},"end":{"line":40,"column":5}},"line":37},"4":{"name":"(anonymous_4)","decl":{"start":{"line":47,"column":4},"end":{"line":47,"column":5}},"loc":{"start":{"line":47,"column":22},"end":{"line":59,"column":5}},"line":47}},"branchMap":{"0":{"loc":{"start":{"line":5,"column":24},"end":{"line":5,"column":37}},"type":"default-arg","locations":[{"start":{"line":5,"column":33},"end":{"line":5,"column":37}}],"line":5}},"s":{"0":7,"1":7,"2":6,"3":5,"4":6,"5":12,"6":12,"7":6,"8":6,"9":6,"10":6,"11":6,"12":6,"13":6,"14":6,"15":6,"16":6,"17":6,"18":3},"f":{"0":7,"1":6,"2":5,"3":12,"4":6},"b":{"0":[1]},"_coverageSchema":"1a1c01bbd47fc00a2c39e90264f33305004495a9","hash":"121923ec81ccdbb22c73a15d4fd9e84d04b6990b"}
,"D:\\VisualStudioCode\\CodebaseWinter2025\\CUOIKI\\JS-TaskManager\\business\\dto\\GetTaskStatisticsDTO.js": {"path":"D:\\VisualStudioCode\\CodebaseWinter2025\\CUOIKI\\JS-TaskManager\\business\\dto\\GetTaskStatisticsDTO.js","statementMap":{"0":{"start":{"line":6,"column":8},"end":{"line":6,"column":29}},"1":{"start":{"line":15,"column":8},"end":{"line":15,"column":32}},"2":{"start":{"line":16,"column":8},"end":{"line":16,"column":36}},"3":{"start":{"line":17,"column":8},"end":{"line":17,"column":42}},"4":{"start":{"line":18,"column":8},"end":{"line":18,"column":40}},"5":{"start":{"line":19,"column":8},"end":{"line":19,"column":45}},"6":{"start":{"line":23,"column":0},"end":{"line":23,"column":75}}},"fnMap":{"0":{"name":"(anonymous_0)","decl":{"start":{"line":5,"column":4},"end":{"line":5,"column":5}},"loc":{"start":{"line":5,"column":24},"end":{"line":7,"column":5}},"line":5},"1":{"name":"(anonymous_1)","decl":{"start":{"line":14,"column":4},"end":{"line":14,"column":5}},"loc":{"start":{"line":14,"column":71},"end":{"line":20,"column":5}},"line":14}},"branchMap":{},"s":{"0":0,"1":4,"2":4,"3":4,"4":4,"5":4,"6":2},"f":{"0":0,"1":4},"b":{},"_coverageSchema":"1a1c01bbd47fc00a2c39e90264f33305004495a9","hash":"7d20ca51dfb0c5f6eed80daf98db5ea0c1c00a10"}
,"D:\\VisualStudioCode\\CodebaseWinter2025\\CUOIKI\\JS-TaskManager\\business\\dto\\LoginUserDTO.js": {"path":"D:\\VisualStudioCode\\CodebaseWinter2025\\CUOIKI\\JS-TaskManager\\business\\dto\\LoginUserDTO.js","statementMap":{"0":{"start":{"line":6,"column":8},"end":{"line":6,"column":27}},"1":{"start":{"line":7,"column":8},"end":{"line":7,"column":33}},"2":{"start":{"line":16,"column":8},"end":{"line":16,"column":27}},"3":{"start":{"line":17,"column":8},"end":{"line":21,"column":10}},"4":{"start":{"line":25,"column":0},"end":{"line":25,"column":59}}},"fnMap":{"0":{"name":"(anonymous_0)","decl":{"start":{"line":5,"column":4},"end":{"line":5,"column":5}},"loc":{"start":{"line":5,"column":33},"end":{"line":8,"column":5}},"line":5},"1":{"name":"(anonymous_1)","decl":{"start":{"line":15,"column":4},"end":{"line":15,"column":5}},"loc":{"start":{"line":15,"column":29},"end":{"line":22,"column":5}},"line":15}},"branchMap":{},"s":{"0":7,"1":7,"2":3,"3":3,"4":2},"f":{"0":7,"1":3},"b":{},"_coverageSchema":"1a1c01bbd47fc00a2c39e90264f33305004495a9","hash":"9f079d3e0d54ada3a5eb3bfaabf2e94586cd18fe"}
,"D:\\VisualStudioCode\\CodebaseWinter2025\\CUOIKI\\JS-TaskManager\\business\\dto\\RegisterUserDTO.js": {"path":"D:\\VisualStudioCode\\CodebaseWinter2025\\CUOIKI\\JS-TaskManager\\business\\dto\\RegisterUserDTO.js","statementMap":{"0":{"start":{"line":6,"column":8},"end":{"line":6,"column":33}},"1":{"start":{"line":7,"column":8},"end":{"line":7,"column":27}},"2":{"start":{"line":8,"column":8},"end":{"line":8,"column":33}},"3":{"start":{"line":17,"column":8},"end":{"line":17,"column":29}},"4":{"start":{"line":18,"column":8},"end":{"line":18,"column":33}},"5":{"start":{"line":19,"column":8},"end":{"line":19,"column":27}},"6":{"start":{"line":20,"column":8},"end":{"line":20,"column":35}},"7":{"start":{"line":24,"column":8},"end":{"line":29,"column":10}},"8":{"start":{"line":33,"column":0},"end":{"line":33,"column":65}}},"fnMap":{"0":{"name":"(anonymous_0)","decl":{"start":{"line":5,"column":4},"end":{"line":5,"column":5}},"loc":{"start":{"line":5,"column":43},"end":{"line":9,"column":5}},"line":5},"1":{"name":"(anonymous_1)","decl":{"start":{"line":16,"column":4},"end":{"line":16,"column":5}},"loc":{"start":{"line":16,"column":52},"end":{"line":21,"column":5}},"line":16},"2":{"name":"(anonymous_2)","decl":{"start":{"line":23,"column":4},"end":{"line":23,"column":5}},"loc":{"start":{"line":23,"column":26},"end":{"line":30,"column":5}},"line":23}},"branchMap":{},"s":{"0":7,"1":7,"2":7,"3":2,"4":2,"5":2,"6":2,"7":2,"8":2},"f":{"0":7,"1":2,"2":2},"b":{},"_coverageSchema":"1a1c01bbd47fc00a2c39e90264f33305004495a9","hash":"fc0474888b477e5e8a376f073bfa775a9df7e304"}
,"D:\\VisualStudioCode\\CodebaseWinter2025\\CUOIKI\\JS-TaskManager\\business\\dto\\UpdateTaskDTO.js": {"path":"D:\\VisualStudioCode\\CodebaseWinter2025\\CUOIKI\\JS-TaskManager\\business\\dto\\UpdateTaskDTO.js","statementMap":{"0":{"start":{"line":6,"column":8},"end":{"line":6,"column":29}},"1":{"start":{"line":7,"column":8},"end":{"line":7,"column":27}},"2":{"start":{"line":8,"column":8},"end":{"line":8,"column":39}},"3":{"start":{"line":9,"column":8},"end":{"line":9,"column":29}},"4":{"start":{"line":10,"column":8},"end":{"line":10,"column":29}},"5":{"start":{"line":11,"column":8},"end":{"line":11,"column":35}},"6":{"start":{"line":12,"column":8},"end":{"line":12,"column":33}},"7":{"start":{"line":21,"column":8},"end":{"line":21,"column":29}},"8":{"start":{"line":22,"column":8},"end":{"line":22,"column":27}},"9":{"start":{"line":23,"column":8},"end":{"line":23,"column":39}},"10":{"start":{"line":24,"column":8},"end":{"line":24,"column":29}},"11":{"start":{"line":25,"column":8},"end":{"line":25,"column":29}},"12":{"start":{"line":26,"column":8},"end":{"line":26,"column":35}},"13":{"start":{"line":27,"column":8},"end":{"line":27,"column":33}},"14":{"start":{"line":28,"column":8},"end":{"line":28,"column":35}},"15":{"start":{"line":32,"column":8},"end":{"line":41,"column":10}},"16":{"start":{"line":45,"column":0},"end":{"line":45,"column":61}}},"fnMap":{"0":{"name":"(anonymous_0)","decl":{"start":{"line":5,"column":4},"end":{"line":5,"column":5}},"loc":{"start":{"line":5,"column":105},"end":{"line":13,"column":5}},"line":5},"1":{"name":"(anonymous_1)","decl":{"start":{"line":20,"column":4},"end":{"line":20,"column":5}},"loc":{"start":{"line":20,"column":92},"end":{"line":29,"column":5}},"line":20},"2":{"name":"(anonymous_2)","decl":{"start":{"line":31,"column":4},"end":{"line":31,"column":5}},"loc":{"start":{"line":31,"column":26},"end":{"line":42,"column":5}},"line":31}},"branchMap":{"0":{"loc":{"start":{"line":5,"column":60},"end":{"line":5,"column":81}},"type":"default-arg","locations":[{"start":{"line":5,"column":72},"end":{"line":5,"column":81}}],"line":5},"1":{"loc":{"start":{"line":5,"column":83},"end":{"line":5,"column":103}},"type":"default-arg","locations":[{"start":{"line":5,"column":94},"end":{"line":5,"column":103}}],"line":5}},"s":{"0":11,"1":11,"2":11,"3":11,"4":11,"5":11,"6":11,"7":5,"8":5,"9":5,"10":5,"11":5,"12":5,"13":5,"14":5,"15":5,"16":2},"f":{"0":11,"1":5,"2":5},"b":{"0":[10],"1":[9]},"_coverageSchema":"1a1c01bbd47fc00a2c39e90264f33305004495a9","hash":"4dcc19435d7c29d93c35e47cb1c279c1c71665b7"}
,"D:\\VisualStudioCode\\CodebaseWinter2025\\CUOIKI\\JS-TaskManager\\business\\dto\\VerifyTokenDTO.js": {"path":"D:\\VisualStudioCode\\CodebaseWinter2025\\CUOIKI\\JS-TaskManager\\business\\dto\\VerifyTokenDTO.js","statementMap":{"0":{"start":{"line":6,"column":8},"end":{"line":6,"column":27}},"1":{"start":{"line":15,"column":8},"end":{"line":15,"column":29}},"2":{"start":{"line":16,"column":8},"end":{"line":16,"column":33}},"3":{"start":{"line":17,"column":8},"end":{"line":17,"column":27}},"4":{"start":{"line":21,"column":0},"end":{"line":21,"column":63}}},"fnMap":{"0":{"name":"(anonymous_0)","decl":{"start":{"line":5,"column":4},"end":{"line":5,"column":5}},"loc":{"start":{"line":5,"column":23},"end":{"line":7,"column":5}},"line":5},"1":{"name":"(anonymous_1)","decl":{"start":{"line":14,"column":4},"end":{"line":14,"column":5}},"loc":{"start":{"line":14,"column":41},"end":{"line":18,"column":5}},"line":14}},"branchMap":{},"s":{"0":0,"1":0,"2":0,"3":0,"4":2},"f":{"0":0,"1":0},"b":{},"_coverageSchema":"1a1c01bbd47fc00a2c39e90264f33305004495a9","hash":"843dea623c19c21cdc75c4ce72f5237979a2f260"}
,"D:\\VisualStudioCode\\CodebaseWinter2025\\CUOIKI\\JS-TaskManager\\business\\ports\\PasswordService.js": {"path":"D:\\VisualStudioCode\\CodebaseWinter2025\\CUOIKI\\JS-TaskManager\\business\\ports\\PasswordService.js","statementMap":{"0":{"start":{"line":13,"column":8},"end":{"line":13,"column":50}},"1":{"start":{"line":23,"column":8},"end":{"line":23,"column":50}},"2":{"start":{"line":27,"column":0},"end":{"line":27,"column":37}}},"fnMap":{"0":{"name":"(anonymous_0)","decl":{"start":{"line":12,"column":4},"end":{"line":12,"column":5}},"loc":{"start":{"line":12,"column":30},"end":{"line":14,"column":5}},"line":12},"1":{"name":"(anonymous_1)","decl":{"start":{"line":22,"column":4},"end":{"line":22,"column":5}},"loc":{"start":{"line":22,"column":48},"end":{"line":24,"column":5}},"line":22}},"branchMap":{},"s":{"0":0,"1":0,"2":1},"f":{"0":0,"1":0},"b":{},"_coverageSchema":"1a1c01bbd47fc00a2c39e90264f33305004495a9","hash":"02695430fc131025872dc5abcec96697595f3822"}
,"D:\\VisualStudioCode\\CodebaseWinter2025\\CUOIKI\\JS-TaskManager\\business\\ports\\TaskRepository.js": {"path":"D:\\VisualStudioCode\\CodebaseWinter2025\\CUOIKI\\JS-TaskManager\\business\\ports\\TaskRepository.js","statementMap":{"0":{"start":{"line":13,"column":8},"end":{"line":13,"column":50}},"1":{"start":{"line":22,"column":8},"end":{"line":22,"column":50}},"2":{"start":{"line":31,"column":8},"end":{"line":31,"column":50}},"3":{"start":{"line":41,"column":8},"end":{"line":41,"column":50}},"4":{"start":{"line":50,"column":8},"end":{"line":50,"column":50}},"5":{"start":{"line":59,"column":8},"end":{"line":59,"column":50}},"6":{"start":{"line":68,"column":8},"end":{"line":68,"column":50}},"7":{"start":{"line":78,"column":8},"end":{"line":78,"column":50}},"8":{"start":{"line":82,"column":0},"end":{"line":82,"column":36}}},"fnMap":{"0":{"name":"(anonymous_0)","decl":{"start":{"line":12,"column":4},"end":{"line":12,"column":5}},"loc":{"start":{"line":12,"column":21},"end":{"line":14,"column":5}},"line":12},"1":{"name":"(anonymous_1)","decl":{"start":{"line":21,"column":4},"end":{"line":21,"column":5}},"loc":{"start":{"line":21,"column":27},"end":{"line":23,"column":5}},"line":21},"2":{"name":"(anonymous_2)","decl":{"start":{"line":30,"column":4},"end":{"line":30,"column":5}},"loc":{"start":{"line":30,"column":31},"end":{"line":32,"column":5}},"line":30},"3":{"name":"(anonymous_3)","decl":{"start":{"line":40,"column":4},"end":{"line":40,"column":5}},"loc":{"start":{"line":40,"column":48},"end":{"line":42,"column":5}},"line":40},"4":{"name":"(anonymous_4)","decl":{"start":{"line":49,"column":4},"end":{"line":49,"column":5}},"loc":{"start":{"line":49,"column":23},"end":{"line":51,"column":5}},"line":49},"5":{"name":"(anonymous_5)","decl":{"start":{"line":58,"column":4},"end":{"line":58,"column":5}},"loc":{"start":{"line":58,"column":25},"end":{"line":60,"column":5}},"line":58},"6":{"name":"(anonymous_6)","decl":{"start":{"line":67,"column":4},"end":{"line":67,"column":5}},"loc":{"start":{"line":67,"column":33},"end":{"line":69,"column":5}},"line":67},"7":{"name":"(anonymous_7)","decl":{"start":{"line":77,"column":4},"end":{"line":77,"column":5}},"loc":{"start":{"line":77,"column":49},"end":{"line":79,"column":5}},"line":77}},"branchMap":{},"s":{"0":0,"1":0,"2":0,"3":0,"4":0,"5":0,"6":0,"7":0,"8":2},"f":{"0":0,"1":0,"2":0,"3":0,"4":0,"5":0,"6":0,"7":0},"b":{},"_coverageSchema":"1a1c01bbd47fc00a2c39e90264f33305004495a9","hash":"24b7fbf7ae42946483e4fa456eda153525664204"}
,"D:\\VisualStudioCode\\CodebaseWinter2025\\CUOIKI\\JS-TaskManager\\business\\ports\\TokenService.js": {"path":"D:\\VisualStudioCode\\CodebaseWinter2025\\CUOIKI\\JS-TaskManager\\business\\ports\\TokenService.js","statementMap":{"0":{"start":{"line":13,"column":8},"end":{"line":13,"column":50}},"1":{"start":{"line":23,"column":8},"end":{"line":23,"column":50}},"2":{"start":{"line":32,"column":8},"end":{"line":32,"column":50}},"3":{"start":{"line":36,"column":0},"end":{"line":36,"column":34}}},"fnMap":{"0":{"name":"(anonymous_0)","decl":{"start":{"line":12,"column":4},"end":{"line":12,"column":5}},"loc":{"start":{"line":12,"column":28},"end":{"line":14,"column":5}},"line":12},"1":{"name":"(anonymous_1)","decl":{"start":{"line":22,"column":4},"end":{"line":22,"column":5}},"loc":{"start":{"line":22,"column":24},"end":{"line":24,"column":5}},"line":22},"2":{"name":"(anonymous_2)","decl":{"start":{"line":31,"column":4},"end":{"line":31,"column":5}},"loc":{"start":{"line":31,"column":18},"end":{"line":33,"column":5}},"line":31}},"branchMap":{},"s":{"0":0,"1":0,"2":0,"3":1},"f":{"0":0,"1":0,"2":0},"b":{},"_coverageSchema":"1a1c01bbd47fc00a2c39e90264f33305004495a9","hash":"a52a3d62eafc92e0d07d7c9d09269a7ecbaa740e"}
,"D:\\VisualStudioCode\\CodebaseWinter2025\\CUOIKI\\JS-TaskManager\\business\\ports\\UserRepository.js": {"path":"D:\\VisualStudioCode\\CodebaseWinter2025\\CUOIKI\\JS-TaskManager\\business\\ports\\UserRepository.js","statementMap":{"0":{"start":{"line":13,"column":8},"end":{"line":13,"column":50}},"1":{"start":{"line":22,"column":8},"end":{"line":22,"column":50}},"2":{"start":{"line":31,"column":8},"end":{"line":31,"column":50}},"3":{"start":{"line":40,"column":8},"end":{"line":40,"column":50}},"4":{"start":{"line":49,"column":8},"end":{"line":49,"column":50}},"5":{"start":{"line":58,"column":8},"end":{"line":58,"column":50}},"6":{"start":{"line":67,"column":8},"end":{"line":67,"column":50}},"7":{"start":{"line":76,"column":8},"end":{"line":76,"column":50}},"8":{"start":{"line":80,"column":0},"end":{"line":80,"column":36}}},"fnMap":{"0":{"name":"(anonymous_0)","decl":{"start":{"line":12,"column":4},"end":{"line":12,"column":5}},"loc":{"start":{"line":12,"column":21},"end":{"line":14,"column":5}},"line":12},"1":{"name":"(anonymous_1)","decl":{"start":{"line":21,"column":4},"end":{"line":21,"column":5}},"loc":{"start":{"line":21,"column":27},"end":{"line":23,"column":5}},"line":21},"2":{"name":"(anonymous_2)","decl":{"start":{"line":30,"column":4},"end":{"line":30,"column":5}},"loc":{"start":{"line":30,"column":29},"end":{"line":32,"column":5}},"line":30},"3":{"name":"(anonymous_3)","decl":{"start":{"line":39,"column":4},"end":{"line":39,"column":5}},"loc":{"start":{"line":39,"column":35},"end":{"line":41,"column":5}},"line":39},"4":{"name":"(anonymous_4)","decl":{"start":{"line":48,"column":4},"end":{"line":48,"column":5}},"loc":{"start":{"line":48,"column":23},"end":{"line":50,"column":5}},"line":48},"5":{"name":"(anonymous_5)","decl":{"start":{"line":57,"column":4},"end":{"line":57,"column":5}},"loc":{"start":{"line":57,"column":25},"end":{"line":59,"column":5}},"line":57},"6":{"name":"(anonymous_6)","decl":{"start":{"line":66,"column":4},"end":{"line":66,"column":5}},"loc":{"start":{"line":66,"column":31},"end":{"line":68,"column":5}},"line":66},"7":{"name":"(anonymous_7)","decl":{"start":{"line":75,"column":4},"end":{"line":75,"column":5}},"loc":{"start":{"line":75,"column":37},"end":{"line":77,"column":5}},"line":75}},"branchMap":{},"s":{"0":0,"1":0,"2":0,"3":0,"4":0,"5":0,"6":0,"7":0,"8":3},"f":{"0":0,"1":0,"2":0,"3":0,"4":0,"5":0,"6":0,"7":0},"b":{},"_coverageSchema":"1a1c01bbd47fc00a2c39e90264f33305004495a9","hash":"7fecf8f6b605f8b85239bf75287b3b2ad73dc9c4"}
,"D:\\VisualStudioCode\\CodebaseWinter2025\\CUOIKI\\JS-TaskManager\\business\\usecases\\auth\\LoginUserUseCase.js": {"path":"D:\\VisualStudioCode\\CodebaseWinter2025\\CUOIKI\\JS-TaskManager\\business\\usecases\\auth\\LoginUserUseCase.js","statementMap":{"0":{"start":{"line":1,"column":28},"end":{"line":1,"column":81}},"1":{"start":{"line":2,"column":50},"end":{"line":2,"column":83}},"2":{"start":{"line":10,"column":8},"end":{"line":10,"column":45}},"3":{"start":{"line":11,"column":8},"end":{"line":11,"column":47}},"4":{"start":{"line":12,"column":8},"end":{"line":12,"column":41}},"5":{"start":{"line":22,"column":8},"end":{"line":24,"column":9}},"6":{"start":{"line":23,"column":12},"end":{"line":23,"column":85}},"7":{"start":{"line":27,"column":21},"end":{"line":27,"column":74}},"8":{"start":{"line":28,"column":8},"end":{"line":30,"column":9}},"9":{"start":{"line":29,"column":12},"end":{"line":29,"column":76}},"10":{"start":{"line":33,"column":32},"end":{"line":36,"column":9}},"11":{"start":{"line":38,"column":8},"end":{"line":40,"column":9}},"12":{"start":{"line":39,"column":12},"end":{"line":39,"column":76}},"13":{"start":{"line":43,"column":29},"end":{"line":47,"column":9}},"14":{"start":{"line":49,"column":22},"end":{"line":49,"column":68}},"15":{"start":{"line":52,"column":8},"end":{"line":52,"column":51}},"16":{"start":{"line":56,"column":0},"end":{"line":56,"column":38}}},"fnMap":{"0":{"name":"(anonymous_0)","decl":{"start":{"line":9,"column":4},"end":{"line":9,"column":5}},"loc":{"start":{"line":9,"column":63},"end":{"line":13,"column":5}},"line":9},"1":{"name":"(anonymous_1)","decl":{"start":{"line":20,"column":4},"end":{"line":20,"column":5}},"loc":{"start":{"line":20,"column":28},"end":{"line":53,"column":5}},"line":20}},"branchMap":{"0":{"loc":{"start":{"line":22,"column":8},"end":{"line":24,"column":9}},"type":"if","locations":[{"start":{"line":22,"column":8},"end":{"line":24,"column":9}},{"start":{},"end":{}}],"line":22},"1":{"loc":{"start":{"line":22,"column":12},"end":{"line":22,"column":62}},"type":"binary-expr","locations":[{"start":{"line":22,"column":12},"end":{"line":22,"column":21}},{"start":{"line":22,"column":25},"end":{"line":22,"column":40}},{"start":{"line":22,"column":44},"end":{"line":22,"column":62}}],"line":22},"2":{"loc":{"start":{"line":28,"column":8},"end":{"line":30,"column":9}},"type":"if","locations":[{"start":{"line":28,"column":8},"end":{"line":30,"column":9}},{"start":{},"end":{}}],"line":28},"3":{"loc":{"start":{"line":38,"column":8},"end":{"line":40,"column":9}},"type":"if","locations":[{"start":{"line":38,"column":8},"end":{"line":40,"column":9}},{"start":{},"end":{}}],"line":38}},"s":{"0":2,"1":2,"2":7,"3":7,"4":7,"5":7,"6":2,"7":5,"8":5,"9":1,"10":4,"11":4,"12":1,"13":3,"14":3,"15":3,"16":2},"f":{"0":7,"1":7},"b":{"0":[2,5],"1":[7,7,6],"2":[1,4],"3":[1,3]},"_coverageSchema":"1a1c01bbd47fc00a2c39e90264f33305004495a9","hash":"8922efed2a617139e1c0f7b8a87244f6a336f62a"}
,"D:\\VisualStudioCode\\CodebaseWinter2025\\CUOIKI\\JS-TaskManager\\business\\usecases\\auth\\RegisterUserUseCase.js": {"path":"D:\\VisualStudioCode\\CodebaseWinter2025\\CUOIKI\\JS-TaskManager\\business\\usecases\\auth\\RegisterUserUseCase.js","statementMap":{"0":{"start":{"line":1,"column":17},"end":{"line":1,"column":57}},"1":{"start":{"line":2,"column":28},"end":{"line":2,"column":81}},"2":{"start":{"line":3,"column":56},"end":{"line":3,"column":92}},"3":{"start":{"line":11,"column":8},"end":{"line":11,"column":45}},"4":{"start":{"line":12,"column":8},"end":{"line":12,"column":47}},"5":{"start":{"line":22,"column":8},"end":{"line":24,"column":9}},"6":{"start":{"line":23,"column":12},"end":{"line":23,"column":96}},"7":{"start":{"line":27,"column":30},"end":{"line":27,"column":83}},"8":{"start":{"line":28,"column":8},"end":{"line":30,"column":9}},"9":{"start":{"line":29,"column":12},"end":{"line":29,"column":83}},"10":{"start":{"line":32,"column":33},"end":{"line":32,"column":92}},"11":{"start":{"line":33,"column":8},"end":{"line":35,"column":9}},"12":{"start":{"line":34,"column":12},"end":{"line":34,"column":89}},"13":{"start":{"line":38,"column":21},"end":{"line":38,"column":83}},"14":{"start":{"line":41,"column":31},"end":{"line":41,"column":82}},"15":{"start":{"line":42,"column":8},"end":{"line":42,"column":39}},"16":{"start":{"line":45,"column":26},"end":{"line":45,"column":62}},"17":{"start":{"line":48,"column":8},"end":{"line":48,"column":57}},"18":{"start":{"line":52,"column":0},"end":{"line":52,"column":41}}},"fnMap":{"0":{"name":"(anonymous_0)","decl":{"start":{"line":10,"column":4},"end":{"line":10,"column":5}},"loc":{"start":{"line":10,"column":49},"end":{"line":13,"column":5}},"line":10},"1":{"name":"(anonymous_1)","decl":{"start":{"line":20,"column":4},"end":{"line":20,"column":5}},"loc":{"start":{"line":20,"column":28},"end":{"line":49,"column":5}},"line":20}},"branchMap":{"0":{"loc":{"start":{"line":22,"column":8},"end":{"line":24,"column":9}},"type":"if","locations":[{"start":{"line":22,"column":8},"end":{"line":24,"column":9}},{"start":{},"end":{}}],"line":22},"1":{"loc":{"start":{"line":22,"column":12},"end":{"line":22,"column":84}},"type":"binary-expr","locations":[{"start":{"line":22,"column":12},"end":{"line":22,"column":21}},{"start":{"line":22,"column":25},"end":{"line":22,"column":43}},{"start":{"line":22,"column":47},"end":{"line":22,"column":62}},{"start":{"line":22,"column":66},"end":{"line":22,"column":84}}],"line":22},"2":{"loc":{"start":{"line":28,"column":8},"end":{"line":30,"column":9}},"type":"if","locations":[{"start":{"line":28,"column":8},"end":{"line":30,"column":9}},{"start":{},"end":{}}],"line":28},"3":{"loc":{"start":{"line":33,"column":8},"end":{"line":35,"column":9}},"type":"if","locations":[{"start":{"line":33,"column":8},"end":{"line":35,"column":9}},{"start":{},"end":{}}],"line":33}},"s":{"0":2,"1":2,"2":2,"3":7,"4":7,"5":7,"6":3,"7":4,"8":4,"9":1,"10":3,"11":3,"12":1,"13":2,"14":2,"15":2,"16":2,"17":2,"18":2},"f":{"0":7,"1":7},"b":{"0":[3,4],"1":[7,7,6,5],"2":[1,3],"3":[1,2]},"_coverageSchema":"1a1c01bbd47fc00a2c39e90264f33305004495a9","hash":"9323c7a38f2c63f19a4f69098cd312cb1ee34367"}
,"D:\\VisualStudioCode\\CodebaseWinter2025\\CUOIKI\\JS-TaskManager\\business\\usecases\\auth\\VerifyTokenUseCase.js": {"path":"D:\\VisualStudioCode\\CodebaseWinter2025\\CUOIKI\\JS-TaskManager\\business\\usecases\\auth\\VerifyTokenUseCase.js","statementMap":{"0":{"start":{"line":1,"column":28},"end":{"line":1,"column":81}},"1":{"start":{"line":2,"column":54},"end":{"line":2,"column":89}},"2":{"start":{"line":10,"column":8},"end":{"line":10,"column":41}},"3":{"start":{"line":11,"column":8},"end":{"line":11,"column":45}},"4":{"start":{"line":21,"column":8},"end":{"line":23,"column":9}},"5":{"start":{"line":22,"column":12},"end":{"line":22,"column":68}},"6":{"start":{"line":25,"column":8},"end":{"line":47,"column":9}},"7":{"start":{"line":27,"column":28},"end":{"line":27,"column":65}},"8":{"start":{"line":30,"column":25},"end":{"line":30,"column":75}},"9":{"start":{"line":31,"column":12},"end":{"line":33,"column":13}},"10":{"start":{"line":32,"column":16},"end":{"line":32,"column":76}},"11":{"start":{"line":36,"column":12},"end":{"line":40,"column":14}},"12":{"start":{"line":43,"column":12},"end":{"line":45,"column":13}},"13":{"start":{"line":44,"column":16},"end":{"line":44,"column":28}},"14":{"start":{"line":46,"column":12},"end":{"line":46,"column":75}},"15":{"start":{"line":51,"column":0},"end":{"line":51,"column":40}}},"fnMap":{"0":{"name":"(anonymous_0)","decl":{"start":{"line":9,"column":4},"end":{"line":9,"column":5}},"loc":{"start":{"line":9,"column":46},"end":{"line":12,"column":5}},"line":9},"1":{"name":"(anonymous_1)","decl":{"start":{"line":19,"column":4},"end":{"line":19,"column":5}},"loc":{"start":{"line":19,"column":25},"end":{"line":48,"column":5}},"line":19}},"branchMap":{"0":{"loc":{"start":{"line":21,"column":8},"end":{"line":23,"column":9}},"type":"if","locations":[{"start":{"line":21,"column":8},"end":{"line":23,"column":9}},{"start":{},"end":{}}],"line":21},"1":{"loc":{"start":{"line":31,"column":12},"end":{"line":33,"column":13}},"type":"if","locations":[{"start":{"line":31,"column":12},"end":{"line":33,"column":13}},{"start":{},"end":{}}],"line":31},"2":{"loc":{"start":{"line":43,"column":12},"end":{"line":45,"column":13}},"type":"if","locations":[{"start":{"line":43,"column":12},"end":{"line":45,"column":13}},{"start":{},"end":{}}],"line":43}},"s":{"0":2,"1":2,"2":7,"3":7,"4":45,"5":2,"6":43,"7":43,"8":40,"9":40,"10":1,"11":39,"12":4,"13":1,"14":3,"15":2},"f":{"0":7,"1":45},"b":{"0":[2,43],"1":[1,39],"2":[1,3]},"_coverageSchema":"1a1c01bbd47fc00a2c39e90264f33305004495a9","hash":"2335994401cbca530469f49230b0a676358c95e2"}
,"D:\\VisualStudioCode\\CodebaseWinter2025\\CUOIKI\\JS-TaskManager\\business\\usecases\\tasks\\ChangeTaskStatusUseCase.js": {"path":"D:\\VisualStudioCode\\CodebaseWinter2025\\CUOIKI\\JS-TaskManager\\business\\usecases\\tasks\\ChangeTaskStatusUseCase.js","statementMap":{"0":{"start":{"line":1,"column":28},"end":{"line":1,"column":81}},"1":{"start":{"line":2,"column":23},"end":{"line":2,"column":73}},"2":{"start":{"line":3,"column":64},"end":{"line":3,"column":104}},"3":{"start":{"line":11,"column":8},"end":{"line":11,"column":45}},"4":{"start":{"line":23,"column":8},"end":{"line":25,"column":9}},"5":{"start":{"line":24,"column":12},"end":{"line":24,"column":95}},"6":{"start":{"line":28,"column":21},"end":{"line":28,"column":63}},"7":{"start":{"line":30,"column":8},"end":{"line":32,"column":9}},"8":{"start":{"line":31,"column":12},"end":{"line":31,"column":65}},"9":{"start":{"line":35,"column":8},"end":{"line":37,"column":9}},"10":{"start":{"line":36,"column":12},"end":{"line":36,"column":97}},"11":{"start":{"line":40,"column":8},"end":{"line":47,"column":9}},"12":{"start":{"line":41,"column":12},"end":{"line":41,"column":41}},"13":{"start":{"line":43,"column":12},"end":{"line":45,"column":13}},"14":{"start":{"line":44,"column":16},"end":{"line":44,"column":28}},"15":{"start":{"line":46,"column":12},"end":{"line":46,"column":65}},"16":{"start":{"line":50,"column":28},"end":{"line":50,"column":66}},"17":{"start":{"line":53,"column":8},"end":{"line":53,"column":63}},"18":{"start":{"line":60,"column":8},"end":{"line":60,"column":68}},"19":{"start":{"line":67,"column":8},"end":{"line":67,"column":66}},"20":{"start":{"line":74,"column":21},"end":{"line":74,"column":63}},"21":{"start":{"line":76,"column":8},"end":{"line":78,"column":9}},"22":{"start":{"line":77,"column":12},"end":{"line":77,"column":65}},"23":{"start":{"line":80,"column":8},"end":{"line":82,"column":9}},"24":{"start":{"line":81,"column":12},"end":{"line":81,"column":97}},"25":{"start":{"line":84,"column":8},"end":{"line":84,"column":22}},"26":{"start":{"line":85,"column":28},"end":{"line":85,"column":66}},"27":{"start":{"line":87,"column":8},"end":{"line":87,"column":63}},"28":{"start":{"line":91,"column":0},"end":{"line":91,"column":45}}},"fnMap":{"0":{"name":"(anonymous_0)","decl":{"start":{"line":10,"column":4},"end":{"line":10,"column":5}},"loc":{"start":{"line":10,"column":32},"end":{"line":12,"column":5}},"line":10},"1":{"name":"(anonymous_1)","decl":{"start":{"line":21,"column":4},"end":{"line":21,"column":5}},"loc":{"start":{"line":21,"column":45},"end":{"line":54,"column":5}},"line":21},"2":{"name":"(anonymous_2)","decl":{"start":{"line":59,"column":4},"end":{"line":59,"column":5}},"loc":{"start":{"line":59,"column":43},"end":{"line":61,"column":5}},"line":59},"3":{"name":"(anonymous_3)","decl":{"start":{"line":66,"column":4},"end":{"line":66,"column":5}},"loc":{"start":{"line":66,"column":42},"end":{"line":68,"column":5}},"line":66},"4":{"name":"(anonymous_4)","decl":{"start":{"line":73,"column":4},"end":{"line":73,"column":5}},"loc":{"start":{"line":73,"column":37},"end":{"line":88,"column":5}},"line":73}},"branchMap":{"0":{"loc":{"start":{"line":23,"column":8},"end":{"line":25,"column":9}},"type":"if","locations":[{"start":{"line":23,"column":8},"end":{"line":25,"column":9}},{"start":{},"end":{}}],"line":23},"1":{"loc":{"start":{"line":23,"column":12},"end":{"line":23,"column":44}},"type":"binary-expr","locations":[{"start":{"line":23,"column":12},"end":{"line":23,"column":19}},{"start":{"line":23,"column":23},"end":{"line":23,"column":33}},{"start":{"line":23,"column":37},"end":{"line":23,"column":44}}],"line":23},"2":{"loc":{"start":{"line":30,"column":8},"end":{"line":32,"column":9}},"type":"if","locations":[{"start":{"line":30,"column":8},"end":{"line":32,"column":9}},{"start":{},"end":{}}],"line":30},"3":{"loc":{"start":{"line":35,"column":8},"end":{"line":37,"column":9}},"type":"if","locations":[{"start":{"line":35,"column":8},"end":{"line":37,"column":9}},{"start":{},"end":{}}],"line":35},"4":{"loc":{"start":{"line":43,"column":12},"end":{"line":45,"column":13}},"type":"if","locations":[{"start":{"line":43,"column":12},"end":{"line":45,"column":13}},{"start":{},"end":{}}],"line":43},"5":{"loc":{"start":{"line":76,"column":8},"end":{"line":78,"column":9}},"type":"if","locations":[{"start":{"line":76,"column":8},"end":{"line":78,"column":9}},{"start":{},"end":{}}],"line":76},"6":{"loc":{"start":{"line":80,"column":8},"end":{"line":82,"column":9}},"type":"if","locations":[{"start":{"line":80,"column":8},"end":{"line":82,"column":9}},{"start":{},"end":{}}],"line":80}},"s":{"0":2,"1":2,"2":2,"3":12,"4":17,"5":2,"6":15,"7":15,"8":2,"9":13,"10":1,"11":12,"12":12,"13":4,"14":4,"15":0,"16":8,"17":8,"18":0,"19":0,"20":0,"21":0,"22":0,"23":0,"24":0,"25":0,"26":0,"27":0,"28":2},"f":{"0":12,"1":17,"2":0,"3":0,"4":0},"b":{"0":[2,15],"1":[17,15,15],"2":[2,13],"3":[1,12],"4":[4,0],"5":[0,0],"6":[0,0]},"_coverageSchema":"1a1c01bbd47fc00a2c39e90264f33305004495a9","hash":"1ac171a4093614ed2971d71e8476389fccfb4852"}
,"D:\\VisualStudioCode\\CodebaseWinter2025\\CUOIKI\\JS-TaskManager\\business\\usecases\\tasks\\CreateTaskUseCase.js": {"path":"D:\\VisualStudioCode\\CodebaseWinter2025\\CUOIKI\\JS-TaskManager\\business\\usecases\\tasks\\CreateTaskUseCase.js","statementMap":{"0":{"start":{"line":1,"column":17},"end":{"line":1,"column":57}},"1":{"start":{"line":2,"column":28},"end":{"line":2,"column":81}},"2":{"start":{"line":3,"column":52},"end":{"line":3,"column":86}},"3":{"start":{"line":11,"column":8},"end":{"line":11,"column":45}},"4":{"start":{"line":21,"column":8},"end":{"line":23,"column":9}},"5":{"start":{"line":22,"column":12},"end":{"line":22,"column":83}},"6":{"start":{"line":26,"column":21},"end":{"line":32,"column":9}},"7":{"start":{"line":35,"column":26},"end":{"line":35,"column":62}},"8":{"start":{"line":38,"column":8},"end":{"line":38,"column":55}},"9":{"start":{"line":42,"column":0},"end":{"line":42,"column":39}}},"fnMap":{"0":{"name":"(anonymous_0)","decl":{"start":{"line":10,"column":4},"end":{"line":10,"column":5}},"loc":{"start":{"line":10,"column":32},"end":{"line":12,"column":5}},"line":10},"1":{"name":"(anonymous_1)","decl":{"start":{"line":19,"column":4},"end":{"line":19,"column":5}},"loc":{"start":{"line":19,"column":28},"end":{"line":39,"column":5}},"line":19}},"branchMap":{"0":{"loc":{"start":{"line":21,"column":8},"end":{"line":23,"column":9}},"type":"if","locations":[{"start":{"line":21,"column":8},"end":{"line":23,"column":9}},{"start":{},"end":{}}],"line":21},"1":{"loc":{"start":{"line":21,"column":12},"end":{"line":21,"column":60}},"type":"binary-expr","locations":[{"start":{"line":21,"column":12},"end":{"line":21,"column":21}},{"start":{"line":21,"column":25},"end":{"line":21,"column":40}},{"start":{"line":21,"column":44},"end":{"line":21,"column":60}}],"line":21}},"s":{"0":2,"1":2,"2":2,"3":6,"4":13,"5":3,"6":10,"7":9,"8":9,"9":2},"f":{"0":6,"1":13},"b":{"0":[3,10],"1":[13,12,11]},"_coverageSchema":"1a1c01bbd47fc00a2c39e90264f33305004495a9","hash":"76f107d97e1e02858b846bf319d0cd7dc40ef829"}
[...]
":{"line":28,"column":23},"end":{"line":39,"column":14}},"4":{"start":{"line":40,"column":8},"end":{"line":40,"column":35}},"5":{"start":{"line":47,"column":24},"end":{"line":47,"column":38}},"6":{"start":{"line":48,"column":23},"end":{"line":50,"column":69}},"7":{"start":{"line":51,"column":8},"end":{"line":51,"column":43}},"8":{"start":{"line":58,"column":24},"end":{"line":58,"column":38}},"9":{"start":{"line":59,"column":23},"end":{"line":65,"column":14}},"10":{"start":{"line":66,"column":8},"end":{"line":66,"column":32}},"11":{"start":{"line":73,"column":24},"end":{"line":73,"column":38}},"12":{"start":{"line":74,"column":23},"end":{"line":81,"column":14}},"13":{"start":{"line":82,"column":8},"end":{"line":82,"column":32}},"14":{"start":{"line":89,"column":24},"end":{"line":89,"column":38}},"15":{"start":{"line":92,"column":20},"end":{"line":92,"column":52}},"16":{"start":{"line":93,"column":24},"end":{"line":93,"column":26}},"17":{"start":{"line":95,"column":8},"end":{"line":98,"column":9}},"18":{"start":{"line":96,"column":12},"end":{"line":96,"column":61}},"19":{"start":{"line":97,"column":12},"end":{"line":97,"column":43}},"20":{"start":{"line":99,"column":8},"end":{"line":102,"column":9}},"21":{"start":{"line":100,"column":12},"end":{"line":100,"column":80}},"22":{"start":{"line":101,"column":12},"end":{"line":101,"column":55}},"23":{"start":{"line":103,"column":8},"end":{"line":106,"column":9}},"24":{"start":{"line":104,"column":12},"end":{"line":104,"column":67}},"25":{"start":{"line":105,"column":12},"end":{"line":105,"column":53}},"26":{"start":{"line":107,"column":8},"end":{"line":110,"column":9}},"27":{"start":{"line":108,"column":12},"end":{"line":108,"column":63}},"28":{"start":{"line":109,"column":12},"end":{"line":109,"column":49}},"29":{"start":{"line":112,"column":8},"end":{"line":114,"column":9}},"30":{"start":{"line":113,"column":12},"end":{"line":113,"column":49}},"31":{"start":{"line":116,"column":8},"end":{"line":116,"column":56}},"32":{"start":{"line":119,"column":8},"end":{"line":119,"column":54}},"33":{"start":{"line":120,"column":8},"end":{"line":120,"column":35}},"34":{"start":{"line":123,"column":8},"end":{"line":123,"column":45}},"35":{"start":{"line":130,"column":24},"end":{"line":130,"column":38}},"36":{"start":{"line":132,"column":8},"end":{"line":139,"column":15}},"37":{"start":{"line":142,"column":8},"end":{"line":142,"column":45}},"38":{"start":{"line":149,"column":24},"end":{"line":149,"column":38}},"39":{"start":{"line":150,"column":8},"end":{"line":152,"column":68}},"40":{"start":{"line":159,"column":24},"end":{"line":159,"column":38}},"41":{"start":{"line":160,"column":8},"end":{"line":162,"column":77}},"42":{"start":{"line":169,"column":24},"end":{"line":169,"column":38}},"43":{"start":{"line":170,"column":23},"end":{"line":176,"column":14}},"44":{"start":{"line":177,"column":8},"end":{"line":177,"column":41}},"45":{"start":{"line":184,"column":24},"end":{"line":184,"column":38}},"46":{"start":{"line":185,"column":23},"end":{"line":200,"column":14}},"47":{"start":{"line":201,"column":8},"end":{"line":201,"column":35}},"48":{"start":{"line":205,"column":0},"end":{"line":205,"column":31}}},"fnMap":{"0":{"name":"(anonymous_0)","decl":{"start":{"line":26,"column":4},"end":{"line":26,"column":5}},"loc":{"start":{"line":26,"column":105},"end":{"line":41,"column":5}},"line":26},"1":{"name":"(anonymous_1)","decl":{"start":{"line":46,"column":4},"end":{"line":46,"column":5}},"loc":{"start":{"line":46,"column":36},"end":{"line":52,"column":5}},"line":46},"2":{"name":"(anonymous_2)","decl":{"start":{"line":57,"column":4},"end":{"line":57,"column":5}},"loc":{"start":{"line":57,"column":44},"end":{"line":67,"column":5}},"line":57},"3":{"name":"(anonymous_3)","decl":{"start":{"line":72,"column":4},"end":{"line":72,"column":5}},"loc":{"start":{"line":72,"column":61},"end":{"line":83,"column":5}},"line":72},"4":{"name":"(anonymous_4)","decl":{"start":{"line":88,"column":4},"end":{"line":88,"column":5}},"loc":{"start":{"line":88,"column":80},"end":{"line":124,"column":5}},"line":88},"5":{"name":"(anonymous_5)","decl":{"start":{"line":129,"column":4},"end":{"line":129,"column":5}},"loc":{"start":{"line":129,"column":48},"end":{"line":143,"column":5}},"line":129},"6":{"name":"(anonymous_6)","decl":{"start":{"line":148,"column":4},"end":{"line":148,"column":5}},"loc":{"start":{"line":148,"column":34},"end":{"line":153,"column":5}},"line":148},"7":{"name":"(anonymous_7)","decl":{"start":{"line":158,"column":4},"end":{"line":158,"column":5}},"loc":{"start":{"line":158,"column":46},"end":{"line":163,"column":5}},"line":158},"8":{"name":"(anonymous_8)","decl":{"start":{"line":168,"column":4},"end":{"line":168,"column":5}},"loc":{"start":{"line":168,"column":62},"end":{"line":178,"column":5}},"line":168},"9":{"name":"(anonymous_9)","decl":{"start":{"line":183,"column":4},"end":{"line":183,"column":5}},"loc":{"start":{"line":183,"column":45},"end":{"line":202,"column":5}},"line":183}},"branchMap":{"0":{"loc":{"start":{"line":26,"column":61},"end":{"line":26,"column":79}},"type":"default-arg","locations":[{"start":{"line":26,"column":70},"end":{"line":26,"column":79}}],"line":26},"1":{"loc":{"start":{"line":31,"column":54},"end":{"line":31,"column":71}},"type":"binary-expr","locations":[{"start":{"line":31,"column":54},"end":{"line":31,"column":65}},{"start":{"line":31,"column":69},"end":{"line":31,"column":71}}],"line":31},"2":{"loc":{"start":{"line":33,"column":48},"end":{"line":33,"column":72}},"type":"binary-expr","locations":[{"start":{"line":33,"column":48},"end":{"line":33,"column":58}},{"start":{"line":33,"column":62},"end":{"line":33,"column":72}}],"line":33},"3":{"loc":{"start":{"line":34,"column":46},"end":{"line":34,"column":62}},"type":"binary-expr","locations":[{"start":{"line":34,"column":46},"end":{"line":34,"column":54}},{"start":{"line":34,"column":58},"end":{"line":34,"column":62}}],"line":34},"4":{"loc":{"start":{"line":51,"column":15},"end":{"line":51,"column":42}},"type":"binary-expr","locations":[{"start":{"line":51,"column":15},"end":{"line":51,"column":34}},{"start":{"line":51,"column":38},"end":{"line":51,"column":42}}],"line":51},"5":{"loc":{"start":{"line":95,"column":8},"end":{"line":98,"column":9}},"type":"if","locations":[{"start":{"line":95,"column":8},"end":{"line":98,"column":9}},{"start":{},"end":{}}],"line":95},"6":{"loc":{"start":{"line":99,"column":8},"end":{"line":102,"column":9}},"type":"if","locations":[{"start":{"line":99,"column":8},"end":{"line":102,"column":9}},{"start":{},"end":{}}],"line":99},"7":{"loc":{"start":{"line":100,"column":61},"end":{"line":100,"column":78}},"type":"binary-expr","locations":[{"start":{"line":100,"column":61},"end":{"line":100,"column":72}},{"start":{"line":100,"column":76},"end":{"line":100,"column":78}}],"line":100},"8":{"loc":{"start":{"line":103,"column":8},"end":{"line":106,"column":9}},"type":"if","locations":[{"start":{"line":103,"column":8},"end":{"line":106,"column":9}},{"start":{},"end":{}}],"line":103},"9":{"loc":{"start":{"line":107,"column":8},"end":{"line":110,"column":9}},"type":"if","locations":[{"start":{"line":107,"column":8},"end":{"line":110,"column":9}},{"start":{},"end":{}}],"line":107},"10":{"loc":{"start":{"line":112,"column":8},"end":{"line":114,"column":9}},"type":"if","locations":[{"start":{"line":112,"column":8},"end":{"line":114,"column":9}},{"start":{},"end":{}}],"line":112}},"s":{"0":2,"1":2,"2":8,"3":8,"4":8,"5":41,"6":41,"7":41,"8":3,"9":3,"10":3,"11":3,"12":3,"13":3,"14":6,"15":6,"16":6,"17":6,"18":6,"19":6,"20":6,"21":6,"22":6,"23":6,"24":6,"25":6,"26":6,"27":6,"28":6,"29":6,"30":0,"31":6,"32":6,"33":6,"34":6,"35":6,"36":6,"37":6,"38":8,"39":8,"40":0,"41":0,"42":8,"43":8,"44":8,"45":0,"46":0,"47":0,"48":2},"f":{"0":8,"1":41,"2":3,"3":3,"4":6,"5":6,"6":8,"7":0,"8":8,"9":0},"b":{"0":[0],"1":[8,1],"2":[8,0],"3":[8,4],"4":[41,7],"5":[6,0],"6":[6,0],"7":[6,0],"8":[6,0],"9":[6,0],"10":[0,6]},"_coverageSchema":"1a1c01bbd47fc00a2c39e90264f33305004495a9","hash":"e2f25460c559d59a1c54ee38fae95fee956c7731"}
,"D:\\VisualStudioCode\\CodebaseWinter2025\\CUOIKI\\JS-TaskManager\\infrastructure\\database\\models\\UserModel.js": {"path":"D:\\VisualStudioCode\\CodebaseWinter2025\\CUOIKI\\JS-TaskManager\\infrastructure\\database\\models\\UserModel.js","statementMap":{"0":{"start":{"line":1,"column":12},"end":{"line":1,"column":28}},"1":{"start":{"line":18,"column":24},"end":{"line":18,"column":31}},"2":{"start":{"line":24,"column":24},"end":{"line":24,"column":38}},"3":{"start":{"line":25,"column":23},"end":{"line":33,"column":14}},"4":{"start":{"line":34,"column":8},"end":{"line":34,"column":35}},"5":{"start":{"line":41,"column":24},"end":{"line":41,"column":38}},"6":{"start":{"line":42,"column":23},"end":{"line":44,"column":69}},"7":{"start":{"line":45,"column":8},"end":{"line":45,"column":43}},"8":{"start":{"line":52,"column":24},"end":{"line":52,"column":38}},"9":{"start":{"line":53,"column":23},"end":{"line":55,"column":75}},"10":{"start":{"line":56,"column":8},"end":{"line":56,"column":43}},"11":{"start":{"line":63,"column":24},"end":{"line":63,"column":38}},"12":{"start":{"line":64,"column":23},"end":{"line":66,"column":81}},"13":{"start":{"line":67,"column":8},"end":{"line":67,"column":43}},"14":{"start":{"line":74,"column":24},"end":{"line":74,"column":38}},"15":{"start":{"line":75,"column":23},"end":{"line":77,"column":91}},"16":{"start":{"line":78,"column":8},"end":{"line":78,"column":45}},"17":{"start":{"line":85,"column":24},"end":{"line":85,"column":38}},"18":{"start":{"line":86,"column":23},"end":{"line":88,"column":97}},"19":{"start":{"line":89,"column":8},"end":{"line":89,"column":45}},"20":{"start":{"line":96,"column":24},"end":{"line":96,"column":38}},"21":{"start":{"line":98,"column":8},"end":{"line":106,"column":15}},"22":{"start":{"line":109,"column":8},"end":{"line":109,"column":45}},"23":{"start":{"line":116,"column":24},"end":{"line":116,"column":38}},"24":{"start":{"line":118,"column":8},"end":{"line":125,"column":15}},"25":{"start":{"line":128,"column":8},"end":{"line":128,"column":45}},"26":{"start":{"line":135,"column":24},"end":{"line":135,"column":38}},"27":{"start":{"line":136,"column":8},"end":{"line":138,"column":68}},"28":{"start":{"line":142,"column":0},"end":{"line":142,"column":31}}},"fnMap":{"0":{"name":"(anonymous_0)","decl":{"start":{"line":23,"column":4},"end":{"line":23,"column":5}},"loc":{"start":{"line":23,"column":61},"end":{"line":35,"column":5}},"line":23},"1":{"name":"(anonymous_1)","decl":{"start":{"line":40,"column":4},"end":{"line":40,"column":5}},"loc":{"start":{"line":40,"column":36},"end":{"line":46,"column":5}},"line":40},"2":{"name":"(anonymous_2)","decl":{"start":{"line":51,"column":4},"end":{"line":51,"column":5}},"loc":{"start":{"line":51,"column":42},"end":{"line":57,"column":5}},"line":51},"3":{"name":"(anonymous_3)","decl":{"start":{"line":62,"column":4},"end":{"line":62,"column":5}},"loc":{"start":{"line":62,"column":48},"end":{"line":68,"column":5}},"line":62},"4":{"name":"(anonymous_4)","decl":{"start":{"line":73,"column":4},"end":{"line":73,"column":5}},"loc":{"start":{"line":73,"column":44},"end":{"line":79,"column":5}},"line":73},"5":{"name":"(anonymous_5)","decl":{"start":{"line":84,"column":4},"end":{"line":84,"column":5}},"loc":{"start":{"line":84,"column":50},"end":{"line":90,"column":5}},"line":84},"6":{"name":"(anonymous_6)","decl":{"start":{"line":95,"column":4},"end":{"line":95,"column":5}},"loc":{"start":{"line":95,"column":55},"end":{"line":110,"column":5}},"line":95},"7":{"name":"(anonymous_7)","decl":{"start":{"line":115,"column":4},"end":{"line":115,"column":5}},"loc":{"start":{"line":115,"column":58},"end":{"line":129,"column":5}},"line":115},"8":{"name":"(anonymous_8)","decl":{"start":{"line":134,"column":4},"end":{"line":134,"column":5}},"loc":{"start":{"line":134,"column":34},"end":{"line":139,"column":5}},"line":134}},"branchMap":{"0":{"loc":{"start":{"line":45,"column":15},"end":{"line":45,"column":42}},"type":"binary-expr","locations":[{"start":{"line":45,"column":15},"end":{"line":45,"column":34}},{"start":{"line":45,"column":38},"end":{"line":45,"column":42}}],"line":45},"1":{"loc":{"start":{"line":56,"column":15},"end":{"line":56,"column":42}},"type":"binary-expr","locations":[{"start":{"line":56,"column":15},"end":{"line":56,"column":34}},{"start":{"line":56,"column":38},"end":{"line":56,"column":42}}],"line":56},"2":{"loc":{"start":{"line":67,"column":15},"end":{"line":67,"column":42}},"type":"binary-expr","locations":[{"start":{"line":67,"column":15},"end":{"line":67,"column":34}},{"start":{"line":67,"column":38},"end":{"line":67,"column":42}}],"line":67}},"s":{"0":3,"1":3,"2":4,"3":4,"4":4,"5":44,"6":44,"7":44,"8":4,"9":4,"10":4,"11":1,"12":1,"13":1,"14":2,"15":2,"16":2,"17":2,"18":2,"19":2,"20":0,"21":0,"22":0,"23":0,"24":0,"25":0,"26":3,"27":3,"28":3},"f":{"0":4,"1":44,"2":4,"3":1,"4":2,"5":2,"6":0,"7":0,"8":3},"b":{"0":[44,2],"1":[4,2],"2":[1,1]},"_coverageSchema":"1a1c01bbd47fc00a2c39e90264f33305004495a9","hash":"44e31bdaac5329760ee34b23a6c84b25b5033438"}
,"D:\\VisualStudioCode\\CodebaseWinter2025\\CUOIKI\\JS-TaskManager\\infrastructure\\security\\BcryptPasswordService.js": {"path":"D:\\VisualStudioCode\\CodebaseWinter2025\\CUOIKI\\JS-TaskManager\\infrastructure\\security\\BcryptPasswordService.js","statementMap":{"0":{"start":{"line":1,"column":15},"end":{"line":1,"column":32}},"1":{"start":{"line":2,"column":28},"end":{"line":2,"column":75}},"2":{"start":{"line":10,"column":8},"end":{"line":10,"column":16}},"3":{"start":{"line":11,"column":8},"end":{"line":11,"column":37}},"4":{"start":{"line":18,"column":8},"end":{"line":20,"column":9}},"5":{"start":{"line":19,"column":12},"end":{"line":19,"column":64}},"6":{"start":{"line":21,"column":8},"end":{"line":21,"column":65}},"7":{"start":{"line":28,"column":8},"end":{"line":30,"column":9}},"8":{"start":{"line":29,"column":12},"end":{"line":29,"column":25}},"9":{"start":{"line":31,"column":8},"end":{"line":31,"column":67}},"10":{"start":{"line":35,"column":0},"end":{"line":35,"column":43}}},"fnMap":{"0":{"name":"(anonymous_0)","decl":{"start":{"line":9,"column":4},"end":{"line":9,"column":5}},"loc":{"start":{"line":9,"column":33},"end":{"line":12,"column":5}},"line":9},"1":{"name":"(anonymous_1)","decl":{"start":{"line":17,"column":4},"end":{"line":17,"column":5}},"loc":{"start":{"line":17,"column":30},"end":{"line":22,"column":5}},"line":17},"2":{"name":"(anonymous_2)","decl":{"start":{"line":27,"column":4},"end":{"line":27,"column":5}},"loc":{"start":{"line":27,"column":48},"end":{"line":32,"column":5}},"line":27}},"branchMap":{"0":{"loc":{"start":{"line":9,"column":16},"end":{"line":9,"column":31}},"type":"default-arg","locations":[{"start":{"line":9,"column":29},"end":{"line":9,"column":31}}],"line":9},"1":{"loc":{"start":{"line":18,"column":8},"end":{"line":20,"column":9}},"type":"if","locations":[{"start":{"line":18,"column":8},"end":{"line":20,"column":9}},{"start":{},"end":{}}],"line":18},"2":{"loc":{"start":{"line":28,"column":8},"end":{"line":30,"column":9}},"type":"if","locations":[{"start":{"line":28,"column":8},"end":{"line":30,"column":9}},{"start":{},"end":{}}],"line":28},"3":{"loc":{"start":{"line":28,"column":12},"end":{"line":28,"column":45}},"type":"binary-expr","locations":[{"start":{"line":28,"column":12},"end":{"line":28,"column":26}},{"start":{"line":28,"column":30},"end":{"line":28,"column":45}}],"line":28}},"s":{"0":1,"1":1,"2":1,"3":1,"4":1,"5":0,"6":1,"7":1,"8":0,"9":1,"10":1},"f":{"0":1,"1":1,"2":1},"b":{"0":[0],"1":[0,1],"2":[0,1],"3":[1,1]},"_coverageSchema":"1a1c01bbd47fc00a2c39e90264f33305004495a9","hash":"843549541b1db9d167963c4b5cf192286c398c95"}
,"D:\\VisualStudioCode\\CodebaseWinter2025\\CUOIKI\\JS-TaskManager\\infrastructure\\security\\JwtTokenService.js": {"path":"D:\\VisualStudioCode\\CodebaseWinter2025\\CUOIKI\\JS-TaskManager\\infrastructure\\security\\JwtTokenService.js","statementMap":{"0":{"start":{"line":1,"column":12},"end":{"line":1,"column":35}},"1":{"start":{"line":2,"column":25},"end":{"line":2,"column":69}},"2":{"start":{"line":10,"column":8},"end":{"line":10,"column":16}},"3":{"start":{"line":11,"column":8},"end":{"line":13,"column":9}},"4":{"start":{"line":12,"column":12},"end":{"line":12,"column":54}},"5":{"start":{"line":14,"column":8},"end":{"line":14,"column":29}},"6":{"start":{"line":15,"column":8},"end":{"line":15,"column":35}},"7":{"start":{"line":22,"column":8},"end":{"line":24,"column":9}},"8":{"start":{"line":23,"column":12},"end":{"line":23,"column":72}},"9":{"start":{"line":26,"column":8},"end":{"line":28,"column":11}},"10":{"start":{"line":35,"column":8},"end":{"line":37,"column":9}},"11":{"start":{"line":36,"column":12},"end":{"line":36,"column":66}},"12":{"start":{"line":39,"column":8},"end":{"line":49,"column":9}},"13":{"start":{"line":40,"column":12},"end":{"line":40,"column":50}},"14":{"start":{"line":42,"column":12},"end":{"line":44,"column":13}},"15":{"start":{"line":43,"column":16},"end":{"line":43,"column":53}},"16":{"start":{"line":45,"column":12},"end":{"line":47,"column":13}},"17":{"start":{"line":46,"column":16},"end":{"line":46,"column":49}},"18":{"start":{"line":48,"column":12},"end":{"line":48,"column":24}},"19":{"start":{"line":56,"column":8},"end":{"line":58,"column":9}},"20":{"start":{"line":57,"column":12},"end":{"line":57,"column":24}},"21":{"start":{"line":59,"column":8},"end":{"line":59,"column":33}},"22":{"start":{"line":63,"column":0},"end":{"line":63,"column":37}}},"fnMap":{"0":{"name":"(anonymous_0)","decl":{"start":{"line":9,"column":4},"end":{"line":9,"column":5}},"loc":{"start":{"line":9,"column":42},"end":{"line":16,"column":5}},"line":9},"1":{"name":"(anonymous_1)","decl":{"start":{"line":21,"column":4},"end":{"line":21,"column":5}},"loc":{"start":{"line":21,"column":28},"end":{"line":29,"column":5}},"line":21},"2":{"name":"(anonymous_2)","decl":{"start":{"line":34,"column":4},"end":{"line":34,"column":5}},"loc":{"start":{"line":34,"column":24},"end":{"line":50,"column":5}},"line":34},"3":{"name":"(anonymous_3)","decl":{"start":{"line":55,"column":4},"end":{"line":55,"column":5}},"loc":{"start":{"line":55,"column":18},"end":{"line":60,"column":5}},"line":55}},"branchMap":{"0":{"loc":{"start":{"line":9,"column":24},"end":{"line":9,"column":40}},"type":"default-arg","locations":[{"start":{"line":9,"column":36},"end":{"line":9,"column":40}}],"line":9},"1":{"loc":{"start":{"line":11,"column":8},"end":{"line":13,"column":9}},"type":"if","locations":[{"start":{"line":11,"column":8},"end":{"line":13,"column":9}},{"start":{},"end":{}}],"line":11},"2":{"loc":{"start":{"line":22,"column":8},"end":{"line":24,"column":9}},"type":"if","locations":[{"start":{"line":22,"column":8},"end":{"line":24,"column":9}},{"start":{},"end":{}}],"line":22},"3":{"loc":{"start":{"line":35,"column":8},"end":{"line":37,"column":9}},"type":"if","locations":[{"start":{"line":35,"column":8},"end":{"line":37,"column":9}},{"start":{},"end":{}}],"line":35},"4":{"loc":{"start":{"line":42,"column":12},"end":{"line":44,"column":13}},"type":"if","locations":[{"start":{"line":42,"column":12},"end":{"line":44,"column":13}},{"start":{},"end":{}}],"line":42},"5":{"loc":{"start":{"line":45,"column":12},"end":{"line":47,"column":13}},"type":"if","locations":[{"start":{"line":45,"column":12},"end":{"line":47,"column":13}},{"start":{},"end":{}}],"line":45},"6":{"loc":{"start":{"line":56,"column":8},"end":{"line":58,"column":9}},"type":"if","locations":[{"start":{"line":56,"column":8},"end":{"line":58,"column":9}},{"start":{},"end":{}}],"line":56}},"s":{"0":1,"1":1,"2":1,"3":1,"4":0,"5":1,"6":1,"7":1,"8":0,"9":1,"10":39,"11":0,"12":39,"13":39,"14":1,"15":0,"16":1,"17":1,"18":0,"19":0,"20":0,"21":0,"22":1},"f":{"0":1,"1":1,"2":39,"3":0},"b":{"0":[0],"1":[0,1],"2":[0,1],"3":[0,39],"4":[0,1],"5":[1,0],"6":[0,0]},"_coverageSchema":"1a1c01bbd47fc00a2c39e90264f33305004495a9","hash":"7ef26eddd334f2adbee60723d26c513ff8175082"}
}
