{"D:\\VisualStudioCode\\CodebaseWinter2025\\CUOIKI\\JS-TaskManager\\adapters\\controllers\\AuthController.js": {"path":"D:\\VisualStudioCode\\CodebaseWinter2025\\CUOIKI\\JS-TaskManager\\adapters\\controllers\\AuthController.js","statementMap":{"0":{"start":{"line":1,"column":33},"end":{"line":1,"column":78}},"1":{"start":{"line":2,"column":30},"end":{"line":2,"column":72}},"2":{"start":{"line":3,"column":28},"end":{"line":3,"column":78}},"3":{"start":{"line":11,"column":8},"end":{"line":11,"column":47}},"4":{"start":{"line":12,"column":8},"end":{"line":12,"column":41}},"5":{"start":{"line":13,"column":8},"end":{"line":13,"column":53}},"6":{"start":{"line":20,"column":8},"end":{"line":48,"column":9}},"7":{"start":{"line":21,"column":50},"end":{"line":21,"column":58}},"8":{"start":{"line":24,"column":12},"end":{"line":29,"column":13}},"9":{"start":{"line":25,"column":16},"end":{"line":28,"column":19}},"10":{"start":{"line":32,"column":29},"end":{"line":32,"column":80}},"11":{"start":{"line":35,"column":30},"end":{"line":35,"column":74}},"12":{"start":{"line":38,"column":12},"end":{"line":44,"column":15}},"13":{"start":{"line":47,"column":12},"end":{"line":47,"column":48}},"14":{"start":{"line":55,"column":8},"end":{"line":81,"column":9}},"15":{"start":{"line":56,"column":40},"end":{"line":56,"column":48}},"16":{"start":{"line":59,"column":12},"end":{"line":64,"column":13}},"17":{"start":{"line":60,"column":16},"end":{"line":63,"column":19}},"18":{"start":{"line":67,"column":29},"end":{"line":67,"column":67}},"19":{"start":{"line":70,"column":30},"end":{"line":70,"column":71}},"20":{"start":{"line":73,"column":12},"end":{"line":77,"column":15}},"21":{"start":{"line":80,"column":12},"end":{"line":80,"column":48}},"22":{"start":{"line":89,"column":8},"end":{"line":112,"column":9}},"23":{"start":{"line":91,"column":31},"end":{"line":91,"column":56}},"24":{"start":{"line":92,"column":12},"end":{"line":97,"column":13}},"25":{"start":{"line":93,"column":16},"end":{"line":96,"column":19}},"26":{"start":{"line":99,"column":26},"end":{"line":99,"column":49}},"27":{"start":{"line":102,"column":25},"end":{"line":102,"column":69}},"28":{"start":{"line":105,"column":12},"end":{"line":108,"column":15}},"29":{"start":{"line":111,"column":12},"end":{"line":111,"column":48}},"30":{"start":{"line":120,"column":8},"end":{"line":123,"column":11}},"31":{"start":{"line":130,"column":8},"end":{"line":137,"column":9}},"32":{"start":{"line":131,"column":31},"end":{"line":131,"column":74}},"33":{"start":{"line":132,"column":12},"end":{"line":136,"column":15}},"34":{"start":{"line":140,"column":8},"end":{"line":140,"column":50}},"35":{"start":{"line":141,"column":8},"end":{"line":144,"column":11}},"36":{"start":{"line":151,"column":26},"end":{"line":151,"column":50}},"37":{"start":{"line":152,"column":8},"end":{"line":163,"column":9}},"38":{"start":{"line":154,"column":16},"end":{"line":154,"column":27}},"39":{"start":{"line":156,"column":16},"end":{"line":156,"column":27}},"40":{"start":{"line":158,"column":16},"end":{"line":158,"column":27}},"41":{"start":{"line":160,"column":16},"end":{"line":160,"column":27}},"42":{"start":{"line":162,"column":16},"end":{"line":162,"column":27}},"43":{"start":{"line":167,"column":0},"end":{"line":167,"column":36}}},"fnMap":{"0":{"name":"(anonymous_0)","decl":{"start":{"line":10,"column":4},"end":{"line":10,"column":5}},"loc":{"start":{"line":10,"column":67},"end":{"line":14,"column":5}},"line":10},"1":{"name":"(anonymous_1)","decl":{"start":{"line":19,"column":4},"end":{"line":19,"column":5}},"loc":{"start":{"line":19,"column":29},"end":{"line":49,"column":5}},"line":19},"2":{"name":"(anonymous_2)","decl":{"start":{"line":54,"column":4},"end":{"line":54,"column":5}},"loc":{"start":{"line":54,"column":26},"end":{"line":82,"column":5}},"line":54},"3":{"name":"(anonymous_3)","decl":{"start":{"line":88,"column":4},"end":{"line":88,"column":5}},"loc":{"start":{"line":88,"column":35},"end":{"line":113,"column":5}},"line":88},"4":{"name":"(anonymous_4)","decl":{"start":{"line":119,"column":4},"end":{"line":119,"column":5}},"loc":{"start":{"line":119,"column":21},"end":{"line":124,"column":5}},"line":119},"5":{"name":"(anonymous_5)","decl":{"start":{"line":129,"column":4},"end":{"line":129,"column":5}},"loc":{"start":{"line":129,"column":28},"end":{"line":145,"column":5}},"line":129},"6":{"name":"(anonymous_6)","decl":{"start":{"line":150,"column":4},"end":{"line":150,"column":5}},"loc":{"start":{"line":150,"column":47},"end":{"line":164,"column":5}},"line":150}},"branchMap":{"0":{"loc":{"start":{"line":24,"column":12},"end":{"line":29,"column":13}},"type":"if","locations":[{"start":{"line":24,"column":12},"end":{"line":29,"column":13}},{"start":{},"end":{}}],"line":24},"1":{"loc":{"start":{"line":24,"column":16},"end":{"line":24,"column":48}},"type":"binary-expr","locations":[{"start":{"line":24,"column":16},"end":{"line":24,"column":25}},{"start":{"line":24,"column":29},"end":{"line":24,"column":35}},{"start":{"line":24,"column":39},"end":{"line":24,"column":48}}],"line":24},"2":{"loc":{"start":{"line":59,"column":12},"end":{"line":64,"column":13}},"type":"if","locations":[{"start":{"line":59,"column":12},"end":{"line":64,"column":13}},{"start":{},"end":{}}],"line":59},"3":{"loc":{"start":{"line":59,"column":16},"end":{"line":59,"column":35}},"type":"binary-expr","locations":[{"start":{"line":59,"column":16},"end":{"line":59,"column":22}},{"start":{"line":59,"column":26},"end":{"line":59,"column":35}}],"line":59},"4":{"loc":{"start":{"line":92,"column":12},"end":{"line":97,"column":13}},"type":"if","locations":[{"start":{"line":92,"column":12},"end":{"line":97,"column":13}},{"start":{},"end":{}}],"line":92},"5":{"loc":{"start":{"line":92,"column":16},"end":{"line":92,"column":64}},"type":"binary-expr","locations":[{"start":{"line":92,"column":16},"end":{"line":92,"column":27}},{"start":{"line":92,"column":31},"end":{"line":92,"column":64}}],"line":92},"6":{"loc":{"start":{"line":130,"column":8},"end":{"line":137,"column":9}},"type":"if","locations":[{"start":{"line":130,"column":8},"end":{"line":137,"column":9}},{"start":{},"end":{}}],"line":130},"7":{"loc":{"start":{"line":152,"column":8},"end":{"line":163,"column":9}},"type":"switch","locations":[{"start":{"line":153,"column":12},"end":{"line":154,"column":27}},{"start":{"line":155,"column":12},"end":{"line":156,"column":27}},{"start":{"line":157,"column":12},"end":{"line":158,"column":27}},{"start":{"line":159,"column":12},"end":{"line":160,"column":27}},{"start":{"line":161,"column":12},"end":{"line":162,"column":27}}],"line":152}},"s":{"0":0,"1":0,"2":0,"3":0,"4":0,"5":0,"6":0,"7":0,"8":0,"9":0,"10":0,"11":0,"12":0,"13":0,"14":0,"15":0,"16":0,"17":0,"18":0,"19":0,"20":0,"21":0,"22":0,"23":0,"24":0,"25":0,"26":0,"27":0,"28":0,"29":0,"30":0,"31":0,"32":0,"33":0,"34":0,"35":0,"36":0,"37":0,"38":0,"39":0,"40":0,"41":0,"42":0,"43":0},"f":{"0":0,"1":0,"2":0,"3":0,"4":0,"5":0,"6":0},"b":{"0":[0,0],"1":[0,0,0],"2":[0,0],"3":[0,0],"4":[0,0],"5":[0,0],"6":[0,0],"7":[0,0,0,0,0]}}
,"D:\\VisualStudioCode\\CodebaseWinter2025\\CUOIKI\\JS-TaskManager\\adapters\\controllers\\TaskController.js": {"path":"D:\\VisualStudioCode\\CodebaseWinter2025\\CUOIKI\\JS-TaskManager\\adapters\\controllers\\TaskController.js","statementMap":{"0":{"start":{"line":7,"column":4},"end":{"line":7,"column":29}},"1":{"start":{"line":8,"column":28},"end":{"line":8,"column":78}},"2":{"start":{"line":24,"column":8},"end":{"line":24,"column":51}},"3":{"start":{"line":25,"column":8},"end":{"line":25,"column":47}},"4":{"start":{"line":26,"column":8},"end":{"line":26,"column":53}},"5":{"start":{"line":27,"column":8},"end":{"line":27,"column":51}},"6":{"start":{"line":28,"column":8},"end":{"line":28,"column":51}},"7":{"start":{"line":29,"column":8},"end":{"line":29,"column":63}},"8":{"start":{"line":30,"column":8},"end":{"line":30,"column":65}},"9":{"start":{"line":38,"column":8},"end":{"line":66,"column":9}},"10":{"start":{"line":39,"column":43},"end":{"line":39,"column":51}},"11":{"start":{"line":40,"column":27},"end":{"line":40,"column":42}},"12":{"start":{"line":42,"column":12},"end":{"line":47,"column":13}},"13":{"start":{"line":43,"column":16},"end":{"line":46,"column":19}},"14":{"start":{"line":49,"column":29},"end":{"line":49,"column":79}},"15":{"start":{"line":50,"column":30},"end":{"line":50,"column":76}},"16":{"start":{"line":52,"column":12},"end":{"line":62,"column":15}},"17":{"start":{"line":65,"column":12},"end":{"line":65,"column":48}},"18":{"start":{"line":74,"column":8},"end":{"line":100,"column":9}},"19":{"start":{"line":75,"column":27},"end":{"line":75,"column":42}},"20":{"start":{"line":76,"column":31},"end":{"line":76,"column":40}},"21":{"start":{"line":78,"column":29},"end":{"line":78,"column":65}},"22":{"start":{"line":79,"column":30},"end":{"line":79,"column":74}},"23":{"start":{"line":82,"column":26},"end":{"line":90,"column":15}},"24":{"start":{"line":82,"column":55},"end":{"line":90,"column":13}},"25":{"start":{"line":92,"column":12},"end":{"line":96,"column":15}},"26":{"start":{"line":99,"column":12},"end":{"line":99,"column":48}},"27":{"start":{"line":108,"column":8},"end":{"line":129,"column":9}},"28":{"start":{"line":109,"column":27},"end":{"line":109,"column":40}},"29":{"start":{"line":110,"column":27},"end":{"line":110,"column":42}},"30":{"start":{"line":112,"column":29},"end":{"line":112,"column":64}},"31":{"start":{"line":113,"column":30},"end":{"line":113,"column":77}},"32":{"start":{"line":115,"column":12},"end":{"line":125,"column":15}},"33":{"start":{"line":128,"column":12},"end":{"line":128,"column":48}},"34":{"start":{"line":137,"column":8},"end":{"line":159,"column":9}},"35":{"start":{"line":138,"column":27},"end":{"line":138,"column":40}},"36":{"start":{"line":139,"column":27},"end":{"line":139,"column":42}},"37":{"start":{"line":140,"column":51},"end":{"line":140,"column":59}},"38":{"start":{"line":142,"column":29},"end":{"line":142,"column":95}},"39":{"start":{"line":143,"column":30},"end":{"line":143,"column":76}},"40":{"start":{"line":145,"column":12},"end":{"line":155,"column":15}},"41":{"start":{"line":158,"column":12},"end":{"line":158,"column":48}},"42":{"start":{"line":167,"column":8},"end":{"line":181,"column":9}},"43":{"start":{"line":168,"column":27},"end":{"line":168,"column":40}},"44":{"start":{"line":169,"column":27},"end":{"line":169,"column":42}},"45":{"start":{"line":171,"column":29},"end":{"line":171,"column":67}},"46":{"start":{"line":172,"column":30},"end":{"line":172,"column":76}},"47":{"start":{"line":174,"column":12},"end":{"line":177,"column":15}},"48":{"start":{"line":180,"column":12},"end":{"line":180,"column":48}},"49":{"start":{"line":189,"column":8},"end":{"line":215,"column":9}},"50":{"start":{"line":190,"column":27},"end":{"line":190,"column":40}},"51":{"start":{"line":191,"column":27},"end":{"line":191,"column":42}},"52":{"start":{"line":192,"column":31},"end":{"line":192,"column":39}},"53":{"start":{"line":194,"column":12},"end":{"line":199,"column":13}},"54":{"start":{"line":195,"column":16},"end":{"line":198,"column":19}},"55":{"start":{"line":201,"column":27},"end":{"line":201,"column":93}},"56":{"start":{"line":203,"column":12},"end":{"line":211,"column":15}},"57":{"start":{"line":214,"column":12},"end":{"line":214,"column":48}},"58":{"start":{"line":223,"column":8},"end":{"line":235,"column":9}},"59":{"start":{"line":224,"column":27},"end":{"line":224,"column":42}},"60":{"start":{"line":226,"column":31},"end":{"line":226,"column":82}},"61":{"start":{"line":228,"column":12},"end":{"line":231,"column":15}},"62":{"start":{"line":234,"column":12},"end":{"line":234,"column":48}},"63":{"start":{"line":242,"column":8},"end":{"line":249,"column":9}},"64":{"start":{"line":243,"column":31},"end":{"line":243,"column":74}},"65":{"start":{"line":244,"column":12},"end":{"line":248,"column":15}},"66":{"start":{"line":251,"column":8},"end":{"line":251,"column":50}},"67":{"start":{"line":252,"column":8},"end":{"line":255,"column":11}},"68":{"start":{"line":262,"column":26},"end":{"line":262,"column":50}},"69":{"start":{"line":263,"column":8},"end":{"line":274,"column":9}},"70":{"start":{"line":265,"column":16},"end":{"line":265,"column":27}},"71":{"start":{"line":267,"column":16},"end":{"line":267,"column":27}},"72":{"start":{"line":269,"column":16},"end":{"line":269,"column":27}},"73":{"start":{"line":271,"column":16},"end":{"line":271,"column":27}},"74":{"start":{"line":273,"column":16},"end":{"line":273,"column":27}},"75":{"start":{"line":278,"column":0},"end":{"line":278,"column":36}}},"fnMap":{"0":{"name":"(anonymous_0)","decl":{"start":{"line":15,"column":4},"end":{"line":15,"column":5}},"loc":{"start":{"line":23,"column":6},"end":{"line":31,"column":5}},"line":23},"1":{"name":"(anonymous_1)","decl":{"start":{"line":37,"column":4},"end":{"line":37,"column":5}},"loc":{"start":{"line":37,"column":31},"end":{"line":67,"column":5}},"line":37},"2":{"name":"(anonymous_2)","decl":{"start":{"line":73,"column":4},"end":{"line":73,"column":5}},"loc":{"start":{"line":73,"column":29},"end":{"line":101,"column":5}},"line":73},"3":{"name":"(anonymous_3)","decl":{"start":{"line":82,"column":46},"end":{"line":82,"column":47}},"loc":{"start":{"line":82,"column":55},"end":{"line":90,"column":13}},"line":82},"4":{"name":"(anonymous_4)","decl":{"start":{"line":107,"column":4},"end":{"line":107,"column":5}},"loc":{"start":{"line":107,"column":32},"end":{"line":130,"column":5}},"line":107},"5":{"name":"(anonymous_5)","decl":{"start":{"line":136,"column":4},"end":{"line":136,"column":5}},"loc":{"start":{"line":136,"column":31},"end":{"line":160,"column":5}},"line":136},"6":{"name":"(anonymous_6)","decl":{"start":{"line":166,"column":4},"end":{"line":166,"column":5}},"loc":{"start":{"line":166,"column":31},"end":{"line":182,"column":5}},"line":166},"7":{"name":"(anonymous_7)","decl":{"start":{"line":188,"column":4},"end":{"line":188,"column":5}},"loc":{"start":{"line":188,"column":33},"end":{"line":216,"column":5}},"line":188},"8":{"name":"(anonymous_8)","decl":{"start":{"line":222,"column":4},"end":{"line":222,"column":5}},"loc":{"start":{"line":222,"column":34},"end":{"line":236,"column":5}},"line":222},"9":{"name":"(anonymous_9)","decl":{"start":{"line":241,"column":4},"end":{"line":241,"column":5}},"loc":{"start":{"line":241,"column":28},"end":{"line":256,"column":5}},"line":241},"10":{"name":"(anonymous_10)","decl":{"start":{"line":261,"column":4},"end":{"line":261,"column":5}},"loc":{"start":{"line":261,"column":47},"end":{"line":275,"column":5}},"line":261}},"branchMap":{"0":{"loc":{"start":{"line":42,"column":12},"end":{"line":47,"column":13}},"type":"if","locations":[{"start":{"line":42,"column":12},"end":{"line":47,"column":13}},{"start":{},"end":{}}],"line":42},"1":{"loc":{"start":{"line":194,"column":12},"end":{"line":199,"column":13}},"type":"if","locations":[{"start":{"line":194,"column":12},"end":{"line":199,"column":13}},{"start":{},"end":{}}],"line":194},"2":{"loc":{"start":{"line":242,"column":8},"end":{"line":249,"column":9}},"type":"if","locations":[{"start":{"line":242,"column":8},"end":{"line":249,"column":9}},{"start":{},"end":{}}],"line":242},"3":{"loc":{"start":{"line":263,"column":8},"end":{"line":274,"column":9}},"type":"switch","locations":[{"start":{"line":264,"column":12},"end":{"line":265,"column":27}},{"start":{"line":266,"column":12},"end":{"line":267,"column":27}},{"start":{"line":268,"column":12},"end":{"line":269,"column":27}},{"start":{"line":270,"column":12},"end":{"line":271,"column":27}},{"start":{"line":272,"column":12},"end":{"line":273,"column":27}}],"line":263}},"s":{"0":0,"1":0,"2":0,"3":0,"4":0,"5":0,"6":0,"7":0,"8":0,"9":0,"10":0,"11":0,"12":0,"13":0,"14":0,"15":0,"16":0,"17":0,"18":0,"19":0,"20":0,"21":0,"22":0,"23":0,"24":0,"25":0,"26":0,"27":0,"28":0,"29":0,"30":0,"31":0,"32":0,"33":0,"34":0,"35":0,"36":0,"37":0,"38":0,"39":0,"40":0,"41":0,"42":0,"43":0,"44":0,"45":0,"46":0,"47":0,"48":0,"49":0,"50":0,"51":0,"52":0,"53":0,"54":0,"55":0,"56":0,"57":0,"58":0,"59":0,"60":0,"61":0,"62":0,"63":0,"64":0,"65":0,"66":0,"67":0,"68":0,"69":0,"70":0,"71":0,"72":0,"73":0,"74":0,"75":0},"f":{"0":0,"1":0,"2":0,"3":0,"4":0,"5":0,"6":0,"7":0,"8":0,"9":0,"10":0},"b":{"0":[0,0],"1":[0,0],"2":[0,0],"3":[0,0,0,0,0]}}
,"D:\\VisualStudioCode\\CodebaseWinter2025\\CUOIKI\\JS-TaskManager\\adapters\\middleware\\AuthMiddleware.js": {"path":"D:\\VisualStudioCode\\CodebaseWinter2025\\CUOIKI\\JS-TaskManager\\adapters\\middleware\\AuthMiddleware.js","statementMap":{"0":{"start":{"line":7,"column":8},"end":{"line":7,"column":53}},"1":{"start":{"line":14,"column":8},"end":{"line":43,"column":10}},"2":{"start":{"line":15,"column":12},"end":{"line":42,"column":13}},"3":{"start":{"line":17,"column":35},"end":{"line":17,"column":60}},"4":{"start":{"line":19,"column":16},"end":{"line":24,"column":17}},"5":{"start":{"line":20,"column":20},"end":{"line":23,"column":23}},"6":{"start":{"line":26,"column":30},"end":{"line":26,"column":53}},"7":{"start":{"line":29,"column":29},"end":{"line":29,"column":73}},"8":{"start":{"line":32,"column":16},"end":{"line":32,"column":32}},"9":{"start":{"line":35,"column":16},"end":{"line":35,"column":23}},"10":{"start":{"line":38,"column":16},"end":{"line":41,"column":19}},"11":{"start":{"line":47,"column":0},"end":{"line":47,"column":36}}},"fnMap":{"0":{"name":"(anonymous_0)","decl":{"start":{"line":6,"column":4},"end":{"line":6,"column":5}},"loc":{"start":{"line":6,"column":36},"end":{"line":8,"column":5}},"line":6},"1":{"name":"(anonymous_1)","decl":{"start":{"line":13,"column":4},"end":{"line":13,"column":5}},"loc":{"start":{"line":13,"column":19},"end":{"line":44,"column":5}},"line":13},"2":{"name":"(anonymous_2)","decl":{"start":{"line":14,"column":15},"end":{"line":14,"column":16}},"loc":{"start":{"line":14,"column":41},"end":{"line":43,"column":9}},"line":14}},"branchMap":{"0":{"loc":{"start":{"line":19,"column":16},"end":{"line":24,"column":17}},"type":"if","locations":[{"start":{"line":19,"column":16},"end":{"line":24,"column":17}},{"start":{},"end":{}}],"line":19},"1":{"loc":{"start":{"line":19,"column":20},"end":{"line":19,"column":68}},"type":"binary-expr","locations":[{"start":{"line":19,"column":20},"end":{"line":19,"column":31}},{"start":{"line":19,"column":35},"end":{"line":19,"column":68}}],"line":19},"2":{"loc":{"start":{"line":40,"column":27},"end":{"line":40,"column":70}},"type":"binary-expr","locations":[{"start":{"line":40,"column":27},"end":{"line":40,"column":40}},{"start":{"line":40,"column":44},"end":{"line":40,"column":70}}],"line":40}},"s":{"0":0,"1":0,"2":0,"3":0,"4":0,"5":0,"6":0,"7":0,"8":0,"9":0,"10":0,"11":0},"f":{"0":0,"1":0,"2":0},"b":{"0":[0,0],"1":[0,0],"2":[0,0]}}
,"D:\\VisualStudioCode\\CodebaseWinter2025\\CUOIKI\\JS-TaskManager\\adapters\\repositories\\MongoTaskRepository.js": {"path":"D:\\VisualStudioCode\\CodebaseWinter2025\\CUOIKI\\JS-TaskManager\\adapters\\repositories\\MongoTaskRepository.js","statementMap":{"0":{"start":{"line":1,"column":27},"end":{"line":1,"column":73}},"1":{"start":{"line":2,"column":17},"end":{"line":2,"column":54}},"2":{"start":{"line":3,"column":22},"end":{"line":3,"column":79}},"3":{"start":{"line":12,"column":8},"end":{"line":12,"column":16}},"4":{"start":{"line":13,"column":8},"end":{"line":13,"column":33}},"5":{"start":{"line":20,"column":8},"end":{"line":20,"column":39}},"6":{"start":{"line":27,"column":21},"end":{"line":27,"column":35}},"7":{"start":{"line":28,"column":25},"end":{"line":33,"column":10}},"8":{"start":{"line":34,"column":8},"end":{"line":34,"column":39}},"9":{"start":{"line":41,"column":21},"end":{"line":41,"column":35}},"10":{"start":{"line":42,"column":20},"end":{"line":42,"column":58}},"11":{"start":{"line":43,"column":8},"end":{"line":43,"column":47}},"12":{"start":{"line":50,"column":21},"end":{"line":50,"column":35}},"13":{"start":{"line":51,"column":21},"end":{"line":51,"column":63}},"14":{"start":{"line":52,"column":8},"end":{"line":52,"column":51}},"15":{"start":{"line":52,"column":31},"end":{"line":52,"column":49}},"16":{"start":{"line":59,"column":21},"end":{"line":59,"column":35}},"17":{"start":{"line":60,"column":21},"end":{"line":60,"column":80}},"18":{"start":{"line":61,"column":8},"end":{"line":61,"column":51}},"19":{"start":{"line":61,"column":31},"end":{"line":61,"column":49}},"20":{"start":{"line":68,"column":21},"end":{"line":68,"column":35}},"21":{"start":{"line":71,"column":25},"end":{"line":74,"column":10}},"22":{"start":{"line":76,"column":8},"end":{"line":78,"column":9}},"23":{"start":{"line":77,"column":12},"end":{"line":77,"column":70}},"24":{"start":{"line":81,"column":8},"end":{"line":81,"column":88}},"25":{"start":{"line":83,"column":8},"end":{"line":83,"column":41}},"26":{"start":{"line":90,"column":21},"end":{"line":90,"column":35}},"27":{"start":{"line":91,"column":8},"end":{"line":91,"column":45}},"28":{"start":{"line":92,"column":8},"end":{"line":92,"column":20}},"29":{"start":{"line":99,"column":21},"end":{"line":99,"column":35}},"30":{"start":{"line":100,"column":8},"end":{"line":100,"column":53}},"31":{"start":{"line":101,"column":8},"end":{"line":101,"column":20}},"32":{"start":{"line":108,"column":21},"end":{"line":108,"column":35}},"33":{"start":{"line":109,"column":8},"end":{"line":109,"column":76}},"34":{"start":{"line":116,"column":8},"end":{"line":124,"column":10}},"35":{"start":{"line":128,"column":0},"end":{"line":128,"column":39}}},"fnMap":{"0":{"name":"(anonymous_0)","decl":{"start":{"line":11,"column":4},"end":{"line":11,"column":5}},"loc":{"start":{"line":11,"column":26},"end":{"line":14,"column":5}},"line":11},"1":{"name":"(anonymous_1)","decl":{"start":{"line":19,"column":4},"end":{"line":19,"column":5}},"loc":{"start":{"line":19,"column":14},"end":{"line":21,"column":5}},"line":19},"2":{"name":"(anonymous_2)","decl":{"start":{"line":26,"column":4},"end":{"line":26,"column":5}},"loc":{"start":{"line":26,"column":21},"end":{"line":35,"column":5}},"line":26},"3":{"name":"(anonymous_3)","decl":{"start":{"line":40,"column":4},"end":{"line":40,"column":5}},"loc":{"start":{"line":40,"column":27},"end":{"line":44,"column":5}},"line":40},"4":{"name":"(anonymous_4)","decl":{"start":{"line":49,"column":4},"end":{"line":49,"column":5}},"loc":{"start":{"line":49,"column":31},"end":{"line":53,"column":5}},"line":49},"5":{"name":"(anonymous_5)","decl":{"start":{"line":52,"column":24},"end":{"line":52,"column":25}},"loc":{"start":{"line":52,"column":31},"end":{"line":52,"column":49}},"line":52},"6":{"name":"(anonymous_6)","decl":{"start":{"line":58,"column":4},"end":{"line":58,"column":5}},"loc":{"start":{"line":58,"column":48},"end":{"line":62,"column":5}},"line":58},"7":{"name":"(anonymous_7)","decl":{"start":{"line":61,"column":24},"end":{"line":61,"column":25}},"loc":{"start":{"line":61,"column":31},"end":{"line":61,"column":49}},"line":61},"8":{"name":"(anonymous_8)","decl":{"start":{"line":67,"column":4},"end":{"line":67,"column":5}},"loc":{"start":{"line":67,"column":23},"end":{"line":84,"column":5}},"line":67},"9":{"name":"(anonymous_9)","decl":{"start":{"line":89,"column":4},"end":{"line":89,"column":5}},"loc":{"start":{"line":89,"column":25},"end":{"line":93,"column":5}},"line":89},"10":{"name":"(anonymous_10)","decl":{"start":{"line":98,"column":4},"end":{"line":98,"column":5}},"loc":{"start":{"line":98,"column":33},"end":{"line":102,"column":5}},"line":98},"11":{"name":"(anonymous_11)","decl":{"start":{"line":107,"column":4},"end":{"line":107,"column":5}},"loc":{"start":{"line":107,"column":49},"end":{"line":110,"column":5}},"line":107},"12":{"name":"(anonymous_12)","decl":{"start":{"line":115,"column":4},"end":{"line":115,"column":5}},"loc":{"start":{"line":115,"column":18},"end":{"line":125,"column":5}},"line":115}},"branchMap":{"0":{"loc":{"start":{"line":43,"column":15},"end":{"line":43,"column":46}},"type":"cond-expr","locations":[{"start":{"line":43,"column":21},"end":{"line":43,"column":39}},{"start":{"line":43,"column":42},"end":{"line":43,"column":46}}],"line":43},"1":{"loc":{"start":{"line":76,"column":8},"end":{"line":78,"column":9}},"type":"if","locations":[{"start":{"line":76,"column":8},"end":{"line":78,"column":9}},{"start":{},"end":{}}],"line":76}},"s":{"0":1,"1":1,"2":1,"3":1,"4":1,"5":14,"6":1,"7":1,"8":1,"9":3,"10":3,"11":3,"12":2,"13":2,"14":2,"15":1,"16":2,"17":2,"18":2,"19":1,"20":0,"21":0,"22":0,"23":0,"24":0,"25":0,"26":1,"27":1,"28":1,"29":0,"30":0,"31":0,"32":5,"33":5,"34":4,"35":1},"f":{"0":1,"1":14,"2":1,"3":3,"4":2,"5":1,"6":2,"7":1,"8":0,"9":1,"10":0,"11":5,"12":4},"b":{"0":[1,2],"1":[0,0]},"_coverageSchema":"1a1c01bbd47fc00a2c39e90264f33305004495a9","hash":"a1a3dd98b9b67d1dcdb8b63574f0b6e8811f7b6e"}
,"D:\\VisualStudioCode\\CodebaseWinter2025\\CUOIKI\\JS-TaskManager\\adapters\\repositories\\MongoUserRepository.js": {"path":"D:\\VisualStudioCode\\CodebaseWinter2025\\CUOIKI\\JS-TaskManager\\adapters\\repositories\\MongoUserRepository.js","statementMap":{"0":{"start":{"line":1,"column":27},"end":{"line":1,"column":73}},"1":{"start":{"line":2,"column":17},"end":{"line":2,"column":54}},"2":{"start":{"line":3,"column":22},"end":{"line":3,"column":79}},"3":{"start":{"line":12,"column":8},"end":{"line":12,"column":16}},"4":{"start":{"line":13,"column":8},"end":{"line":13,"column":33}},"5":{"start":{"line":20,"column":8},"end":{"line":20,"column":39}},"6":{"start":{"line":27,"column":21},"end":{"line":27,"column":35}},"7":{"start":{"line":28,"column":25},"end":{"line":32,"column":10}},"8":{"start":{"line":33,"column":8},"end":{"line":33,"column":39}},"9":{"start":{"line":40,"column":21},"end":{"line":40,"column":35}},"10":{"start":{"line":41,"column":20},"end":{"line":41,"column":58}},"11":{"start":{"line":42,"column":8},"end":{"line":42,"column":47}},"12":{"start":{"line":49,"column":21},"end":{"line":49,"column":35}},"13":{"start":{"line":50,"column":20},"end":{"line":50,"column":60}},"14":{"start":{"line":51,"column":8},"end":{"line":51,"column":47}},"15":{"start":{"line":58,"column":21},"end":{"line":58,"column":35}},"16":{"start":{"line":59,"column":20},"end":{"line":59,"column":66}},"17":{"start":{"line":60,"column":8},"end":{"line":60,"column":47}},"18":{"start":{"line":67,"column":21},"end":{"line":67,"column":35}},"19":{"start":{"line":68,"column":27},"end":{"line":71,"column":10}},"20":{"start":{"line":73,"column":8},"end":{"line":75,"column":9}},"21":{"start":{"line":74,"column":12},"end":{"line":74,"column":70}},"22":{"start":{"line":78,"column":8},"end":{"line":80,"column":9}},"23":{"start":{"line":79,"column":12},"end":{"line":79,"column":83}},"24":{"start":{"line":82,"column":8},"end":{"line":82,"column":41}},"25":{"start":{"line":89,"column":21},"end":{"line":89,"column":35}},"26":{"start":{"line":90,"column":8},"end":{"line":90,"column":45}},"27":{"start":{"line":91,"column":8},"end":{"line":91,"column":20}},"28":{"start":{"line":98,"column":21},"end":{"line":98,"column":35}},"29":{"start":{"line":99,"column":8},"end":{"line":99,"column":58}},"30":{"start":{"line":106,"column":21},"end":{"line":106,"column":35}},"31":{"start":{"line":107,"column":8},"end":{"line":107,"column":64}},"32":{"start":{"line":114,"column":8},"end":{"line":121,"column":10}},"33":{"start":{"line":125,"column":0},"end":{"line":125,"column":39}}},"fnMap":{"0":{"name":"(anonymous_0)","decl":{"start":{"line":11,"column":4},"end":{"line":11,"column":5}},"loc":{"start":{"line":11,"column":26},"end":{"line":14,"column":5}},"line":11},"1":{"name":"(anonymous_1)","decl":{"start":{"line":19,"column":4},"end":{"line":19,"column":5}},"loc":{"start":{"line":19,"column":14},"end":{"line":21,"column":5}},"line":19},"2":{"name":"(anonymous_2)","decl":{"start":{"line":26,"column":4},"end":{"line":26,"column":5}},"loc":{"start":{"line":26,"column":21},"end":{"line":34,"column":5}},"line":26},"3":{"name":"(anonymous_3)","decl":{"start":{"line":39,"column":4},"end":{"line":39,"column":5}},"loc":{"start":{"line":39,"column":27},"end":{"line":43,"column":5}},"line":39},"4":{"name":"(anonymous_4)","decl":{"start":{"line":48,"column":4},"end":{"line":48,"column":5}},"loc":{"start":{"line":48,"column":29},"end":{"line":52,"column":5}},"line":48},"5":{"name":"(anonymous_5)","decl":{"start":{"line":57,"column":4},"end":{"line":57,"column":5}},"loc":{"start":{"line":57,"column":35},"end":{"line":61,"column":5}},"line":57},"6":{"name":"(anonymous_6)","decl":{"start":{"line":66,"column":4},"end":{"line":66,"column":5}},"loc":{"start":{"line":66,"column":23},"end":{"line":83,"column":5}},"line":66},"7":{"name":"(anonymous_7)","decl":{"start":{"line":88,"column":4},"end":{"line":88,"column":5}},"loc":{"start":{"line":88,"column":25},"end":{"line":92,"column":5}},"line":88},"8":{"name":"(anonymous_8)","decl":{"start":{"line":97,"column":4},"end":{"line":97,"column":5}},"loc":{"start":{"line":97,"column":31},"end":{"line":100,"column":5}},"line":97},"9":{"name":"(anonymous_9)","decl":{"start":{"line":105,"column":4},"end":{"line":105,"column":5}},"loc":{"start":{"line":105,"column":37},"end":{"line":108,"column":5}},"line":105},"10":{"name":"(anonymous_10)","decl":{"start":{"line":113,"column":4},"end":{"line":113,"column":5}},"loc":{"start":{"line":113,"column":18},"end":{"line":122,"column":5}},"line":113}},"branchMap":{"0":{"loc":{"start":{"line":42,"column":15},"end":{"line":42,"column":46}},"type":"cond-expr","locations":[{"start":{"line":42,"column":21},"end":{"line":42,"column":39}},{"start":{"line":42,"column":42},"end":{"line":42,"column":46}}],"line":42},"1":{"loc":{"start":{"line":51,"column":15},"end":{"line":51,"column":46}},"type":"cond-expr","locations":[{"start":{"line":51,"column":21},"end":{"line":51,"column":39}},{"start":{"line":51,"column":42},"end":{"line":51,"column":46}}],"line":51},"2":{"loc":{"start":{"line":60,"column":15},"end":{"line":60,"column":46}},"type":"cond-expr","locations":[{"start":{"line":60,"column":21},"end":{"line":60,"column":39}},{"start":{"line":60,"column":42},"end":{"line":60,"column":46}}],"line":60},"3":{"loc":{"start":{"line":73,"column":8},"end":{"line":75,"column":9}},"type":"if","locations":[{"start":{"line":73,"column":8},"end":{"line":75,"column":9}},{"start":{},"end":{}}],"line":73},"4":{"loc":{"start":{"line":78,"column":8},"end":{"line":80,"column":9}},"type":"if","locations":[{"start":{"line":78,"column":8},"end":{"line":80,"column":9}},{"start":{},"end":{}}],"line":78}},"s":{"0":2,"1":2,"2":2,"3":3,"4":3,"5":18,"6":3,"7":3,"8":3,"9":6,"10":6,"11":6,"12":2,"13":2,"14":2,"15":0,"16":0,"17":0,"18":0,"19":0,"20":0,"21":0,"22":0,"23":0,"24":0,"25":3,"26":3,"27":3,"28":2,"29":2,"30":2,"31":2,"32":8,"33":2},"f":{"0":3,"1":18,"2":3,"3":6,"4":2,"5":0,"6":0,"7":3,"8":2,"9":2,"10":8},"b":{"0":[4,2],"1":[1,1],"2":[0,0],"3":[0,0],"4":[0,0]},"_coverageSchema":"1a1c01bbd47fc00a2c39e90264f33305004495a9","hash":"380ea077ba39d8ab9f39a7587f2c853d11f3ee0d"}
,"D:\\VisualStudioCode\\CodebaseWinter2025\\CUOIKI\\JS-TaskManager\\business\\index.js": {"path":"D:\\VisualStudioCode\\CodebaseWinter2025\\CUOIKI\\JS-TaskManager\\business\\index.js","statementMap":{"0":{"start":{"line":4,"column":0},"end":{"line":40,"column":2}}},"fnMap":{},"branchMap":{},"s":{"0":0},"f":{},"b":{}}
,"D:\\VisualStudioCode\\CodebaseWinter2025\\CUOIKI\\JS-TaskManager\\business\\dto\\ChangeTaskStatusDTO.js": {"path":"D:\\VisualStudioCode\\CodebaseWinter2025\\CUOIKI\\JS-TaskManager\\business\\dto\\ChangeTaskStatusDTO.js","statementMap":{"0":{"start":{"line":6,"column":8},"end":{"line":6,"column":29}},"1":{"start":{"line":7,"column":8},"end":{"line":7,"column":29}},"2":{"start":{"line":8,"column":8},"end":{"line":8,"column":29}},"3":{"start":{"line":17,"column":8},"end":{"line":17,"column":29}},"4":{"start":{"line":18,"column":8},"end":{"line":18,"column":27}},"5":{"start":{"line":19,"column":8},"end":{"line":19,"column":39}},"6":{"start":{"line":20,"column":8},"end":{"line":20,"column":29}},"7":{"start":{"line":21,"column":8},"end":{"line":21,"column":29}},"8":{"start":{"line":22,"column":8},"end":{"line":22,"column":35}},"9":{"start":{"line":26,"column":8},"end":{"line":33,"column":10}},"10":{"start":{"line":37,"column":0},"end":{"line":37,"column":73}}},"fnMap":{"0":{"name":"(anonymous_0)","decl":{"start":{"line":5,"column":4},"end":{"line":5,"column":5}},"loc":{"start":{"line":5,"column":40},"end":{"line":9,"column":5}},"line":5},"1":{"name":"(anonymous_1)","decl":{"start":{"line":16,"column":4},"end":{"line":16,"column":5}},"loc":{"start":{"line":16,"column":71},"end":{"line":23,"column":5}},"line":16},"2":{"name":"(anonymous_2)","decl":{"start":{"line":25,"column":4},"end":{"line":25,"column":5}},"loc":{"start":{"line":25,"column":26},"end":{"line":34,"column":5}},"line":25}},"branchMap":{},"s":{"0":0,"1":0,"2":0,"3":0,"4":0,"5":0,"6":0,"7":0,"8":0,"9":0,"10":1},"f":{"0":0,"1":0,"2":0},"b":{},"_coverageSchema":"1a1c01bbd47fc00a2c39e90264f33305004495a9","hash":"afb474240e211e80dd11ffa4797f774b1f5bad40"}
,"D:\\VisualStudioCode\\CodebaseWinter2025\\CUOIKI\\JS-TaskManager\\business\\dto\\CreateTaskDTO.js": {"path":"D:\\VisualStudioCode\\CodebaseWinter2025\\CUOIKI\\JS-TaskManager\\business\\dto\\CreateTaskDTO.js","statementMap":{"0":{"start":{"line":6,"column":8},"end":{"line":6,"column":27}},"1":{"start":{"line":7,"column":8},"end":{"line":7,"column":39}},"2":{"start":{"line":8,"column":8},"end":{"line":8,"column":29}},"3":{"start":{"line":17,"column":8},"end":{"line":17,"column":29}},"4":{"start":{"line":18,"column":8},"end":{"line":18,"column":27}},"5":{"start":{"line":19,"column":8},"end":{"line":19,"column":39}},"6":{"start":{"line":20,"column":8},"end":{"line":20,"column":29}},"7":{"start":{"line":21,"column":8},"end":{"line":21,"column":29}},"8":{"start":{"line":22,"column":8},"end":{"line":22,"column":35}},"9":{"start":{"line":26,"column":8},"end":{"line":33,"column":10}},"10":{"start":{"line":37,"column":0},"end":{"line":37,"column":61}}},"fnMap":{"0":{"name":"(anonymous_0)","decl":{"start":{"line":5,"column":4},"end":{"line":5,"column":5}},"loc":{"start":{"line":5,"column":44},"end":{"line":9,"column":5}},"line":5},"1":{"name":"(anonymous_1)","decl":{"start":{"line":16,"column":4},"end":{"line":16,"column":5}},"loc":{"start":{"line":16,"column":71},"end":{"line":23,"column":5}},"line":16},"2":{"name":"(anonymous_2)","decl":{"start":{"line":25,"column":4},"end":{"line":25,"column":5}},"loc":{"start":{"line":25,"column":26},"end":{"line":34,"column":5}},"line":25}},"branchMap":{},"s":{"0":4,"1":4,"2":4,"3":2,"4":2,"5":2,"6":2,"7":2,"8":2,"9":2,"10":1},"f":{"0":4,"1":2,"2":2},"b":{},"_coverageSchema":"1a1c01bbd47fc00a2c39e90264f33305004495a9","hash":"e043dd0aeef5ba9ce0d9a54b2fa8977dea6f5cbd"}
,"D:\\VisualStudioCode\\CodebaseWinter2025\\CUOIKI\\JS-TaskManager\\business\\dto\\DeleteTaskDTO.js": {"path":"D:\\VisualStudioCode\\CodebaseWinter2025\\CUOIKI\\JS-TaskManager\\business\\dto\\DeleteTaskDTO.js","statementMap":{"0":{"start":{"line":6,"column":8},"end":{"line":6,"column":29}},"1":{"start":{"line":7,"column":8},"end":{"line":7,"column":29}},"2":{"start":{"line":16,"column":8},"end":{"line":16,"column":29}},"3":{"start":{"line":17,"column":8},"end":{"line":17,"column":31}},"4":{"start":{"line":18,"column":8},"end":{"line":18,"column":31}},"5":{"start":{"line":22,"column":0},"end":{"line":22,"column":61}}},"fnMap":{"0":{"name":"(anonymous_0)","decl":{"start":{"line":5,"column":4},"end":{"line":5,"column":5}},"loc":{"start":{"line":5,"column":32},"end":{"line":8,"column":5}},"line":5},"1":{"name":"(anonymous_1)","decl":{"start":{"line":15,"column":4},"end":{"line":15,"column":5}},"loc":{"start":{"line":15,"column":42},"end":{"line":19,"column":5}},"line":15}},"branchMap":{},"s":{"0":5,"1":5,"2":1,"3":1,"4":1,"5":1},"f":{"0":5,"1":1},"b":{},"_coverageSchema":"1a1c01bbd47fc00a2c39e90264f33305004495a9","hash":"e8c33755fe809a3efb9087dcf2d2b24b7a62d97d"}
,"D:\\VisualStudioCode\\CodebaseWinter2025\\CUOIKI\\JS-TaskManager\\business\\dto\\GetTaskDTO.js": {"path":"D:\\VisualStudioCode\\CodebaseWinter2025\\CUOIKI\\JS-TaskManager\\business\\dto\\GetTaskDTO.js","statementMap":{"0":{"start":{"line":6,"column":8},"end":{"line":6,"column":29}},"1":{"start":{"line":7,"column":8},"end":{"line":7,"column":29}},"2":{"start":{"line":16,"column":8},"end":{"line":24,"column":12}},"3":{"start":{"line":16,"column":40},"end":{"line":24,"column":9}},"4":{"start":{"line":25,"column":8},"end":{"line":25,"column":34}},"5":{"start":{"line":34,"column":8},"end":{"line":34,"column":29}},"6":{"start":{"line":35,"column":8},"end":{"line":35,"column":29}},"7":{"start":{"line":44,"column":8},"end":{"line":44,"column":35}},"8":{"start":{"line":45,"column":8},"end":{"line":45,"column":37}},"9":{"start":{"line":46,"column":8},"end":{"line":46,"column":49}},"10":{"start":{"line":47,"column":8},"end":{"line":47,"column":39}},"11":{"start":{"line":48,"column":8},"end":{"line":48,"column":39}},"12":{"start":{"line":49,"column":8},"end":{"line":49,"column":45}},"13":{"start":{"line":50,"column":8},"end":{"line":50,"column":45}},"14":{"start":{"line":54,"column":0},"end":{"line":59,"column":2}}},"fnMap":{"0":{"name":"(anonymous_0)","decl":{"start":{"line":5,"column":4},"end":{"line":5,"column":5}},"loc":{"start":{"line":5,"column":39},"end":{"line":8,"column":5}},"line":5},"1":{"name":"(anonymous_1)","decl":{"start":{"line":15,"column":4},"end":{"line":15,"column":5}},"loc":{"start":{"line":15,"column":23},"end":{"line":26,"column":5}},"line":15},"2":{"name":"(anonymous_2)","decl":{"start":{"line":16,"column":31},"end":{"line":16,"column":32}},"loc":{"start":{"line":16,"column":40},"end":{"line":24,"column":9}},"line":16},"3":{"name":"(anonymous_3)","decl":{"start":{"line":33,"column":4},"end":{"line":33,"column":5}},"loc":{"start":{"line":33,"column":32},"end":{"line":36,"column":5}},"line":33},"4":{"name":"(anonymous_4)","decl":{"start":{"line":43,"column":4},"end":{"line":43,"column":5}},"loc":{"start":{"line":43,"column":22},"end":{"line":51,"column":5}},"line":43}},"branchMap":{"0":{"loc":{"start":{"line":5,"column":24},"end":{"line":5,"column":37}},"type":"default-arg","locations":[{"start":{"line":5,"column":33},"end":{"line":5,"column":37}}],"line":5}},"s":{"0":5,"1":5,"2":4,"3":3,"4":4,"5":5,"6":5,"7":1,"8":1,"9":1,"10":1,"11":1,"12":1,"13":1,"14":2},"f":{"0":5,"1":4,"2":3,"3":5,"4":1},"b":{"0":[0]},"_coverageSchema":"1a1c01bbd47fc00a2c39e90264f33305004495a9","hash":"77c8762e7083b697d514be469807e37164eeaae6"}
,"D:\\VisualStudioCode\\CodebaseWinter2025\\CUOIKI\\JS-TaskManager\\business\\dto\\GetTaskStatisticsDTO.js": {"path":"D:\\VisualStudioCode\\CodebaseWinter2025\\CUOIKI\\JS-TaskManager\\business\\dto\\GetTaskStatisticsDTO.js","statementMap":{"0":{"start":{"line":6,"column":8},"end":{"line":6,"column":29}},"1":{"start":{"line":15,"column":8},"end":{"line":15,"column":27}},"2":{"start":{"line":16,"column":8},"end":{"line":16,"column":31}},"3":{"start":{"line":17,"column":8},"end":{"line":17,"column":37}},"4":{"start":{"line":18,"column":8},"end":{"line":18,"column":35}},"5":{"start":{"line":19,"column":8},"end":{"line":19,"column":45}},"6":{"start":{"line":23,"column":0},"end":{"line":23,"column":75}}},"fnMap":{"0":{"name":"(anonymous_0)","decl":{"start":{"line":5,"column":4},"end":{"line":5,"column":5}},"loc":{"start":{"line":5,"column":24},"end":{"line":7,"column":5}},"line":5},"1":{"name":"(anonymous_1)","decl":{"start":{"line":14,"column":4},"end":{"line":14,"column":5}},"loc":{"start":{"line":14,"column":71},"end":{"line":20,"column":5}},"line":14}},"branchMap":{},"s":{"0":0,"1":0,"2":0,"3":0,"4":0,"5":0,"6":1},"f":{"0":0,"1":0},"b":{},"_coverageSchema":"1a1c01bbd47fc00a2c39e90264f33305004495a9","hash":"eaced9f9a6510f0875291e0555dee95121daea34"}
,"D:\\VisualStudioCode\\CodebaseWinter2025\\CUOIKI\\JS-TaskManager\\business\\dto\\LoginUserDTO.js": {"path":"D:\\VisualStudioCode\\CodebaseWinter2025\\CUOIKI\\JS-TaskManager\\business\\dto\\LoginUserDTO.js","statementMap":{"0":{"start":{"line":6,"column":8},"end":{"line":6,"column":27}},"1":{"start":{"line":7,"column":8},"end":{"line":7,"column":33}},"2":{"start":{"line":16,"column":8},"end":{"line":16,"column":27}},"3":{"start":{"line":17,"column":8},"end":{"line":21,"column":10}},"4":{"start":{"line":25,"column":0},"end":{"line":25,"column":59}}},"fnMap":{"0":{"name":"(anonymous_0)","decl":{"start":{"line":5,"column":4},"end":{"line":5,"column":5}},"loc":{"start":{"line":5,"column":33},"end":{"line":8,"column":5}},"line":5},"1":{"name":"(anonymous_1)","decl":{"start":{"line":15,"column":4},"end":{"line":15,"column":5}},"loc":{"start":{"line":15,"column":29},"end":{"line":22,"column":5}},"line":15}},"branchMap":{},"s":{"0":6,"1":6,"2":2,"3":2,"4":1},"f":{"0":6,"1":2},"b":{},"_coverageSchema":"1a1c01bbd47fc00a2c39e90264f33305004495a9","hash":"9f079d3e0d54ada3a5eb3bfaabf2e94586cd18fe"}
,"D:\\VisualStudioCode\\CodebaseWinter2025\\CUOIKI\\JS-TaskManager\\business\\dto\\RegisterUserDTO.js": {"path":"D:\\VisualStudioCode\\CodebaseWinter2025\\CUOIKI\\JS-TaskManager\\business\\dto\\RegisterUserDTO.js","statementMap":{"0":{"start":{"line":6,"column":8},"end":{"line":6,"column":33}},"1":{"start":{"line":7,"column":8},"end":{"line":7,"column":27}},"2":{"start":{"line":8,"column":8},"end":{"line":8,"column":33}},"3":{"start":{"line":17,"column":8},"end":{"line":17,"column":29}},"4":{"start":{"line":18,"column":8},"end":{"line":18,"column":33}},"5":{"start":{"line":19,"column":8},"end":{"line":19,"column":27}},"6":{"start":{"line":20,"column":8},"end":{"line":20,"column":35}},"7":{"start":{"line":24,"column":8},"end":{"line":29,"column":10}},"8":{"start":{"line":33,"column":0},"end":{"line":33,"column":65}}},"fnMap":{"0":{"name":"(anonymous_0)","decl":{"start":{"line":5,"column":4},"end":{"line":5,"column":5}},"loc":{"start":{"line":5,"column":43},"end":{"line":9,"column":5}},"line":5},"1":{"name":"(anonymous_1)","decl":{"start":{"line":16,"column":4},"end":{"line":16,"column":5}},"loc":{"start":{"line":16,"column":52},"end":{"line":21,"column":5}},"line":16},"2":{"name":"(anonymous_2)","decl":{"start":{"line":23,"column":4},"end":{"line":23,"column":5}},"loc":{"start":{"line":23,"column":26},"end":{"line":30,"column":5}},"line":23}},"branchMap":{},"s":{"0":6,"1":6,"2":6,"3":1,"4":1,"5":1,"6":1,"7":1,"8":1},"f":{"0":6,"1":1,"2":1},"b":{},"_coverageSchema":"1a1c01bbd47fc00a2c39e90264f33305004495a9","hash":"fc0474888b477e5e8a376f073bfa775a9df7e304"}
,"D:\\VisualStudioCode\\CodebaseWinter2025\\CUOIKI\\JS-TaskManager\\business\\dto\\UpdateTaskDTO.js": {"path":"D:\\VisualStudioCode\\CodebaseWinter2025\\CUOIKI\\JS-TaskManager\\business\\dto\\UpdateTaskDTO.js","statementMap":{"0":{"start":{"line":6,"column":8},"end":{"line":6,"column":29}},"1":{"start":{"line":7,"column":8},"end":{"line":7,"column":27}},"2":{"start":{"line":8,"column":8},"end":{"line":8,"column":39}},"3":{"start":{"line":9,"column":8},"end":{"line":9,"column":29}},"4":{"start":{"line":10,"column":8},"end":{"line":10,"column":29}},"5":{"start":{"line":19,"column":8},"end":{"line":19,"column":29}},"6":{"start":{"line":20,"column":8},"end":{"line":20,"column":27}},"7":{"start":{"line":21,"column":8},"end":{"line":21,"column":39}},"8":{"start":{"line":22,"column":8},"end":{"line":22,"column":29}},"9":{"start":{"line":23,"column":8},"end":{"line":23,"column":29}},"10":{"start":{"line":24,"column":8},"end":{"line":24,"column":35}},"11":{"start":{"line":28,"column":8},"end":{"line":35,"column":10}},"12":{"start":{"line":39,"column":0},"end":{"line":39,"column":61}}},"fnMap":{"0":{"name":"(anonymous_0)","decl":{"start":{"line":5,"column":4},"end":{"line":5,"column":5}},"loc":{"start":{"line":5,"column":60},"end":{"line":11,"column":5}},"line":5},"1":{"name":"(anonymous_1)","decl":{"start":{"line":18,"column":4},"end":{"line":18,"column":5}},"loc":{"start":{"line":18,"column":71},"end":{"line":25,"column":5}},"line":18},"2":{"name":"(anonymous_2)","decl":{"start":{"line":27,"column":4},"end":{"line":27,"column":5}},"loc":{"start":{"line":27,"column":26},"end":{"line":36,"column":5}},"line":27}},"branchMap":{},"s":{"0":6,"1":6,"2":6,"3":6,"4":6,"5":2,"6":2,"7":2,"8":2,"9":2,"10":2,"11":2,"12":1},"f":{"0":6,"1":2,"2":2},"b":{},"_coverageSchema":"1a1c01bbd47fc00a2c39e90264f33305004495a9","hash":"1e1bde9b0ce433c59f08f55ba91726a1d74e58e4"}
,"D:\\VisualStudioCode\\CodebaseWinter2025\\CUOIKI\\JS-TaskManager\\business\\dto\\VerifyTokenDTO.js": {"path":"D:\\VisualStudioCode\\CodebaseWinter2025\\CUOIKI\\JS-TaskManager\\business\\dto\\VerifyTokenDTO.js","statementMap":{"0":{"start":{"line":6,"column":8},"end":{"line":6,"column":27}},"1":{"start":{"line":15,"column":8},"end":{"line":15,"column":29}},"2":{"start":{"line":16,"column":8},"end":{"line":16,"column":33}},"3":{"start":{"line":17,"column":8},"end":{"line":17,"column":27}},"4":{"start":{"line":21,"column":0},"end":{"line":21,"column":63}}},"fnMap":{"0":{"name":"(anonymous_0)","decl":{"start":{"line":5,"column":4},"end":{"line":5,"column":5}},"loc":{"start":{"line":5,"column":23},"end":{"line":7,"column":5}},"line":5},"1":{"name":"(anonymous_1)","decl":{"start":{"line":14,"column":4},"end":{"line":14,"column":5}},"loc":{"start":{"line":14,"column":41},"end":{"line":18,"column":5}},"line":14}},"branchMap":{},"s":{"0":0,"1":0,"2":0,"3":0,"4":1},"f":{"0":0,"1":0},"b":{},"_coverageSchema":"1a1c01bbd47fc00a2c39e90264f33305004495a9","hash":"843dea623c19c21cdc75c4ce72f5237979a2f260"}
,"D:\\VisualStudioCode\\CodebaseWinter2025\\CUOIKI\\JS-TaskManager\\business\\ports\\PasswordService.js": {"path":"D:\\VisualStudioCode\\CodebaseWinter2025\\CUOIKI\\JS-TaskManager\\business\\ports\\PasswordService.js","statementMap":{"0":{"start":{"line":13,"column":8},"end":{"line":13,"column":50}},"1":{"start":{"line":23,"column":8},"end":{"line":23,"column":50}},"2":{"start":{"line":27,"column":0},"end":{"line":27,"column":37}}},"fnMap":{"0":{"name":"(anonymous_0)","decl":{"start":{"line":12,"column":4},"end":{"line":12,"column":5}},"loc":{"start":{"line":12,"column":30},"end":{"line":14,"column":5}},"line":12},"1":{"name":"(anonymous_1)","decl":{"start":{"line":22,"column":4},"end":{"line":22,"column":5}},"loc":{"start":{"line":22,"column":48},"end":{"line":24,"column":5}},"line":22}},"branchMap":{},"s":{"0":0,"1":0,"2":0},"f":{"0":0,"1":0},"b":{}}
,"D:\\VisualStudioCode\\CodebaseWinter2025\\CUOIKI\\JS-TaskManager\\business\\ports\\TaskRepository.js": {"path":"D:\\VisualStudioCode\\CodebaseWinter2025\\CUOIKI\\JS-TaskManager\\business\\ports\\TaskRepository.js","statementMap":{"0":{"start":{"line":13,"column":8},"end":{"line":13,"column":50}},"1":{"start":{"line":22,"column":8},"end":{"line":22,"column":50}},"2":{"start":{"line":31,"column":8},"end":{"line":31,"column":50}},"3":{"start":{"line":41,"column":8},"end":{"line":41,"column":50}},"4":{"start":{"line":50,"column":8},"end":{"line":50,"column":50}},"5":{"start":{"line":59,"column":8},"end":{"line":59,"column":50}},"6":{"start":{"line":68,"column":8},"end":{"line":68,"column":50}},"7":{"start":{"line":78,"column":8},"end":{"line":78,"column":50}},"8":{"start":{"line":82,"column":0},"end":{"line":82,"column":36}}},"fnMap":{"0":{"name":"(anonymous_0)","decl":{"start":{"line":12,"column":4},"end":{"line":12,"column":5}},"loc":{"start":{"line":12,"column":21},"end":{"line":14,"column":5}},"line":12},"1":{"name":"(anonymous_1)","decl":{"start":{"line":21,"column":4},"end":{"line":21,"column":5}},"loc":{"start":{"line":21,"column":27},"end":{"line":23,"column":5}},"line":21},"2":{"name":"(anonymous_2)","decl":{"start":{"line":30,"column":4},"end":{"line":30,"column":5}},"loc":{"start":{"line":30,"column":31},"end":{"line":32,"column":5}},"line":30},"3":{"name":"(anonymous_3)","decl":{"start":{"line":40,"column":4},"end":{"line":40,"column":5}},"loc":{"start":{"line":40,"column":48},"end":{"line":42,"column":5}},"line":40},"4":{"name":"(anonymous_4)","decl":{"start":{"line":49,"column":4},"end":{"line":49,"column":5}},"loc":{"start":{"line":49,"column":23},"end":{"line":51,"column":5}},"line":49},"5":{"name":"(anonymous_5)","decl":{"start":{"line":58,"column":4},"end":{"line":58,"column":5}},"loc":{"start":{"line":58,"column":25},"end":{"line":60,"column":5}},"line":58},"6":{"name":"(anonymous_6)","decl":{"start":{"line":67,"column":4},"end":{"line":67,"column":5}},"loc":{"start":{"line":67,"column":33},"end":{"line":69,"column":5}},"line":67},"7":{"name":"(anonymous_7)","decl":{"start":{"line":77,"column":4},"end":{"line":77,"column":5}},"loc":{"start":{"line":77,"column":49},"end":{"line":79,"column":5}},"line":77}},"branchMap":{},"s":{"0":0,"1":0,"2":0,"3":0,"4":0,"5":0,"6":0,"7":0,"8":1},"f":{"0":0,"1":0,"2":0,"3":0,"4":0,"5":0,"6":0,"7":0},"b":{},"_coverageSchema":"1a1c01bbd47fc00a2c39e90264f33305004495a9","hash":"24b7fbf7ae42946483e4fa456eda153525664204"}
,"D:\\VisualStudioCode\\CodebaseWinter2025\\CUOIKI\\JS-TaskManager\\business\\ports\\TokenService.js": {"path":"D:\\VisualStudioCode\\CodebaseWinter2025\\CUOIKI\\JS-TaskManager\\business\\ports\\TokenService.js","statementMap":{"0":{"start":{"line":13,"column":8},"end":{"line":13,"column":50}},"1":{"start":{"line":23,"column":8},"end":{"line":23,"column":50}},"2":{"start":{"line":32,"column":8},"end":{"line":32,"column":50}},"3":{"start":{"line":36,"column":0},"end":{"line":36,"column":34}}},"fnMap":{"0":{"name":"(anonymous_0)","decl":{"start":{"line":12,"column":4},"end":{"line":12,"column":5}},"loc":{"start":{"line":12,"column":28},"end":{"line":14,"column":5}},"line":12},"1":{"name":"(anonymous_1)","decl":{"start":{"line":22,"column":4},"end":{"line":22,"column":5}},"loc":{"start":{"line":22,"column":24},"end":{"line":24,"column":5}},"line":22},"2":{"name":"(anonymous_2)","decl":{"start":{"line":31,"column":4},"end":{"line":31,"column":5}},"loc":{"start":{"line":31,"column":18},"end":{"line":33,"column":5}},"line":31}},"branchMap":{},"s":{"0":0,"1":0,"2":0,"3":0},"f":{"0":0,"1":0,"2":0},"b":{}}
,"D:\\VisualStudioCode\\CodebaseWinter2025\\CUOIKI\\JS-TaskManager\\business\\ports\\UserRepository.js": {"path":"D:\\VisualStudioCode\\CodebaseWinter2025\\CUOIKI\\JS-TaskManager\\business\\ports\\UserRepository.js","statementMap":{"0":{"start":{"line":13,"column":8},"end":{"line":13,"column":50}},"1":{"start":{"line":22,"column":8},"end":{"line":22,"column":50}},"2":{"start":{"line":31,"column":8},"end":{"line":31,"column":50}},"3":{"start":{"line":40,"column":8},"end":{"line":40,"column":50}},"4":{"start":{"line":49,"column":8},"end":{"line":49,"column":50}},"5":{"start":{"line":58,"column":8},"end":{"line":58,"column":50}},"6":{"start":{"line":67,"column":8},"end":{"line":67,"column":50}},"7":{"start":{"line":76,"column":8},"end":{"line":76,"column":50}},"8":{"start":{"line":80,"column":0},"end":{"line":80,"column":36}}},"fnMap":{"0":{"name":"(anonymous_0)","decl":{"start":{"line":12,"column":4},"end":{"line":12,"column":5}},"loc":{"start":{"line":12,"column":21},"end":{"line":14,"column":5}},"line":12},"1":{"name":"(anonymous_1)","decl":{"start":{"line":21,"column":4},"end":{"line":21,"column":5}},"loc":{"start":{"line":21,"column":27},"end":{"line":23,"column":5}},"line":21},"2":{"name":"(anonymous_2)","decl":{"start":{"line":30,"column":4},"end":{"line":30,"column":5}},"loc":{"start":{"line":30,"column":29},"end":{"line":32,"column":5}},"line":30},"3":{"name":"(anonymous_3)","decl":{"start":{"line":39,"column":4},"end":{"line":39,"column":5}},"loc":{"start":{"line":39,"column":35},"end":{"line":41,"column":5}},"line":39},"4":{"name":"(anonymous_4)","decl":{"start":{"line":48,"column":4},"end":{"line":48,"column":5}},"loc":{"start":{"line":48,"column":23},"end":{"line":50,"column":5}},"line":48},"5":{"name":"(anonymous_5)","decl":{"start":{"line":57,"column":4},"end":{"line":57,"column":5}},"loc":{"start":{"line":57,"column":25},"end":{"line":59,"column":5}},"line":57},"6":{"name":"(anonymous_6)","decl":{"start":{"line":66,"column":4},"end":{"line":66,"column":5}},"loc":{"start":{"line":66,"column":31},"end":{"line":68,"column":5}},"line":66},"7":{"name":"(anonymous_7)","decl":{"start":{"line":75,"column":4},"end":{"line":75,"column":5}},"loc":{"start":{"line":75,"column":37},"end":{"line":77,"column":5}},"line":75}},"branchMap":{},"s":{"0":0,"1":0,"2":0,"3":0,"4":0,"5":0,"6":0,"7":0,"8":2},"f":{"0":0,"1":0,"2":0,"3":0,"4":0,"5":0,"6":0,"7":0},"b":{},"_coverageSchema":"1a1c01bbd47fc00a2c39e90264f33305004495a9","hash":"7fecf8f6b605f8b85239bf75287b3b2ad73dc9c4"}
,"D:\\VisualStudioCode\\CodebaseWinter2025\\CUOIKI\\JS-TaskManager\\business\\usecases\\auth\\LoginUserUseCase.js": {"path":"D:\\VisualStudioCode\\CodebaseWinter2025\\CUOIKI\\JS-TaskManager\\business\\usecases\\auth\\LoginUserUseCase.js","statementMap":{"0":{"start":{"line":1,"column":28},"end":{"line":1,"column":81}},"1":{"start":{"line":2,"column":50},"end":{"line":2,"column":83}},"2":{"start":{"line":10,"column":8},"end":{"line":10,"column":45}},"3":{"start":{"line":11,"column":8},"end":{"line":11,"column":47}},"4":{"start":{"line":12,"column":8},"end":{"line":12,"column":41}},"5":{"start":{"line":22,"column":8},"end":{"line":24,"column":9}},"6":{"start":{"line":23,"column":12},"end":{"line":23,"column":85}},"7":{"start":{"line":27,"column":21},"end":{"line":27,"column":74}},"8":{"start":{"line":28,"column":8},"end":{"line":30,"column":9}},"9":{"start":{"line":29,"column":12},"end":{"line":29,"column":76}},"10":{"start":{"line":33,"column":32},"end":{"line":36,"column":9}},"11":{"start":{"line":38,"column":8},"end":{"line":40,"column":9}},"12":{"start":{"line":39,"column":12},"end":{"line":39,"column":76}},"13":{"start":{"line":43,"column":29},"end":{"line":47,"column":9}},"14":{"start":{"line":49,"column":22},"end":{"line":49,"column":68}},"15":{"start":{"line":52,"column":8},"end":{"line":52,"column":51}},"16":{"start":{"line":56,"column":0},"end":{"line":56,"column":38}}},"fnMap":{"0":{"name":"(anonymous_0)","decl":{"start":{"line":9,"column":4},"end":{"line":9,"column":5}},"loc":{"start":{"line":9,"column":63},"end":{"line":13,"column":5}},"line":9},"1":{"name":"(anonymous_1)","decl":{"start":{"line":20,"column":4},"end":{"line":20,"column":5}},"loc":{"start":{"line":20,"column":28},"end":{"line":53,"column":5}},"line":20}},"branchMap":{"0":{"loc":{"start":{"line":22,"column":8},"end":{"line":24,"column":9}},"type":"if","locations":[{"start":{"line":22,"column":8},"end":{"line":24,"column":9}},{"start":{},"end":{}}],"line":22},"1":{"loc":{"start":{"line":22,"column":12},"end":{"line":22,"column":62}},"type":"binary-expr","locations":[{"start":{"line":22,"column":12},"end":{"line":22,"column":21}},{"start":{"line":22,"column":25},"end":{"line":22,"column":40}},{"start":{"line":22,"column":44},"end":{"line":22,"column":62}}],"line":22},"2":{"loc":{"start":{"line":28,"column":8},"end":{"line":30,"column":9}},"type":"if","locations":[{"start":{"line":28,"column":8},"end":{"line":30,"column":9}},{"start":{},"end":{}}],"line":28},"3":{"loc":{"start":{"line":38,"column":8},"end":{"line":40,"column":9}},"type":"if","locations":[{"start":{"line":38,"column":8},"end":{"line":40,"column":9}},{"start":{},"end":{}}],"line":38}},"s":{"0":1,"1":1,"2":6,"3":6,"4":6,"5":6,"6":2,"7":4,"8":4,"9":1,"10":3,"11":3,"12":1,"13":2,"14":2,"15":2,"16":1},"f":{"0":6,"1":6},"b":{"0":[2,4],"1":[6,6,5],"2":[1,3],"3":[1,2]},"_coverageSchema":"1a1c01bbd47fc00a2c39e90264f33305004495a9","hash":"8922efed2a617139e1c0f7b8a87244f6a336f62a"}
,"D:\\VisualStudioCode\\CodebaseWinter2025\\CUOIKI\\JS-TaskManager\\business\\usecases\\auth\\RegisterUserUseCase.js": {"path":"D:\\VisualStudioCode\\CodebaseWinter2025\\CUOIKI\\JS-TaskManager\\business\\usecases\\auth\\RegisterUserUseCase.js","statementMap":{"0":{"start":{"line":1,"column":17},"end":{"line":1,"column":57}},"1":{"start":{"line":2,"column":28},"end":{"line":2,"column":81}},"2":{"start":{"line":3,"column":56},"end":{"line":3,"column":92}},"3":{"start":{"line":11,"column":8},"end":{"line":11,"column":45}},"4":{"start":{"line":12,"column":8},"end":{"line":12,"column":47}},"5":{"start":{"line":22,"column":8},"end":{"line":24,"column":9}},"6":{"start":{"line":23,"column":12},"end":{"line":23,"column":96}},"7":{"start":{"line":27,"column":30},"end":{"line":27,"column":83}},"8":{"start":{"line":28,"column":8},"end":{"line":30,"column":9}},"9":{"start":{"line":29,"column":12},"end":{"line":29,"column":83}},"10":{"start":{"line":32,"column":33},"end":{"line":32,"column":92}},"11":{"start":{"line":33,"column":8},"end":{"line":35,"column":9}},"12":{"start":{"line":34,"column":12},"end":{"line":34,"column":89}},"13":{"start":{"line":38,"column":21},"end":{"line":38,"column":83}},"14":{"start":{"line":41,"column":31},"end":{"line":41,"column":82}},"15":{"start":{"line":42,"column":8},"end":{"line":42,"column":39}},"16":{"start":{"line":45,"column":26},"end":{"line":45,"column":62}},"17":{"start":{"line":48,"column":8},"end":{"line":48,"column":57}},"18":{"start":{"line":52,"column":0},"end":{"line":52,"column":41}}},"fnMap":{"0":{"name":"(anonymous_0)","decl":{"start":{"line":10,"column":4},"end":{"line":10,"column":5}},"loc":{"start":{"line":10,"column":49},"end":{"line":13,"column":5}},"line":10},"1":{"name":"(anonymous_1)","decl":{"start":{"line":20,"column":4},"end":{"line":20,"column":5}},"loc":{"start":{"line":20,"column":28},"end":{"line":49,"column":5}},"line":20}},"branchMap":{"0":{"loc":{"start":{"line":22,"column":8},"end":{"line":24,"column":9}},"type":"if","locations":[{"start":{"line":22,"column":8},"end":{"line":24,"column":9}},{"start":{},"end":{}}],"line":22},"1":{"loc":{"start":{"line":22,"column":12},"end":{"line":22,"column":84}},"type":"binary-expr","locations":[{"start":{"line":22,"column":12},"end":{"line":22,"column":21}},{"start":{"line":22,"column":25},"end":{"line":22,"column":43}},{"start":{"line":22,"column":47},"end":{"line":22,"column":62}},{"start":{"line":22,"column":66},"end":{"line":22,"column":84}}],"line":22},"2":{"loc":{"start":{"line":28,"column":8},"end":{"line":30,"column":9}},"type":"if","locations":[{"start":{"line":28,"column":8},"end":{"line":30,"column":9}},{"start":{},"end":{}}],"line":28},"3":{"loc":{"start":{"line":33,"column":8},"end":{"line":35,"column":9}},"type":"if","locations":[{"start":{"line":33,"column":8},"end":{"line":35,"column":9}},{"start":{},"end":{}}],"line":33}},"s":{"0":1,"1":1,"2":1,"3":6,"4":6,"5":6,"6":3,"7":3,"8":3,"9":1,"10":2,"11":2,"12":1,"13":1,"14":1,"15":1,"16":1,"17":1,"18":1},"f":{"0":6,"1":6},"b":{"0":[3,3],"1":[6,6,5,4],"2":[1,2],"3":[1,1]},"_coverageSchema":"1a1c01bbd47fc00a2c39e90264f33305004495a9","hash":"9323c7a38f2c63f19a4f69098cd312cb1ee34367"}
,"D:\\VisualStudioCode\\CodebaseWinter2025\\CUOIKI\\JS-TaskManager\\business\\usecases\\auth\\VerifyTokenUseCase.js": {"path":"D:\\VisualStudioCode\\CodebaseWinter2025\\CUOIKI\\JS-TaskManager\\business\\usecases\\auth\\VerifyTokenUseCase.js","statementMap":{"0":{"start":{"line":1,"column":28},"end":{"line":1,"column":81}},"1":{"start":{"line":2,"column":54},"end":{"line":2,"column":89}},"2":{"start":{"line":10,"column":8},"end":{"line":10,"column":41}},"3":{"start":{"line":11,"column":8},"end":{"line":11,"column":45}},"4":{"start":{"line":21,"column":8},"end":{"line":23,"column":9}},"5":{"start":{"line":22,"column":12},"end":{"line":22,"column":68}},"6":{"start":{"line":25,"column":8},"end":{"line":47,"column":9}},"7":{"start":{"line":27,"column":28},"end":{"line":27,"column":65}},"8":{"start":{"line":30,"column":25},"end":{"line":30,"column":75}},"9":{"start":{"line":31,"column":12},"end":{"line":33,"column":13}},"10":{"start":{"line":32,"column":16},"end":{"line":32,"column":76}},"11":{"start":{"line":36,"column":12},"end":{"line":40,"column":14}},"12":{"start":{"line":43,"column":12},"end":{"line":45,"column":13}},"13":{"start":{"line":44,"column":16},"end":{"line":44,"column":28}},"14":{"start":{"line":46,"column":12},"end":{"line":46,"column":75}},"15":{"start":{"line":51,"column":0},"end":{"line":51,"column":40}}},"fnMap":{"0":{"name":"(anonymous_0)","decl":{"start":{"line":9,"column":4},"end":{"line":9,"column":5}},"loc":{"start":{"line":9,"column":46},"end":{"line":12,"column":5}},"line":9},"1":{"name":"(anonymous_1)","decl":{"start":{"line":19,"column":4},"end":{"line":19,"column":5}},"loc":{"start":{"line":19,"column":25},"end":{"line":48,"column":5}},"line":19}},"branchMap":{"0":{"loc":{"start":{"line":21,"column":8},"end":{"line":23,"column":9}},"type":"if","locations":[{"start":{"line":21,"column":8},"end":{"line":23,"column":9}},{"start":{},"end":{}}],"line":21},"1":{"loc":{"start":{"line":31,"column":12},"end":{"line":33,"column":13}},"type":"if","locations":[{"start":{"line":31,"column":12},"end":{"line":33,"column":13}},{"start":{},"end":{}}],"line":31},"2":{"loc":{"start":{"line":43,"column":12},"end":{"line":45,"column":13}},"type":"if","locations":[{"start":{"line":43,"column":12},"end":{"line":45,"column":13}},{"start":{},"end":{}}],"line":43}},"s":{"0":1,"1":1,"2":6,"3":6,"4":6,"5":2,"6":4,"7":4,"8":2,"9":2,"10":1,"11":1,"12":3,"13":1,"14":2,"15":1},"f":{"0":6,"1":6},"b":{"0":[2,4],"1":[1,1],"2":[1,2]},"_coverageSchema":"1a1c01bbd47fc00a2c39e90264f33305004495a9","hash":"2335994401cbca530469f49230b0a676358c95e2"}
,"D:\\VisualStudioCode\\CodebaseWinter2025\\CUOIKI\\JS-TaskManager\\business\\usecases\\tasks\\ChangeTaskStatusUseCase.js": {"path":"D:\\VisualStudioCode\\CodebaseWinter2025\\CUOIKI\\JS-TaskManager\\business\\usecases\\tasks\\ChangeTaskStatusUseCase.js","statementMap":{"0":{"start":{"line":1,"column":28},"end":{"line":1,"column":81}},"1":{"start":{"line":2,"column":23},"end":{"line":2,"column":73}},"2":{"start":{"line":3,"column":64},"end":{"line":3,"column":104}},"3":{"start":{"line":11,"column":8},"end":{"line":11,"column":45}},"4":{"start":{"line":23,"column":8},"end":{"line":25,"column":9}},"5":{"start":{"line":24,"column":12},"end":{"line":24,"column":95}},"6":{"start":{"line":28,"column":21},"end":{"line":28,"column":63}},"7":{"start":{"line":30,"column":8},"end":{"line":32,"column":9}},"8":{"start":{"line":31,"column":12},"end":{"line":31,"column":65}},"9":{"start":{"line":35,"column":8},"end":{"line":37,"column":9}},"10":{"start":{"line":36,"column":12},"end":{"line":36,"column":97}},"11":{"start":{"line":40,"column":8},"end":{"line":47,"column":9}},"12":{"start":{"line":41,"column":12},"end":{"line":41,"column":41}},"13":{"start":{"line":43,"column":12},"end":{"line":45,"column":13}},"14":{"start":{"line":44,"column":16},"end":{"line":44,"column":28}},"15":{"start":{"line":46,"column":12},"end":{"line":46,"column":65}},"16":{"start":{"line":50,"column":28},"end":{"line":50,"column":66}},"17":{"start":{"line":53,"column":8},"end":{"line":57,"column":10}},"18":{"start":{"line":64,"column":8},"end":{"line":64,"column":68}},"19":{"start":{"line":71,"column":8},"end":{"line":71,"column":66}},"20":{"start":{"line":78,"column":21},"end":{"line":78,"column":63}},"21":{"start":{"line":80,"column":8},"end":{"line":82,"column":9}},"22":{"start":{"line":81,"column":12},"end":{"line":81,"column":65}},"23":{"start":{"line":84,"column":8},"end":{"line":86,"column":9}},"24":{"start":{"line":85,"column":12},"end":{"line":85,"column":97}},"25":{"start":{"line":88,"column":8},"end":{"line":88,"column":22}},"26":{"start":{"line":89,"column":28},"end":{"line":89,"column":66}},"27":{"start":{"line":91,"column":8},"end":{"line":95,"column":10}},"28":{"start":{"line":99,"column":0},"end":{"line":99,"column":45}}},"fnMap":{"0":{"name":"(anonymous_0)","decl":{"start":{"line":10,"column":4},"end":{"line":10,"column":5}},"loc":{"start":{"line":10,"column":32},"end":{"line":12,"column":5}},"line":10},"1":{"name":"(anonymous_1)","decl":{"start":{"line":21,"column":4},"end":{"line":21,"column":5}},"loc":{"start":{"line":21,"column":45},"end":{"line":58,"column":5}},"line":21},"2":{"name":"(anonymous_2)","decl":{"start":{"line":63,"column":4},"end":{"line":63,"column":5}},"loc":{"start":{"line":63,"column":43},"end":{"line":65,"column":5}},"line":63},"3":{"name":"(anonymous_3)","decl":{"start":{"line":70,"column":4},"end":{"line":70,"column":5}},"loc":{"start":{"line":70,"column":42},"end":{"line":72,"column":5}},"line":70},"4":{"name":"(anonymous_4)","decl":{"start":{"line":77,"column":4},"end":{"line":77,"column":5}},"loc":{"start":{"line":77,"column":37},"end":{"line":96,"column":5}},"line":77}},"branchMap":{"0":{"loc":{"start":{"line":23,"column":8},"end":{"line":25,"column":9}},"type":"if","locations":[{"start":{"line":23,"column":8},"end":{"line":25,"column":9}},{"start":{},"end":{}}],"line":23},"1":{"loc":{"start":{"line":23,"column":12},"end":{"line":23,"column":44}},"type":"binary-expr","locations":[{"start":{"line":23,"column":12},"end":{"line":23,"column":19}},{"start":{"line":23,"column":23},"end":{"line":23,"column":33}},{"start":{"line":23,"column":37},"end":{"line":23,"column":44}}],"line":23},"2":{"loc":{"start":{"line":30,"column":8},"end":{"line":32,"column":9}},"type":"if","locations":[{"start":{"line":30,"column":8},"end":{"line":32,"column":9}},{"start":{},"end":{}}],"line":30},"3":{"loc":{"start":{"line":35,"column":8},"end":{"line":37,"column":9}},"type":"if","locations":[{"start":{"line":35,"column":8},"end":{"line":37,"column":9}},{"start":{},"end":{}}],"line":35},"4":{"loc":{"start":{"line":43,"column":12},"end":{"line":45,"column":13}},"type":"if","locations":[{"start":{"line":43,"column":12},"end":{"line":45,"column":13}},{"start":{},"end":{}}],"line":43},"5":{"loc":{"start":{"line":80,"column":8},"end":{"line":82,"column":9}},"type":"if","locations":[{"start":{"line":80,"column":8},"end":{"line":82,"column":9}},{"start":{},"end":{}}],"line":80},"6":{"loc":{"start":{"line":84,"column":8},"end":{"line":86,"column":9}},"type":"if","locations":[{"start":{"line":84,"column":8},"end":{"line":86,"column":9}},{"start":{},"end":{}}],"line":84}},"s":{"0":1,"1":1,"2":1,"3":11,"4":11,"5":2,"6":9,"7":9,"8":1,"9":8,"10":1,"11":7,"12":7,"13":2,"14":2,"15":0,"16":5,"17":5,"18":0,"19":0,"20":0,"21":0,"22":0,"23":0,"24":0,"25":0,"26":0,"27":0,"28":1},"f":{"0":11,"1":11,"2":0,"3":0,"4":0},"b":{"0":[2,9],"1":[11,9,9],"2":[1,8],"3":[1,7],"4":[2,0],"5":[0,0],"6":[0,0]},"_coverageSchema":"1a1c01bbd47fc00a2c39e90264f33305004495a9","hash":"34858bc6d9b3f3800470e65bfabc9475ba08bce1"}
,"D:\\VisualStudioCode\\CodebaseWinter2025\\CUOIKI\\JS-TaskManager\\business\\usecases\\tasks\\CreateTaskUseCase.js": {"path":"D:\\VisualStudioCode\\CodebaseWinter2025\\CUOIKI\\JS-TaskManager\\business\\usecases\\tasks\\CreateTaskUseCase.js","statementMap":{"0":{"start":{"line":1,"column":17},"end":{"line":1,"column":57}},"1":{"start":{"line":2,"column":28},"end":{"line":2,"column":81}},"2":{"start":{"line":3,"column":52},"end":{"line":3,"column":86}},"3":{"start":{"line":11,"column":8},"end":{"line":11,"column":45}},"4":{"start":{"line":21,"column":8},"end":{"line":23,"column":9}},"5":{"start":{"line":22,"column":12},"end":{"line":22,"column":83}},"6":{"start":{"line":26,"column":21},"end":{"line":30,"column":9}},"7":{"start":{"line":33,"column":26},"end":{"line":33,"column":62}},"8":{"start":{"line":36,"column":8},"end":{"line":36,"column":55}},"9":{"start":{"line":40,"column":0},"end":{"line":40,"column":39}}},"fnMap":{"0":{"name":"(anonymous_0)","decl":{"start":{"line":10,"column":4},"end":{"line":10,"column":5}},"loc":{"start":{"line":10,"column":32},"end":{"line":12,"column":5}},"line":10},"1":{"name":"(anonymous_1)","decl":{"start":{"line":19,"column":4},"end":{"line":19,"column":5}},"loc":{"start":{"line":19,"column":28},"end":{"line":37,"column":5}},"line":19}},"branchMap":{"0":{"loc":{"start":{"line":21,"column":8},"end":{"line":23,"column":9}},"type":"if","locations":[{"start":{"line":21,"column":8},"end":{"line":23,"column":9}},{"start":{},"end":{}}],"line":21},"1":{"loc":{"start":{"line":21,"column":12},"end":{"line":21,"column":60}},"type":"binary-expr","locations":[{"start":{"line":21,"column":12},"end":{"line":21,"column":21}},{"start":{"line":21,"column":25},"end":{"line":21,"column":40}},{"start":{"line":21,"column":44},"end":{"line":21,"column":60}}],"line":21}},"s":{"0":1,"1":1,"2":1,"3":5,"4":5,"5":3,"6":2,"7":2,"8":2,"9":1},"f":{"0":5,"1":5},"b":{"0":[3,2],"1":[5,4,3]},"_coverageSchema":"1a1c01bbd47fc00a2c39e90264f33305004495a9","hash":"3fae830e47c0408998ed56954774f90452e8bf7f"}
,"D:\\VisualStudioCode\\CodebaseWinter2025\\CUOIKI\\JS-TaskManager\\business\\usecases\\tasks\\DeleteTaskUseCase.js": {"path":"D:\\VisualStudioCode\\CodebaseWinter2025\\CUOIKI\\JS-TaskManager\\business\\usecases\\tasks\\DeleteTaskUseCase.js","statementMap":{"0":{"start":{"line":1,"column":28},"end":{"line":1,"column":81}},"1":{"start":{"line":2,"column":52},"end":{"line":2,"column":86}},"2":{"start":{"line":10,"column":8},"end":{"line":10,"column":45}},"3":{"start":{"line":20,"column":8},"end":{"line":22,"column":9}},"4":{"start":{"line":21,"column":12},"end":{"line":21,"column":86}},"5":{"start":{"line":25,"column":21},"end":{"line":25,"column":72}},"6":{"start":{"line":27,"column":8},"end":{"line":29,"column":9}},"7":{"start":{"line":28,"column":12},"end":{"line":28,"column":74}},"8":{"start":{"line":32,"column":8},"end":{"line":34,"column":9}},"9":{"start":{"line":33,"column":12},"end":{"line":33,"column":97}},"10":{"start":{"line":37,"column":24},"end":{"line":37,"column":73}},"11":{"start":{"line":40,"column":8},"end":{"line":44,"column":10}},"12":{"start":{"line":48,"column":0},"end":{"line":48,"column":39}}},"fnMap":{"0":{"name":"(anonymous_0)","decl":{"start":{"line":9,"column":4},"end":{"line":9,"column":5}},"loc":{"start":{"line":9,"column":32},"end":{"line":11,"column":5}},"line":9},"1":{"name":"(anonymous_1)","decl":{"start":{"line":18,"column":4},"end":{"line":18,"column":5}},"loc":{"start":{"line":18,"column":28},"end":{"line":45,"column":5}},"line":18}},"branchMap":{"0":{"loc":{"start":{"line":20,"column":8},"end":{"line":22,"column":9}},"type":"if","locations":[{"start":{"line":20,"column":8},"end":{"line":22,"column":9}},{"start":{},"end":{}}],"line":20},"1":{"loc":{"start":{"line":20,"column":12},"end":{"line":20,"column":61}},"type":"binary-expr","locations":[{"start":{"line":20,"column":12},"end":{"line":20,"column":21}},{"start":{"line":20,"column":25},"end":{"line":20,"column":41}},{"start":{"line":20,"column":45},"end":{"line":20,"column":61}}],"line":20},"2":{"loc":{"start":{"line":27,"column":8},"end":{"line":29,"column":9}},"type":"if","locations":[{"start":{"line":27,"column":8},"end":{"line":29,"column":9}},{"start":{},"end":{}}],"line":27},"3":{"loc":{"start":{"line":32,"column":8},"end":{"line":34,"column":9}},"type":"if","locations":[{"start":{"line":32,"column":8},"end":{"line":34,"column":9}},{"start":{},"end":{}}],"line":32},"4":{"loc":{"start":{"line":43,"column":12},"end":{"line":43,"column":74}},"type":"cond-expr","locations":[{"start":{"line":43,"column":22},"end":{"line":43,"column":49}},{"start":{"line":43,"column":52},"end":{"line":43,"column":74}}],"line":43}},"s":{"0":1,"1":1,"2":6,"3":6,"4":3,"5":3,"6":3,"7":1,"8":2,"9":1,"10":1,"11":1,"12":1},"f":{"0":6,"1":6},"b":{"0":[3,3],"1":[6,5,4],"2":[1,2],"3":[1,1],"4":[1,0]},"_coverageSchema":"1a1c01bbd47fc00a2c39e90264f33305004495a9","hash":"7eeb38309d2a714696f62110717acc79fdad5668"}
,"D:\\VisualStudioCode\\CodebaseWinter2025\\CUOIKI\\JS-TaskManager\\business\\usecases\\tasks\\GetTaskByIdUseCase.js": {"path":"D:\\VisualStudioCode\\CodebaseWinter2025\\CUOIKI\\JS-TaskManager\\business\\usecases\\tasks\\GetTaskByIdUseCase.js","statementMap":{"0":{"start":{"line":1,"column":28},"end":{"line":1,"column":81}},"1":{"start":{"line":2,"column":46},"end":{"line":2,"column":77}},"2":{"start":{"line":10,"column":8},"end":{"line":10,"column":45}},"3":{"start":{"line":20,"column":8},"end":{"line":22,"column":9}},"4":{"start":{"line":21,"column":12},"end":{"line":21,"column":86}},"5":{"start":{"line":25,"column":21},"end":{"line":25,"column":72}},"6":{"start":{"line":27,"column":8},"end":{"line":29,"column":9}},"7":{"start":{"line":28,"column":12},"end":{"line":28,"column":74}},"8":{"start":{"line":32,"column":8},"end":{"line":34,"column":9}},"9":{"start":{"line":33,"column":12},"end":{"line":33,"column":97}},"10":{"start":{"line":37,"column":8},"end":{"line":37,"column":42}},"11":{"start":{"line":41,"column":0},"end":{"line":41,"column":40}}},"fnMap":{"0":{"name":"(anonymous_0)","decl":{"start":{"line":9,"column":4},"end":{"line":9,"column":5}},"loc":{"start":{"line":9,"column":32},"end":{"line":11,"column":5}},"line":9},"1":{"name":"(anonymous_1)","decl":{"start":{"line":18,"column":4},"end":{"line":18,"column":5}},"loc":{"start":{"line":18,"column":28},"end":{"line":38,"column":5}},"line":18}},"branchMap":{"0":{"loc":{"start":{"line":20,"column":8},"end":{"line":22,"column":9}},"type":"if","locations":[{"start":{"line":20,"column":8},"end":{"line":22,"column":9}},{"start":{},"end":{}}],"line":20},"1":{"loc":{"start":{"line":20,"column":12},"end":{"line":20,"column":61}},"type":"binary-expr","locations":[{"start":{"line":20,"column":12},"end":{"line":20,"column":21}},{"start":{"line":20,"column":25},"end":{"line":20,"column":41}},{"start":{"line":20,"column":45},"end":{"line":20,"column":61}}],"line":20},"2":{"loc":{"start":{"line":27,"column":8},"end":{"line":29,"column":9}},"type":"if","locations":[{"start":{"line":27,"column":8},"end":{"line":29,"column":9}},{"start":{},"end":{}}],"line":27},"3":{"loc":{"start":{"line":32,"column":8},"end":{"line":34,"column":9}},"type":"if","locations":[{"start":{"line":32,"column":8},"end":{"line":34,"column":9}},{"start":{},"end":{}}],"line":32}},"s":{"0":1,"1":1,"2":6,"3":6,"4":3,"5":3,"6":3,"7":1,"8":2,"9":1,"10":1,"11":1},"f":{"0":6,"1":6},"b":{"0":[3,3],"1":[6,5,4],"2":[1,2],"3":[1,1]},"_coverageSchema":"1a1c01bbd47fc00a2c39e90264f33305004495a9","hash":"a07d7d482b391d7915e137d3a54b07dd7dfb528a"}
,"D:\\VisualStudioCode\\CodebaseWinter2025\\CUOIKI\\JS-TaskManager\\business\\usecases\\tasks\\GetTaskStatisticsUseCase.js": {"path":"D:\\VisualStudioCode\\CodebaseWinter2025\\CUOIKI\\JS-TaskManager\\business\\usecases\\tasks\\GetTaskStatisticsUseCase.js","statementMap":{"0":{"start":{"line":1,"column":23},"end":{"line":1,"column":73}},"1":{"start":{"line":2,"column":66},"end":{"line":2,"column":107}},"2":{"start":{"line":10,"column":8},"end":{"line":10,"column":45}},"3":{"start":{"line":19,"column":8},"end":{"line":21,"column":9}},"4":{"start":{"line":20,"column":12},"end":{"line":20,"column":51}},"5":{"start":{"line":24,"column":64},"end":{"line":28,"column":10}},"6":{"start":{"line":30,"column":27},"end":{"line":30,"column":74}},"7":{"start":{"line":32,"column":8},"end":{"line":40,"column":10}},"8":{"start":{"line":44,"column":0},"end":{"line":44,"column":46}}},"fnMap":{"0":{"name":"(anonymous_0)","decl":{"start":{"line":9,"column":4},"end":{"line":9,"column":5}},"loc":{"start":{"line":9,"column":32},"end":{"line":11,"column":5}},"line":9},"1":{"name":"(anonymous_1)","decl":{"start":{"line":18,"column":4},"end":{"line":18,"column":5}},"loc":{"start":{"line":18,"column":26},"end":{"line":41,"column":5}},"line":18}},"branchMap":{"0":{"loc":{"start":{"line":19,"column":8},"end":{"line":21,"column":9}},"type":"if","locations":[{"start":{"line":19,"column":8},"end":{"line":21,"column":9}},{"start":{},"end":{}}],"line":19},"1":{"loc":{"start":{"line":37,"column":28},"end":{"line":39,"column":19}},"type":"cond-expr","locations":[{"start":{"line":38,"column":18},"end":{"line":38,"column":65}},{"start":{"line":39,"column":18},"end":{"line":39,"column":19}}],"line":37}},"s":{"0":1,"1":1,"2":5,"3":5,"4":2,"5":3,"6":3,"7":3,"8":1},"f":{"0":5,"1":5},"b":{"0":[2,3],"1":[2,1]},"_coverageSchema":"1a1c01bbd47fc00a2c39e90264f33305004495a9","hash":"02293cbfeb0eecbffdfb9ef93eef0d2299ccad8e"}
,"D:\\VisualStudioCode\\CodebaseWinter2025\\CUOIKI\\JS-TaskManager\\business\\usecases\\tasks\\GetTasksUseCase.js": {"path":"D:\\VisualStudioCode\\CodebaseWinter2025\\CUOIKI\\JS-TaskManager\\business\\usecases\\tasks\\GetTasksUseCase.js","statementMap":{"0":{"start":{"line":1,"column":28},"end":{"line":1,"column":81}},"1":{"start":{"line":2,"column":48},"end":{"line":2,"column":79}},"2":{"start":{"line":10,"column":8},"end":{"line":10,"column":45}},"3":{"start":{"line":20,"column":8},"end":{"line":22,"column":9}},"4":{"start":{"line":21,"column":12},"end":{"line":21,"column":73}},"5":{"start":{"line":26,"column":8},"end":{"line":35,"column":9}},"6":{"start":{"line":28,"column":12},"end":{"line":31,"column":14}},"7":{"start":{"line":34,"column":12},"end":{"line":34,"column":76}},"8":{"start":{"line":38,"column":8},"end":{"line":38,"column":44}},"9":{"start":{"line":42,"column":0},"end":{"line":42,"column":37}}},"fnMap":{"0":{"name":"(anonymous_0)","decl":{"start":{"line":9,"column":4},"end":{"line":9,"column":5}},"loc":{"start":{"line":9,"column":32},"end":{"line":11,"column":5}},"line":9},"1":{"name":"(anonymous_1)","decl":{"start":{"line":18,"column":4},"end":{"line":18,"column":5}},"loc":{"start":{"line":18,"column":28},"end":{"line":39,"column":5}},"line":18}},"branchMap":{"0":{"loc":{"start":{"line":20,"column":8},"end":{"line":22,"column":9}},"type":"if","locations":[{"start":{"line":20,"column":8},"end":{"line":22,"column":9}},{"start":{},"end":{}}],"line":20},"1":{"loc":{"start":{"line":20,"column":12},"end":{"line":20,"column":41}},"type":"binary-expr","locations":[{"start":{"line":20,"column":12},"end":{"line":20,"column":21}},{"start":{"line":20,"column":25},"end":{"line":20,"column":41}}],"line":20},"2":{"loc":{"start":{"line":26,"column":8},"end":{"line":35,"column":9}},"type":"if","locations":[{"start":{"line":26,"column":8},"end":{"line":35,"column":9}},{"start":{"line":32,"column":15},"end":{"line":35,"column":9}}],"line":26}},"s":{"0":1,"1":1,"2":6,"3":6,"4":2,"5":4,"6":2,"7":2,"8":4,"9":1},"f":{"0":6,"1":6},"b":{"0":[2,4],"1":[6,5],"2":[2,2]},"_coverageSchema":"1a1c01bbd47fc00a2c39e90264f33305004495a9","hash":"a1b5faad5d4030dc5d13d480852b8972b2c68133"}
,"D:\\VisualStudioCode\\CodebaseWinter2025\\CUOIKI\\JS-TaskManager\\business\\usecases\\tasks\\UpdateTaskUseCase.js": {"path":"D:\\VisualStudioCode\\CodebaseWinter2025\\CUOIKI\\JS-TaskManager\\business\\usecases\\tasks\\UpdateTaskUseCase.js","statementMap":{"0":{"start":{"line":1,"column":28},"end":{"line":1,"column":81}},"1":{"start":{"line":2,"column":52},"end":{"line":2,"column":86}},"2":{"start":{"line":10,"column":8},"end":{"line":10,"column":45}},"3":{"start":{"line":20,"column":8},"end":{"line":22,"column":9}},"4":{"start":{"line":21,"column":12},"end":{"line":21,"column":86}},"5":{"start":{"line":25,"column":21},"end":{"line":25,"column":72}},"6":{"start":{"line":27,"column":8},"end":{"line":29,"column":9}},"7":{"start":{"line":28,"column":12},"end":{"line":28,"column":74}},"8":{"start":{"line":32,"column":8},"end":{"line":34,"column":9}},"9":{"start":{"line":33,"column":12},"end":{"line":33,"column":97}},"10":{"start":{"line":37,"column":8},"end":{"line":44,"column":9}},"11":{"start":{"line":38,"column":12},"end":{"line":38,"column":79}},"12":{"start":{"line":40,"column":12},"end":{"line":42,"column":13}},"13":{"start":{"line":41,"column":16},"end":{"line":41,"column":28}},"14":{"start":{"line":43,"column":12},"end":{"line":43,"column":65}},"15":{"start":{"line":47,"column":28},"end":{"line":47,"column":66}},"16":{"start":{"line":50,"column":8},"end":{"line":50,"column":57}},"17":{"start":{"line":54,"column":0},"end":{"line":54,"column":39}}},"fnMap":{"0":{"name":"(anonymous_0)","decl":{"start":{"line":9,"column":4},"end":{"line":9,"column":5}},"loc":{"start":{"line":9,"column":32},"end":{"line":11,"column":5}},"line":9},"1":{"name":"(anonymous_1)","decl":{"start":{"line":18,"column":4},"end":{"line":18,"column":5}},"loc":{"start":{"line":18,"column":28},"end":{"line":51,"column":5}},"line":18}},"branchMap":{"0":{"loc":{"start":{"line":20,"column":8},"end":{"line":22,"column":9}},"type":"if","locations":[{"start":{"line":20,"column":8},"end":{"line":22,"column":9}},{"start":{},"end":{}}],"line":20},"1":{"loc":{"start":{"line":20,"column":12},"end":{"line":20,"column":61}},"type":"binary-expr","locations":[{"s
[...]
,"D:\\VisualStudioCode\\CodebaseWinter2025\\CUOIKI\\JS-TaskManager\\infrastructure\\database\\models\\TaskModel.js": {"path":"D:\\VisualStudioCode\\CodebaseWinter2025\\CUOIKI\\JS-TaskManager\\infrastructure\\database\\models\\TaskModel.js","statementMap":{"0":{"start":{"line":1,"column":12},"end":{"line":1,"column":28}},"1":{"start":{"line":19,"column":24},"end":{"line":19,"column":31}},"2":{"start":{"line":25,"column":24},"end":{"line":25,"column":38}},"3":{"start":{"line":26,"column":23},"end":{"line":35,"column":14}},"4":{"start":{"line":36,"column":8},"end":{"line":36,"column":35}},"5":{"start":{"line":43,"column":24},"end":{"line":43,"column":38}},"6":{"start":{"line":44,"column":23},"end":{"line":46,"column":69}},"7":{"start":{"line":47,"column":8},"end":{"line":47,"column":43}},"8":{"start":{"line":54,"column":24},"end":{"line":54,"column":38}},"9":{"start":{"line":55,"column":23},"end":{"line":61,"column":14}},"10":{"start":{"line":62,"column":8},"end":{"line":62,"column":32}},"11":{"start":{"line":69,"column":24},"end":{"line":69,"column":38}},"12":{"start":{"line":70,"column":23},"end":{"line":77,"column":14}},"13":{"start":{"line":78,"column":8},"end":{"line":78,"column":32}},"14":{"start":{"line":85,"column":24},"end":{"line":85,"column":38}},"15":{"start":{"line":86,"column":23},"end":{"line":95,"column":14}},"16":{"start":{"line":96,"column":8},"end":{"line":96,"column":43}},"17":{"start":{"line":103,"column":24},"end":{"line":103,"column":38}},"18":{"start":{"line":104,"column":23},"end":{"line":112,"column":14}},"19":{"start":{"line":113,"column":8},"end":{"line":113,"column":43}},"20":{"start":{"line":120,"column":24},"end":{"line":120,"column":38}},"21":{"start":{"line":121,"column":8},"end":{"line":123,"column":68}},"22":{"start":{"line":130,"column":24},"end":{"line":130,"column":38}},"23":{"start":{"line":131,"column":8},"end":{"line":133,"column":77}},"24":{"start":{"line":140,"column":24},"end":{"line":140,"column":38}},"25":{"start":{"line":141,"column":23},"end":{"line":147,"column":14}},"26":{"start":{"line":148,"column":8},"end":{"line":148,"column":41}},"27":{"start":{"line":155,"column":24},"end":{"line":155,"column":38}},"28":{"start":{"line":156,"column":23},"end":{"line":171,"column":14}},"29":{"start":{"line":172,"column":8},"end":{"line":172,"column":35}},"30":{"start":{"line":176,"column":0},"end":{"line":176,"column":31}}},"fnMap":{"0":{"name":"(anonymous_0)","decl":{"start":{"line":24,"column":4},"end":{"line":24,"column":5}},"loc":{"start":{"line":24,"column":83},"end":{"line":37,"column":5}},"line":24},"1":{"name":"(anonymous_1)","decl":{"start":{"line":42,"column":4},"end":{"line":42,"column":5}},"loc":{"start":{"line":42,"column":36},"end":{"line":48,"column":5}},"line":42},"2":{"name":"(anonymous_2)","decl":{"start":{"line":53,"column":4},"end":{"line":53,"column":5}},"loc":{"start":{"line":53,"column":44},"end":{"line":63,"column":5}},"line":53},"3":{"name":"(anonymous_3)","decl":{"start":{"line":68,"column":4},"end":{"line":68,"column":5}},"loc":{"start":{"line":68,"column":61},"end":{"line":79,"column":5}},"line":68},"4":{"name":"(anonymous_4)","decl":{"start":{"line":84,"column":4},"end":{"line":84,"column":5}},"loc":{"start":{"line":84,"column":58},"end":{"line":97,"column":5}},"line":84},"5":{"name":"(anonymous_5)","decl":{"start":{"line":102,"column":4},"end":{"line":102,"column":5}},"loc":{"start":{"line":102,"column":48},"end":{"line":114,"column":5}},"line":102},"6":{"name":"(anonymous_6)","decl":{"start":{"line":119,"column":4},"end":{"line":119,"column":5}},"loc":{"start":{"line":119,"column":34},"end":{"line":124,"column":5}},"line":119},"7":{"name":"(anonymous_7)","decl":{"start":{"line":129,"column":4},"end":{"line":129,"column":5}},"loc":{"start":{"line":129,"column":46},"end":{"line":134,"column":5}},"line":129},"8":{"name":"(anonymous_8)","decl":{"start":{"line":139,"column":4},"end":{"line":139,"column":5}},"loc":{"start":{"line":139,"column":62},"end":{"line":149,"column":5}},"line":139},"9":{"name":"(anonymous_9)","decl":{"start":{"line":154,"column":4},"end":{"line":154,"column":5}},"loc":{"start":{"line":154,"column":45},"end":{"line":173,"column":5}},"line":154}},"branchMap":{"0":{"loc":{"start":{"line":24,"column":61},"end":{"line":24,"column":79}},"type":"default-arg","locations":[{"start":{"line":24,"column":70},"end":{"line":24,"column":79}}],"line":24},"1":{"loc":{"start":{"line":29,"column":54},"end":{"line":29,"column":71}},"type":"binary-expr","locations":[{"start":{"line":29,"column":54},"end":{"line":29,"column":65}},{"start":{"line":29,"column":69},"end":{"line":29,"column":71}}],"line":29},"2":{"loc":{"start":{"line":47,"column":15},"end":{"line":47,"column":42}},"type":"binary-expr","locations":[{"start":{"line":47,"column":15},"end":{"line":47,"column":34}},{"start":{"line":47,"column":38},"end":{"line":47,"column":42}}],"line":47},"3":{"loc":{"start":{"line":89,"column":54},"end":{"line":89,"column":71}},"type":"binary-expr","locations":[{"start":{"line":89,"column":54},"end":{"line":89,"column":65}},{"start":{"line":89,"column":69},"end":{"line":89,"column":71}}],"line":89},"4":{"loc":{"start":{"line":96,"column":15},"end":{"line":96,"column":42}},"type":"binary-expr","locations":[{"start":{"line":96,"column":15},"end":{"line":96,"column":34}},{"start":{"line":96,"column":38},"end":{"line":96,"column":42}}],"line":96},"5":{"loc":{"start":{"line":113,"column":15},"end":{"line":113,"column":42}},"type":"binary-expr","locations":[{"start":{"line":113,"column":15},"end":{"line":113,"column":34}},{"start":{"line":113,"column":38},"end":{"line":113,"column":42}}],"line":113}},"s":{"0":1,"1":1,"2":1,"3":1,"4":1,"5":3,"6":3,"7":3,"8":2,"9":2,"10":2,"11":2,"12":2,"13":2,"14":0,"15":0,"16":0,"17":0,"18":0,"19":0,"20":1,"21":1,"22":0,"23":0,"24":5,"25":5,"26":5,"27":0,"28":0,"29":0,"30":1},"f":{"0":1,"1":3,"2":2,"3":2,"4":0,"5":0,"6":1,"7":0,"8":5,"9":0},"b":{"0":[0],"1":[1,0],"2":[3,2],"3":[0,0],"4":[0,0],"5":[0,0]},"_coverageSchema":"1a1c01bbd47fc00a2c39e90264f33305004495a9","hash":"30283c365b6b2ae226c33607f9d6f7355ec4226a"}
,"D:\\VisualStudioCode\\CodebaseWinter2025\\CUOIKI\\JS-TaskManager\\infrastructure\\database\\models\\UserModel.js": {"path":"D:\\VisualStudioCode\\CodebaseWinter2025\\CUOIKI\\JS-TaskManager\\infrastructure\\database\\models\\UserModel.js","statementMap":{"0":{"start":{"line":1,"column":12},"end":{"line":1,"column":28}},"1":{"start":{"line":18,"column":24},"end":{"line":18,"column":31}},"2":{"start":{"line":24,"column":24},"end":{"line":24,"column":38}},"3":{"start":{"line":25,"column":23},"end":{"line":33,"column":14}},"4":{"start":{"line":34,"column":8},"end":{"line":34,"column":35}},"5":{"start":{"line":41,"column":24},"end":{"line":41,"column":38}},"6":{"start":{"line":42,"column":23},"end":{"line":44,"column":69}},"7":{"start":{"line":45,"column":8},"end":{"line":45,"column":43}},"8":{"start":{"line":52,"column":24},"end":{"line":52,"column":38}},"9":{"start":{"line":53,"column":23},"end":{"line":55,"column":75}},"10":{"start":{"line":56,"column":8},"end":{"line":56,"column":43}},"11":{"start":{"line":63,"column":24},"end":{"line":63,"column":38}},"12":{"start":{"line":64,"column":23},"end":{"line":66,"column":81}},"13":{"start":{"line":67,"column":8},"end":{"line":67,"column":43}},"14":{"start":{"line":74,"column":24},"end":{"line":74,"column":38}},"15":{"start":{"line":75,"column":23},"end":{"line":77,"column":91}},"16":{"start":{"line":78,"column":8},"end":{"line":78,"column":45}},"17":{"start":{"line":85,"column":24},"end":{"line":85,"column":38}},"18":{"start":{"line":86,"column":23},"end":{"line":88,"column":97}},"19":{"start":{"line":89,"column":8},"end":{"line":89,"column":45}},"20":{"start":{"line":96,"column":24},"end":{"line":96,"column":38}},"21":{"start":{"line":97,"column":23},"end":{"line":106,"column":14}},"22":{"start":{"line":107,"column":8},"end":{"line":107,"column":43}},"23":{"start":{"line":114,"column":24},"end":{"line":114,"column":38}},"24":{"start":{"line":115,"column":23},"end":{"line":123,"column":14}},"25":{"start":{"line":124,"column":8},"end":{"line":124,"column":43}},"26":{"start":{"line":131,"column":24},"end":{"line":131,"column":38}},"27":{"start":{"line":132,"column":8},"end":{"line":134,"column":68}},"28":{"start":{"line":138,"column":0},"end":{"line":138,"column":31}}},"fnMap":{"0":{"name":"(anonymous_0)","decl":{"start":{"line":23,"column":4},"end":{"line":23,"column":5}},"loc":{"start":{"line":23,"column":61},"end":{"line":35,"column":5}},"line":23},"1":{"name":"(anonymous_1)","decl":{"start":{"line":40,"column":4},"end":{"line":40,"column":5}},"loc":{"start":{"line":40,"column":36},"end":{"line":46,"column":5}},"line":40},"2":{"name":"(anonymous_2)","decl":{"start":{"line":51,"column":4},"end":{"line":51,"column":5}},"loc":{"start":{"line":51,"column":42},"end":{"line":57,"column":5}},"line":51},"3":{"name":"(anonymous_3)","decl":{"start":{"line":62,"column":4},"end":{"line":62,"column":5}},"loc":{"start":{"line":62,"column":48},"end":{"line":68,"column":5}},"line":62},"4":{"name":"(anonymous_4)","decl":{"start":{"line":73,"column":4},"end":{"line":73,"column":5}},"loc":{"start":{"line":73,"column":44},"end":{"line":79,"column":5}},"line":73},"5":{"name":"(anonymous_5)","decl":{"start":{"line":84,"column":4},"end":{"line":84,"column":5}},"loc":{"start":{"line":84,"column":50},"end":{"line":90,"column":5}},"line":84},"6":{"name":"(anonymous_6)","decl":{"start":{"line":95,"column":4},"end":{"line":95,"column":5}},"loc":{"start":{"line":95,"column":55},"end":{"line":108,"column":5}},"line":95},"7":{"name":"(anonymous_7)","decl":{"start":{"line":113,"column":4},"end":{"line":113,"column":5}},"loc":{"start":{"line":113,"column":58},"end":{"line":125,"column":5}},"line":113},"8":{"name":"(anonymous_8)","decl":{"start":{"line":130,"column":4},"end":{"line":130,"column":5}},"loc":{"start":{"line":130,"column":34},"end":{"line":135,"column":5}},"line":130}},"branchMap":{"0":{"loc":{"start":{"line":45,"column":15},"end":{"line":45,"column":42}},"type":"binary-expr","locations":[{"start":{"line":45,"column":15},"end":{"line":45,"column":34}},{"start":{"line":45,"column":38},"end":{"line":45,"column":42}}],"line":45},"1":{"loc":{"start":{"line":56,"column":15},"end":{"line":56,"column":42}},"type":"binary-expr","locations":[{"start":{"line":56,"column":15},"end":{"line":56,"column":34}},{"start":{"line":56,"column":38},"end":{"line":56,"column":42}}],"line":56},"2":{"loc":{"start":{"line":67,"column":15},"end":{"line":67,"column":42}},"type":"binary-expr","locations":[{"start":{"line":67,"column":15},"end":{"line":67,"column":34}},{"start":{"line":67,"column":38},"end":{"line":67,"column":42}}],"line":67},"3":{"loc":{"start":{"line":107,"column":15},"end":{"line":107,"column":42}},"type":"binary-expr","locations":[{"start":{"line":107,"column":15},"end":{"line":107,"column":34}},{"start":{"line":107,"column":38},"end":{"line":107,"column":42}}],"line":107},"4":{"loc":{"start":{"line":124,"column":15},"end":{"line":124,"column":42}},"type":"binary-expr","locations":[{"start":{"line":124,"column":15},"end":{"line":124,"column":34}},{"start":{"line":124,"column":38},"end":{"line":124,"column":42}}],"line":124}},"s":{"0":2,"1":2,"2":3,"3":3,"4":3,"5":6,"6":6,"7":6,"8":2,"9":2,"10":2,"11":0,"12":0,"13":0,"14":2,"15":2,"16":2,"17":2,"18":2,"19":2,"20":0,"21":0,"22":0,"23":0,"24":0,"25":0,"26":3,"27":3,"28":2},"f":{"0":3,"1":6,"2":2,"3":0,"4":2,"5":2,"6":0,"7":0,"8":3},"b":{"0":[6,2],"1":[2,1],"2":[0,0],"3":[0,0],"4":[0,0]},"_coverageSchema":"1a1c01bbd47fc00a2c39e90264f33305004495a9","hash":"8b9b37255143c7ca772615ee878bc4d187fe9c24"}
,"D:\\VisualStudioCode\\CodebaseWinter2025\\CUOIKI\\JS-TaskManager\\infrastructure\\security\\BcryptPasswordService.js": {"path":"D:\\VisualStudioCode\\CodebaseWinter2025\\CUOIKI\\JS-TaskManager\\infrastructure\\security\\BcryptPasswordService.js","statementMap":{"0":{"start":{"line":1,"column":15},"end":{"line":1,"column":32}},"1":{"start":{"line":2,"column":28},"end":{"line":2,"column":75}},"2":{"start":{"line":10,"column":8},"end":{"line":10,"column":16}},"3":{"start":{"line":11,"column":8},"end":{"line":11,"column":37}},"4":{"start":{"line":18,"column":8},"end":{"line":20,"column":9}},"5":{"start":{"line":19,"column":12},"end":{"line":19,"column":64}},"6":{"start":{"line":21,"column":8},"end":{"line":21,"column":65}},"7":{"start":{"line":28,"column":8},"end":{"line":30,"column":9}},"8":{"start":{"line":29,"column":12},"end":{"line":29,"column":25}},"9":{"start":{"line":31,"column":8},"end":{"line":31,"column":67}},"10":{"start":{"line":35,"column":0},"end":{"line":35,"column":43}}},"fnMap":{"0":{"name":"(anonymous_0)","decl":{"start":{"line":9,"column":4},"end":{"line":9,"column":5}},"loc":{"start":{"line":9,"column":33},"end":{"line":12,"column":5}},"line":9},"1":{"name":"(anonymous_1)","decl":{"start":{"line":17,"column":4},"end":{"line":17,"column":5}},"loc":{"start":{"line":17,"column":30},"end":{"line":22,"column":5}},"line":17},"2":{"name":"(anonymous_2)","decl":{"start":{"line":27,"column":4},"end":{"line":27,"column":5}},"loc":{"start":{"line":27,"column":48},"end":{"line":32,"column":5}},"line":27}},"branchMap":{"0":{"loc":{"start":{"line":9,"column":16},"end":{"line":9,"column":31}},"type":"default-arg","locations":[{"start":{"line":9,"column":29},"end":{"line":9,"column":31}}],"line":9},"1":{"loc":{"start":{"line":18,"column":8},"end":{"line":20,"column":9}},"type":"if","locations":[{"start":{"line":18,"column":8},"end":{"line":20,"column":9}},{"start":{},"end":{}}],"line":18},"2":{"loc":{"start":{"line":28,"column":8},"end":{"line":30,"column":9}},"type":"if","locations":[{"start":{"line":28,"column":8},"end":{"line":30,"column":9}},{"start":{},"end":{}}],"line":28},"3":{"loc":{"start":{"line":28,"column":12},"end":{"line":28,"column":45}},"type":"binary-expr","locations":[{"start":{"line":28,"column":12},"end":{"line":28,"column":26}},{"start":{"line":28,"column":30},"end":{"line":28,"column":45}}],"line":28}},"s":{"0":0,"1":0,"2":0,"3":0,"4":0,"5":0,"6":0,"7":0,"8":0,"9":0,"10":0},"f":{"0":0,"1":0,"2":0},"b":{"0":[0],"1":[0,0],"2":[0,0],"3":[0,0]}}
,"D:\\VisualStudioCode\\CodebaseWinter2025\\CUOIKI\\JS-TaskManager\\infrastructure\\security\\JwtTokenService.js": {"path":"D:\\VisualStudioCode\\CodebaseWinter2025\\CUOIKI\\JS-TaskManager\\infrastructure\\security\\JwtTokenService.js","statementMap":{"0":{"start":{"line":1,"column":12},"end":{"line":1,"column":35}},"1":{"start":{"line":2,"column":25},"end":{"line":2,"column":69}},"2":{"start":{"line":10,"column":8},"end":{"line":10,"column":16}},"3":{"start":{"line":11,"column":8},"end":{"line":13,"column":9}},"4":{"start":{"line":12,"column":12},"end":{"line":12,"column":54}},"5":{"start":{"line":14,"column":8},"end":{"line":14,"column":29}},"6":{"start":{"line":15,"column":8},"end":{"line":15,"column":35}},"7":{"start":{"line":22,"column":8},"end":{"line":24,"column":9}},"8":{"start":{"line":23,"column":12},"end":{"line":23,"column":72}},"9":{"start":{"line":26,"column":8},"end":{"line":28,"column":11}},"10":{"start":{"line":35,"column":8},"end":{"line":37,"column":9}},"11":{"start":{"line":36,"column":12},"end":{"line":36,"column":66}},"12":{"start":{"line":39,"column":8},"end":{"line":49,"column":9}},"13":{"start":{"line":40,"column":12},"end":{"line":40,"column":50}},"14":{"start":{"line":42,"column":12},"end":{"line":44,"column":13}},"15":{"start":{"line":43,"column":16},"end":{"line":43,"column":53}},"16":{"start":{"line":45,"column":12},"end":{"line":47,"column":13}},"17":{"start":{"line":46,"column":16},"end":{"line":46,"column":49}},"18":{"start":{"line":48,"column":12},"end":{"line":48,"column":24}},"19":{"start":{"line":56,"column":8},"end":{"line":58,"column":9}},"20":{"start":{"line":57,"column":12},"end":{"line":57,"column":24}},"21":{"start":{"line":59,"column":8},"end":{"line":59,"column":33}},"22":{"start":{"line":63,"column":0},"end":{"line":63,"column":37}}},"fnMap":{"0":{"name":"(anonymous_0)","decl":{"start":{"line":9,"column":4},"end":{"line":9,"column":5}},"loc":{"start":{"line":9,"column":42},"end":{"line":16,"column":5}},"line":9},"1":{"name":"(anonymous_1)","decl":{"start":{"line":21,"column":4},"end":{"line":21,"column":5}},"loc":{"start":{"line":21,"column":28},"end":{"line":29,"column":5}},"line":21},"2":{"name":"(anonymous_2)","decl":{"start":{"line":34,"column":4},"end":{"line":34,"column":5}},"loc":{"start":{"line":34,"column":24},"end":{"line":50,"column":5}},"line":34},"3":{"name":"(anonymous_3)","decl":{"start":{"line":55,"column":4},"end":{"line":55,"column":5}},"loc":{"start":{"line":55,"column":18},"end":{"line":60,"column":5}},"line":55}},"branchMap":{"0":{"loc":{"start":{"line":9,"column":24},"end":{"line":9,"column":40}},"type":"default-arg","locations":[{"start":{"line":9,"column":36},"end":{"line":9,"column":40}}],"line":9},"1":{"loc":{"start":{"line":11,"column":8},"end":{"line":13,"column":9}},"type":"if","locations":[{"start":{"line":11,"column":8},"end":{"line":13,"column":9}},{"start":{},"end":{}}],"line":11},"2":{"loc":{"start":{"line":22,"column":8},"end":{"line":24,"column":9}},"type":"if","locations":[{"start":{"line":22,"column":8},"end":{"line":24,"column":9}},{"start":{},"end":{}}],"line":22},"3":{"loc":{"start":{"line":35,"column":8},"end":{"line":37,"column":9}},"type":"if","locations":[{"start":{"line":35,"column":8},"end":{"line":37,"column":9}},{"start":{},"end":{}}],"line":35},"4":{"loc":{"start":{"line":42,"column":12},"end":{"line":44,"column":13}},"type":"if","locations":[{"start":{"line":42,"column":12},"end":{"line":44,"column":13}},{"start":{},"end":{}}],"line":42},"5":{"loc":{"start":{"line":45,"column":12},"end":{"line":47,"column":13}},"type":"if","locations":[{"start":{"line":45,"column":12},"end":{"line":47,"column":13}},{"start":{},"end":{}}],"line":45},"6":{"loc":{"start":{"line":56,"column":8},"end":{"line":58,"column":9}},"type":"if","locations":[{"start":{"line":56,"column":8},"end":{"line":58,"column":9}},{"start":{},"end":{}}],"line":56}},"s":{"0":0,"1":0,"2":0,"3":0,"4":0,"5":0,"6":0,"7":0,"8":0,"9":0,"10":0,"11":0,"12":0,"13":0,"14":0,"15":0,"16":0,"17":0,"18":0,"19":0,"20":0,"21":0,"22":0},"f":{"0":0,"1":0,"2":0,"3":0},"b":{"0":[0],"1":[0,0],"2":[0,0],"3":[0,0],"4":[0,0],"5":[0,0],"6":[0,0]}}
}
