TN:
SF:adapters\controllers\AuthController.js
FN:10,(anonymous_0)
FN:19,(anonymous_1)
FN:54,(anonymous_2)
FN:88,(anonymous_3)
FN:119,(anonymous_4)
FN:129,(anonymous_5)
FN:150,(anonymous_6)
FNF:7
FNH:3
FNDA:1,(anonymous_0)
FNDA:1,(anonymous_1)
FNDA:1,(anonymous_2)
FNDA:0,(anonymous_3)
FNDA:0,(anonymous_4)
FNDA:0,(anonymous_5)
FNDA:0,(anonymous_6)
DA:1,1
DA:2,1
DA:3,1
DA:11,1
DA:12,1
DA:13,1
DA:20,1
DA:21,1
DA:24,1
DA:25,0
DA:32,1
DA:35,1
DA:38,1
DA:47,0
DA:55,1
DA:56,1
DA:59,1
DA:60,0
DA:67,1
DA:70,1
DA:73,1
DA:80,0
DA:89,0
DA:91,0
DA:92,0
DA:93,0
DA:99,0
DA:102,0
DA:105,0
DA:111,0
DA:120,0
DA:130,0
DA:131,0
DA:132,0
DA:140,0
DA:141,0
DA:151,0
DA:152,0
DA:154,0
DA:156,0
DA:158,0
DA:160,0
DA:162,0
DA:167,1
LF:44
LH:19
BRDA:24,0,0,0
BRDA:24,0,1,1
BRDA:24,1,0,1
BRDA:24,1,1,1
BRDA:24,1,2,1
BRDA:59,2,0,0
BRDA:59,2,1,1
BRDA:59,3,0,1
BRDA:59,3,1,1
BRDA:92,4,0,0
BRDA:92,4,1,0
BRDA:92,5,0,0
BRDA:92,5,1,0
BRDA:130,6,0,0
BRDA:130,6,1,0
BRDA:152,7,0,0
BRDA:152,7,1,0
BRDA:152,7,2,0
BRDA:152,7,3,0
BRDA:152,7,4,0
BRF:20
BRH:7
end_of_record
TN:
SF:adapters\controllers\TaskController.js
FN:15,(anonymous_0)
FN:37,(anonymous_1)
FN:81,(anonymous_2)
FN:90,(anonymous_3)
FN:119,(anonymous_4)
FN:152,(anonymous_5)
FN:192,(anonymous_6)
FN:214,(anonymous_7)
FN:255,(anonymous_8)
FN:274,(anonymous_9)
FN:294,(anonymous_10)
FNF:11
FNH:11
FNDA:1,(anonymous_0)
FNDA:9,(anonymous_1)
FNDA:2,(anonymous_2)
FNDA:2,(anonymous_3)
FNDA:7,(anonymous_4)
FNDA:5,(anonymous_5)
FNDA:8,(anonymous_6)
FNDA:6,(anonymous_7)
FNDA:1,(anonymous_8)
FNDA:9,(anonymous_9)
FNDA:9,(anonymous_10)
DA:7,1
DA:8,1
DA:24,1
DA:25,1
DA:26,1
DA:27,1
DA:28,1
DA:29,1
DA:30,1
DA:38,9
DA:39,9
DA:40,9
DA:42,9
DA:43,1
DA:49,8
DA:56,8
DA:58,7
DA:73,1
DA:82,2
DA:83,2
DA:84,2
DA:86,2
DA:87,2
DA:90,2
DA:104,2
DA:111,0
DA:120,7
DA:121,7
DA:122,7
DA:124,7
DA:125,7
DA:127,5
DA:144,2
DA:153,5
DA:154,5
DA:155,5
DA:156,5
DA:158,5
DA:167,5
DA:169,3
DA:184,2
DA:193,8
DA:194,8
DA:195,8
DA:197,8
DA:198,8
DA:200,7
DA:206,1
DA:215,6
DA:216,6
DA:217,6
DA:218,6
DA:220,6
DA:221,0
DA:227,6
DA:229,3
DA:247,3
DA:256,1
DA:257,1
DA:259,1
DA:261,1
DA:267,0
DA:275,9
DA:276,9
DA:277,9
DA:284,0
DA:285,0
DA:295,9
DA:296,9
DA:298,3
DA:300,1
DA:302,0
DA:304,5
DA:306,0
DA:311,1
LF:75
LH:68
BRDA:42,0,0,1
BRDA:42,0,1,8
BRDA:53,1,0,5
BRDA:53,1,1,3
BRDA:54,2,0,5
BRDA:54,2,1,3
BRDA:164,3,0,1
BRDA:164,3,1,4
BRDA:165,4,0,2
BRDA:165,4,1,3
BRDA:220,5,0,0
BRDA:220,5,1,6
BRDA:275,6,0,9
BRDA:275,6,1,0
BRDA:296,7,0,3
BRDA:296,7,1,1
BRDA:296,7,2,0
BRDA:296,7,3,5
BRDA:296,7,4,0
BRF:19
BRH:15
end_of_record
TN:
SF:adapters\middleware\AuthMiddleware.js
FN:6,(anonymous_0)
FN:13,(anonymous_1)
FN:14,(anonymous_2)
FNF:3
FNH:3
FNDA:1,(anonymous_0)
FNDA:1,(anonymous_1)
FNDA:44,(anonymous_2)
DA:7,1
DA:14,1
DA:15,44
DA:17,44
DA:19,44
DA:20,5
DA:26,39
DA:29,39
DA:32,38
DA:35,38
DA:38,1
DA:47,1
LF:12
LH:12
BRDA:19,0,0,5
BRDA:19,0,1,39
BRDA:19,1,0,44
BRDA:19,1,1,39
BRDA:40,2,0,1
BRDA:40,2,1,0
BRF:6
BRH:5
end_of_record
TN:
SF:adapters\middleware\ErrorHandlerMiddleware.js
FN:16,(anonymous_0)
FN:70,(anonymous_1)
FN:103,(anonymous_2)
FN:143,(anonymous_3)
FN:175,(anonymous_4)
FN:200,(anonymous_5)
FNF:6
FNH:0
FNDA:0,(anonymous_0)
FNDA:0,(anonymous_1)
FNDA:0,(anonymous_2)
FNDA:0,(anonymous_3)
FNDA:0,(anonymous_4)
FNDA:0,(anonymous_5)
DA:1,1
DA:2,1
DA:18,0
DA:21,0
DA:22,0
DA:26,0
DA:27,0
DA:33,0
DA:34,0
DA:41,0
DA:42,0
DA:49,0
DA:50,0
DA:57,0
DA:58,0
DA:62,0
DA:72,0
DA:89,0
DA:91,0
DA:104,0
DA:111,0
DA:112,0
DA:118,0
DA:119,0
DA:125,0
DA:126,0
DA:132,0
DA:144,0
DA:151,0
DA:152,0
DA:164,0
DA:176,0
DA:192,0
DA:201,0
DA:209,1
LF:35
LH:3
BRDA:21,0,0,0
BRDA:21,0,1,0
BRDA:26,1,0,0
BRDA:26,1,1,0
BRDA:33,2,0,0
BRDA:33,2,1,0
BRDA:41,3,0,0
BRDA:41,3,1,0
BRDA:49,4,0,0
BRDA:49,4,1,0
BRDA:49,5,0,0
BRDA:49,5,1,0
BRDA:57,6,0,0
BRDA:57,6,1,0
BRDA:57,7,0,0
BRDA:57,7,1,0
BRDA:89,8,0,0
BRDA:89,8,1,0
BRDA:107,9,0,0
BRDA:107,9,1,0
BRDA:111,10,0,0
BRDA:111,10,1,0
BRDA:118,11,0,0
BRDA:118,11,1,0
BRDA:125,12,0,0
BRDA:125,12,1,0
BRDA:147,13,0,0
BRDA:147,13,1,0
BRDA:151,14,0,0
BRDA:151,14,1,0
BRDA:186,15,0,0
BRDA:186,15,1,0
BRF:32
BRH:0
end_of_record
TN:
SF:adapters\repositories\SqlTaskRepository.js
FN:11,(anonymous_0)
FN:19,(anonymous_1)
FN:26,(anonymous_2)
FN:42,(anonymous_3)
FN:51,(anonymous_4)
FN:54,(anonymous_5)
FN:60,(anonymous_6)
FN:63,(anonymous_7)
FN:69,(anonymous_8)
FN:93,(anonymous_9)
FN:102,(anonymous_10)
FN:111,(anonymous_11)
FN:119,(anonymous_12)
FNF:13
FNH:12
FNDA:2,(anonymous_0)
FNDA:65,(anonymous_1)
FNDA:8,(anonymous_2)
FNDA:29,(anonymous_3)
FNDA:3,(anonymous_4)
FNDA:2,(anonymous_5)
FNDA:3,(anonymous_6)
FNDA:2,(anonymous_7)
FNDA:6,(anonymous_8)
FNDA:8,(anonymous_9)
FNDA:0,(anonymous_10)
FNDA:8,(anonymous_11)
FNDA:40,(anonymous_12)
DA:1,2
DA:2,2
DA:3,2
DA:12,2
DA:13,2
DA:20,65
DA:27,8
DA:28,8
DA:36,8
DA:43,29
DA:44,29
DA:45,29
DA:52,3
DA:53,3
DA:54,3
DA:61,3
DA:62,3
DA:63,3
DA:70,6
DA:73,6
DA:80,6
DA:81,0
DA:85,6
DA:87,6
DA:94,8
DA:95,8
DA:96,8
DA:103,0
DA:104,0
DA:105,0
DA:112,8
DA:113,8
DA:120,40
DA:122,40
DA:136,2
LF:35
LH:31
BRDA:45,0,0,22
BRDA:45,0,1,7
BRDA:80,1,0,0
BRDA:80,1,1,6
BRF:4
BRH:3
end_of_record
TN:
SF:adapters\repositories\SqlUserRepository.js
FN:11,(anonymous_0)
FN:19,(anonymous_1)
FN:26,(anonymous_2)
FN:39,(anonymous_3)
FN:48,(anonymous_4)
FN:57,(anonymous_5)
FN:66,(anonymous_6)
FN:88,(anonymous_7)
FN:97,(anonymous_8)
FN:105,(anonymous_9)
FN:113,(anonymous_10)
FNF:11
FNH:10
FNDA:4,(anonymous_0)
FNDA:60,(anonymous_1)
FNDA:4,(anonymous_2)
FNDA:44,(anonymous_3)
FNDA:4,(anonymous_4)
FNDA:1,(anonymous_5)
FNDA:0,(anonymous_6)
FNDA:3,(anonymous_7)
FNDA:2,(anonymous_8)
FNDA:2,(anonymous_9)
FNDA:48,(anonymous_10)
DA:1,3
DA:2,3
DA:3,3
DA:12,4
DA:13,4
DA:20,60
DA:27,4
DA:28,4
DA:33,4
DA:40,44
DA:41,44
DA:42,44
DA:49,4
DA:50,4
DA:51,4
DA:58,1
DA:59,1
DA:60,1
DA:67,0
DA:68,0
DA:73,0
DA:74,0
DA:78,0
DA:79,0
DA:82,0
DA:89,3
DA:90,3
DA:91,3
DA:98,2
DA:99,2
DA:106,2
DA:107,2
DA:114,48
DA:125,3
LF:34
LH:27
BRDA:42,0,0,42
BRDA:42,0,1,2
BRDA:51,1,0,2
BRDA:51,1,1,2
BRDA:60,2,0,0
BRDA:60,2,1,1
BRDA:73,3,0,0
BRDA:73,3,1,0
BRDA:78,4,0,0
BRDA:78,4,1,0
BRF:10
BRH:5
end_of_record
TN:
SF:business\index.js
FNF:0
FNH:0
DA:4,1
LF:1
LH:1
BRF:0
BRH:0
end_of_record
TN:
SF:business\dto\ChangeTaskStatusDTO.js
FN:5,(anonymous_0)
FN:16,(anonymous_1)
FN:29,(anonymous_2)
FNF:3
FNH:2
FNDA:0,(anonymous_0)
FNDA:8,(anonymous_1)
FNDA:8,(anonymous_2)
DA:6,0
DA:7,0
DA:8,0
DA:17,8
DA:18,8
DA:19,8
DA:20,8
DA:21,8
DA:22,8
DA:23,8
DA:24,8
DA:25,8
DA:26,8
DA:30,8
DA:45,2
LF:15
LH:12
BRF:0
BRH:0
end_of_record
TN:
SF:business\dto\CreateTaskDTO.js
FN:5,(anonymous_0)
FN:18,(anonymous_1)
FN:29,(anonymous_2)
FNF:3
FNH:3
FNDA:12,(anonymous_0)
FNDA:9,(anonymous_1)
FNDA:9,(anonymous_2)
DA:6,12
DA:7,12
DA:8,12
DA:9,12
DA:10,12
DA:19,9
DA:20,9
DA:21,9
DA:22,9
DA:23,9
DA:24,9
DA:25,9
DA:26,9
DA:30,9
DA:43,2
LF:15
LH:15
BRDA:5,0,0,7
BRDA:5,1,0,7
BRF:2
BRH:2
end_of_record
TN:
SF:business\dto\DeleteTaskDTO.js
FN:5,(anonymous_0)
FN:15,(anonymous_1)
FNF:2
FNH:2
FNDA:13,(anonymous_0)
FNDA:8,(anonymous_1)
DA:6,13
DA:7,13
DA:16,8
DA:17,8
DA:18,8
DA:22,2
LF:6
LH:6
BRF:0
BRH:0
end_of_record
TN:
SF:business\dto\GetTaskDTO.js
FN:5,(anonymous_0)
FN:15,(anonymous_1)
FN:16,(anonymous_2)
FN:37,(anonymous_3)
FN:47,(anonymous_4)
FNF:5
FNH:5
FNDA:7,(anonymous_0)
FNDA:6,(anonymous_1)
FNDA:5,(anonymous_2)
FNDA:12,(anonymous_3)
FNDA:6,(anonymous_4)
DA:6,7
DA:7,7
DA:16,6
DA:29,6
DA:38,12
DA:39,12
DA:48,6
DA:49,6
DA:50,6
DA:51,6
DA:52,6
DA:53,6
DA:54,6
DA:55,6
DA:56,6
DA:57,6
DA:58,6
DA:62,3
LF:18
LH:18
BRDA:5,0,0,1
BRF:1
BRH:1
end_of_record
TN:
SF:business\dto\GetTaskStatisticsDTO.js
FN:5,(anonymous_0)
FN:14,(anonymous_1)
FNF:2
FNH:1
FNDA:0,(anonymous_0)
FNDA:4,(anonymous_1)
DA:6,0
DA:15,4
DA:16,4
DA:17,4
DA:18,4
DA:19,4
DA:23,2
LF:7
LH:6
BRF:0
BRH:0
end_of_record
TN:
SF:business\dto\LoginUserDTO.js
FN:5,(anonymous_0)
FN:15,(anonymous_1)
FNF:2
FNH:2
FNDA:7,(anonymous_0)
FNDA:3,(anonymous_1)
DA:6,7
DA:7,7
DA:16,3
DA:17,3
DA:25,2
LF:5
LH:5
BRF:0
BRH:0
end_of_record
TN:
SF:business\dto\RegisterUserDTO.js
FN:5,(anonymous_0)
FN:16,(anonymous_1)
FN:23,(anonymous_2)
FNF:3
FNH:3
FNDA:7,(anonymous_0)
FNDA:2,(anonymous_1)
FNDA:2,(anonymous_2)
DA:6,7
DA:7,7
DA:8,7
DA:17,2
DA:18,2
DA:19,2
DA:20,2
DA:24,2
DA:33,2
LF:9
LH:9
BRF:0
BRH:0
end_of_record
TN:
SF:business\dto\UpdateTaskDTO.js
FN:5,(anonymous_0)
FN:20,(anonymous_1)
FN:31,(anonymous_2)
FNF:3
FNH:3
FNDA:11,(anonymous_0)
FNDA:5,(anonymous_1)
FNDA:5,(anonymous_2)
DA:6,11
DA:7,11
DA:8,11
DA:9,11
DA:10,11
DA:11,11
DA:12,11
DA:21,5
DA:22,5
DA:23,5
DA:24,5
DA:25,5
DA:26,5
DA:27,5
DA:28,5
DA:32,5
DA:45,2
LF:17
LH:17
BRDA:5,0,0,10
BRDA:5,1,0,9
BRF:2
BRH:2
end_of_record
TN:
SF:business\dto\VerifyTokenDTO.js
FN:5,(anonymous_0)
FN:14,(anonymous_1)
FNF:2
FNH:0
FNDA:0,(anonymous_0)
FNDA:0,(anonymous_1)
DA:6,0
DA:15,0
DA:16,0
DA:17,0
DA:21,2
LF:5
LH:1
BRF:0
BRH:0
end_of_record
TN:
SF:business\ports\PasswordService.js
FN:12,(anonymous_0)
FN:22,(anonymous_1)
FNF:2
FNH:0
FNDA:0,(anonymous_0)
FNDA:0,(anonymous_1)
DA:13,0
DA:23,0
DA:27,1
LF:3
LH:1
BRF:0
BRH:0
end_of_record
TN:
SF:business\ports\TaskRepository.js
FN:12,(anonymous_0)
FN:21,(anonymous_1)
FN:30,(anonymous_2)
FN:40,(anonymous_3)
FN:49,(anonymous_4)
FN:58,(anonymous_5)
FN:67,(anonymous_6)
FN:77,(anonymous_7)
FNF:8
FNH:0
FNDA:0,(anonymous_0)
FNDA:0,(anonymous_1)
FNDA:0,(anonymous_2)
FNDA:0,(anonymous_3)
FNDA:0,(anonymous_4)
FNDA:0,(anonymous_5)
FNDA:0,(anonymous_6)
FNDA:0,(anonymous_7)
DA:13,0
DA:22,0
DA:31,0
DA:41,0
DA:50,0
DA:59,0
DA:68,0
DA:78,0
DA:82,2
LF:9
LH:1
BRF:0
BRH:0
end_of_record
TN:
SF:business\ports\TokenService.js
FN:12,(anonymous_0)
FN:22,(anonymous_1)
FN:31,(anonymous_2)
FNF:3
FNH:0
FNDA:0,(anonymous_0)
FNDA:0,(anonymous_1)
FNDA:0,(anonymous_2)
DA:13,0
DA:23,0
DA:32,0
DA:36,1
LF:4
LH:1
BRF:0
BRH:0
end_of_record
TN:
SF:business\ports\UserRepository.js
FN:12,(anonymous_0)
FN:21,(anonymous_1)
FN:30,(anonymous_2)
FN:39,(anonymous_3)
FN:48,(anonymous_4)
FN:57,(anonymous_5)
FN:66,(anonymous_6)
FN:75,(anonymous_7)
FNF:8
FNH:0
FNDA:0,(anonymous_0)
FNDA:0,(anonymous_1)
FNDA:0,(anonymous_2)
FNDA:0,(anonymous_3)
FNDA:0,(anonymous_4)
FNDA:0,(anonymous_5)
FNDA:0,(anonymous_6)
FNDA:0,(anonymous_7)
DA:13,0
DA:22,0
DA:31,0
DA:40,0
DA:49,0
DA:58,0
DA:67,0
DA:76,0
DA:80,3
LF:9
LH:1
BRF:0
BRH:0
end_of_record
TN:
SF:business\usecases\auth\LoginUserUseCase.js
FN:9,(anonymous_0)
FN:20,(anonymous_1)
FNF:2
FNH:2
FNDA:7,(anonymous_0)
FNDA:7,(anonymous_1)
DA:1,2
DA:2,2
DA:10,7
DA:11,7
DA:12,7
DA:22,7
DA:23,2
DA:27,5
DA:28,5
DA:29,1
DA:33,4
DA:38,4
DA:39,1
DA:43,3
DA:49,3
DA:52,3
DA:56,2
LF:17
LH:17
BRDA:22,0,0,2
BRDA:22,0,1,5
BRDA:22,1,0,7
BRDA:22,1,1,7
BRDA:22,1,2,6
BRDA:28,2,0,1
BRDA:28,2,1,4
BRDA:38,3,0,1
BRDA:38,3,1,3
BRF:9
BRH:9
end_of_record
TN:
SF:business\usecases\auth\RegisterUserUseCase.js
FN:10,(anonymous_0)
FN:20,(anonymous_1)
FNF:2
FNH:2
FNDA:7,(anonymous_0)
FNDA:7,(anonymous_1)
DA:1,2
DA:2,2
DA:3,2
DA:11,7
DA:12,7
DA:22,7
DA:23,3
DA:27,4
DA:28,4
DA:29,1
DA:32,3
DA:33,3
DA:34,1
DA:38,2
DA:41,2
DA:42,2
DA:45,2
DA:48,2
DA:52,2
LF:19
LH:19
BRDA:22,0,0,3
BRDA:22,0,1,4
BRDA:22,1,0,7
BRDA:22,1,1,7
BRDA:22,1,2,6
BRDA:22,1,3,5
BRDA:28,2,0,1
BRDA:28,2,1,3
BRDA:33,3,0,1
BRDA:33,3,1,2
BRF:10
BRH:10
end_of_record
TN:
SF:business\usecases\auth\VerifyTokenUseCase.js
FN:9,(anonymous_0)
FN:19,(anonymous_1)
FNF:2
FNH:2
FNDA:7,(anonymous_0)
FNDA:45,(anonymous_1)
DA:1,2
DA:2,2
DA:10,7
DA:11,7
DA:21,45
DA:22,2
DA:25,43
DA:27,43
DA:30,40
DA:31,40
DA:32,1
DA:36,39
DA:43,4
DA:44,1
DA:46,3
DA:51,2
LF:16
LH:16
BRDA:21,0,0,2
BRDA:21,0,1,43
BRDA:31,1,0,1
BRDA:31,1,1,39
BRDA:43,2,0,1
BRDA:43,2,1,3
BRF:6
BRH:6
end_of_record
TN:
SF:business\usecases\tasks\ChangeTaskStatusUseCase.js
FN:10,(anonymous_0)
FN:21,(anonymous_1)
FN:59,(anonymous_2)
FN:66,(anonymous_3)
FN:73,(anonymous_4)
FNF:5
FNH:2
FNDA:12,(anonymous_0)
FNDA:17,(anonymous_1)
FNDA:0,(anonymous_2)
FNDA:0,(anonymous_3)
FNDA:0,(anonymous_4)
DA:1,2
DA:2,2
DA:3,2
DA:11,12
DA:23,17
DA:24,2
DA:28,15
DA:30,15
DA:31,2
DA:35,13
DA:36,1
DA:40,12
DA:41,12
DA:43,4
DA:44,4
DA:46,0
DA:50,8
DA:53,8
DA:60,0
DA:67,0
DA:74,0
DA:76,0
DA:77,0
DA:80,0
DA:81,0
DA:84,0
DA:85,0
DA:87,0
DA:91,2
LF:29
LH:18
BRDA:23,0,0,2
BRDA:23,0,1,15
BRDA:23,1,0,17
BRDA:23,1,1,15
BRDA:23,1,2,15
BRDA:30,2,0,2
BRDA:30,2,1,13
BRDA:35,3,0,1
BRDA:35,3,1,12
BRDA:43,4,0,4
BRDA:43,4,1,0
BRDA:76,5,0,0
BRDA:76,5,1,0
BRDA:80,6,0,0
BRDA:80,6,1,0
BRF:15
BRH:10
end_of_record
TN:
SF:business\usecases\tasks\CreateTaskUseCase.js
FN:10,(anonymous_0)
FN:19,(anonymous_1)
FNF:2
FNH:2
FNDA:6,(anonymous_0)
FNDA:13,(anonymous_1)
DA:1,2
DA:2,2
DA:3,2
DA:11,6
DA:21,13
DA:22,3
DA:26,10
DA:35,9
DA:38,9
DA:42,2
LF:10
LH:10
BRDA:21,0,0,3
BRDA:21,0,1,10
BRDA:21,1,0,13
BRDA:21,1,1,12
BRDA:21,1,2,11
BRF:5
BRH:5
end_of_record
TN:
SF:business\usecases\tasks\DeleteTaskUseCase.js
FN:9,(anonymous_0)
FN:18,(anonymous_1)
FNF:2
FNH:2
FNDA:7,(anonymous_0)
FNDA:14,(anonymous_1)
DA:1,2
DA:2,2
DA:10,7
DA:20,14
DA:21,3
DA:25,11
DA:27,11
DA:28,2
DA:32,9
DA:33,1
DA:37,8
DA:40,8
DA:48,2
LF:13
LH:13
BRDA:20,0,0,3
BRDA:20,0,1,11
BRDA:20,1,0,14
BRDA:20,1,1,13
BRDA:20,1,2,12
BRDA:27,2,0,2
BRDA:27,2,1,9
BRDA:32,3,0,1
BRDA:32,3,1,8
BRDA:43,4,0,8
BRDA:43,4,1,0
BRF:11
BRH:10
end_of_record
TN:
SF:business\usecases\tasks\GetTaskByIdUseCase.js
FN:9,(anonymous_0)
FN:18,(anonymous_1)
FNF:2
FNH:2
FNDA:7,(anonymous_0)
FNDA:13,(anonymous_1)
DA:1,2
DA:2,2
DA:10,7
DA:20,13
DA:21,3
DA:25,10
DA:27,10
DA:28,3
DA:32,7
DA:33,1
DA:37,6
DA:41,2
LF:12
LH:12
BRDA:20,0,0,3
BRDA:20,0,1,10
BRDA:20,1,0,13
BRDA:20,1,1,12
BRDA:20,1,2,11
BRDA:27,2,0,3
BRDA:27,2,1,7
BRDA:32,3,0,1
BRDA:32,3,1,6
BRF:9
BRH:9
end_of_record
TN:
SF:business\usecases\tasks\GetTaskStatisticsUseCase.js
FN:9,(anonymous_0)
FN:18,(anonymous_1)
FNF:2
FNH:2
FNDA:6,(anonymous_0)
FNDA:6,(anonymous_1)
DA:1,2
DA:2,2
DA:10,6
DA:19,6
DA:20,2
DA:24,4
DA:30,4
DA:31,4
DA:35,4
DA:45,2
LF:10
LH:10
BRDA:19,0,0,2
BRDA:19,0,1,4
BRDA:31,1,0,3
BRDA:31,1,1,1
BRF:4
BRH:4
end_of_record
TN:
SF:business\usecases\tasks\GetTasksUseCase.js
FN:9,(anonymous_0)
FN:18,(anonymous_1)
FNF:2
FNH:2
FNDA:7,(anonymous_0)
FNDA:8,(anonymous_1)
DA:1,2
DA:2,2
DA:10,7
DA:20,8
DA:21,2
DA:26,6
DA:28,3
DA:34,3
DA:38,6
DA:42,2
LF:10
LH:10
BRDA:20,0,0,2
BRDA:20,0,1,6
BRDA:20,1,0,8
BRDA:20,1,1,7
BRDA:26,2,0,3
BRDA:26,2,1,3
BRF:6
BRH:6
end_of_record
TN:
SF:business\usecases\tasks\UpdateTaskUseCase.js
FN:9,(anonymous_0)
FN:18,(anonymous_1)
FNF:2
FNH:2
FNDA:7,(anonymous_0)
FNDA:11,(anonymous_1)
DA:1,2
DA:2,2
DA:10,7
DA:20,11
DA:21,1
DA:25,10
DA:27,10
DA:28,2
DA:32,8
DA:33,1
DA:37,7
DA:38,7
DA:40,2
DA:41,2
DA:43,0
DA:47,5
DA:50,5
DA:54,2
LF:18
LH:17
BRDA:20,0,0,1
BRDA:20,0,1,10
BRDA:20,1,0,11
BRDA:20,1,1,11
BRDA:20,1,2,10
BRDA:27,2,0,2
BRDA:27,2,1,8
BRDA:32,3,0,1
BRDA:32,3,1,7
BRDA:40,4,0,2
BRDA:40,4,1,0
BRF:11
BRH:10
end_of_record
TN:
SF:domain\index.js
FNF:0
FNH:0
DA:4,0
LF:1
LH:0
BRF:0
BRH:0
end_of_record
TN:
SF:domain\entities\Task.js
FN:9,(anonymous_0)
FN:30,(anonymous_1)
FN:45,(anonymous_2)
FN:57,(anonymous_3)
FN:63,(anonymous_4)
FN:71,(anonymous_5)
FN:88,(anonymous_6)
FN:94,(anonymous_7)
FN:99,(anonymous_8)
FN:113,(anonymous_9)
FN:132,(anonymous_10)
FN:144,(anonymous_11)
FN:154,(anonymous_12)
FN:162,(anonymous_13)
FN:167,(anonymous_14)
FN:177,(anonymous_15)
FN:182,(anonymous_16)
FN:186,(anonymous_17)
FN:190,(anonymous_18)
FN:195,(anonymous_19)
FN:199,(anonymous_20)
FN:203,(anonymous_21)
FN:207,(anonymous_22)
FN:211,(anonymous_23)
FN:215,(anonymous_24)
FN:219,(anonymous_25)
FN:223,(anonymous_26)
FN:227,(anonymous_27)
FN:232,(anonymous_28)
FN:253,(anonymous_29)
FN:261,(anonymous_30)
FNF:31
FNH:31
FNDA:33,(anonymous_0)
FNDA:70,(anonymous_1)
FNDA:41,(anonymous_2)
FNDA:31,(anonymous_3)
FNDA:20,(anonymous_4)
FNDA:7,(anonymous_5)
FNDA:8,(anonymous_6)
FNDA:6,(anonymous_7)
FNDA:20,(anonymous_8)
FNDA:9,(anonymous_9)
FNDA:1,(anonymous_10)
FNDA:2,(anonymous_11)
FNDA:2,(anonymous_12)
FNDA:1,(anonymous_13)
FNDA:2,(anonymous_14)
FNDA:39,(anonymous_15)
FNDA:3,(anonymous_16)
FNDA:3,(anonymous_17)
FNDA:3,(anonymous_18)
FNDA:50,(anonymous_19)
FNDA:55,(anonymous_20)
FNDA:58,(anonymous_21)
FNDA:60,(anonymous_22)
FNDA:47,(anonymous_23)
FNDA:22,(anonymous_24)
FNDA:26,(anonymous_25)
FNDA:48,(anonymous_26)
FNDA:48,(anonymous_27)
FNDA:19,(anonymous_28)
FNDA:19,(anonymous_29)
FNDA:1,(anonymous_30)
DA:1,9
DA:2,9
DA:10,33
DA:11,31
DA:12,30
DA:13,5
DA:16,29
DA:17,29
DA:18,29
DA:19,29
DA:20,29
DA:21,29
DA:22,29
DA:23,29
DA:24,29
DA:31,70
DA:32,70
DA:33,70
DA:34,70
DA:35,70
DA:36,70
DA:37,70
DA:38,70
DA:39,70
DA:40,70
DA:41,70
DA:46,41
DA:47,2
DA:49,39
DA:50,0
DA:52,39
DA:53,1
DA:58,31
DA:59,1
DA:64,20
DA:65,3
DA:72,7
DA:74,7
DA:75,7
DA:76,0
DA:79,7
DA:80,7
DA:81,7
DA:82,2
DA:89,8
DA:90,7
DA:91,7
DA:95,6
DA:96,6
DA:100,20
DA:103,17
DA:104,4
DA:109,13
DA:110,13
DA:114,9
DA:115,6
DA:117,9
DA:118,4
DA:120,9
DA:121,3
DA:123,8
DA:124,1
DA:126,8
DA:127,2
DA:129,7
DA:133,1
DA:134,1
DA:135,0
DA:137,1
DA:138,0
DA:140,1
DA:141,1
DA:145,2
DA:146,2
DA:147,1
DA:149,0
DA:151,1
DA:155,2
DA:156,1
DA:158,1
DA:159,1
DA:163,1
DA:164,1
DA:168,2
DA:169,1
DA:171,1
DA:173,2
DA:178,39
DA:183,3
DA:187,3
DA:191,3
DA:196,50
DA:200,55
DA:204,58
DA:208,60
DA:212,47
DA:216,22
DA:220,26
DA:224,48
DA:228,48
DA:233,19
DA:235,19
DA:236,5
DA:239,14
DA:240,14
DA:241,14
DA:243,14
DA:244,0
DA:246,0
DA:247,0
DA:249,0
DA:254,19
DA:255,5
DA:257,14
DA:262,1
DA:276,9
LF:116
LH:107
BRDA:9,0,0,23
BRDA:9,1,0,23
BRDA:12,2,0,5
BRDA:12,2,1,25
BRDA:18,3,0,25
BRDA:18,3,1,4
BRDA:21,4,0,29
BRDA:21,4,1,25
BRDA:46,5,0,2
BRDA:46,5,1,39
BRDA:46,6,0,41
BRDA:46,6,1,39
BRDA:49,7,0,0
BRDA:49,7,1,39
BRDA:52,8,0,1
BRDA:52,8,1,38
BRDA:58,9,0,1
BRDA:58,9,1,30
BRDA:64,10,0,3
BRDA:64,10,1,17
BRDA:71,11,0,0
BRDA:72,12,0,0
BRDA:72,12,1,7
BRDA:75,13,0,0
BRDA:75,13,1,7
BRDA:79,14,0,7
BRDA:79,14,1,0
BRDA:81,15,0,2
BRDA:81,15,1,5
BRDA:95,16,0,5
BRDA:95,16,1,1
BRDA:103,17,0,4
BRDA:103,17,1,13
BRDA:103,18,0,17
BRDA:103,18,1,6
BRDA:114,19,0,6
BRDA:114,19,1,3
BRDA:114,20,0,9
BRDA:114,20,1,6
BRDA:117,21,0,4
BRDA:117,21,1,5
BRDA:120,22,0,3
BRDA:120,22,1,6
BRDA:120,23,0,9
BRDA:120,23,1,3
BRDA:123,24,0,1
BRDA:123,24,1,7
BRDA:123,25,0,8
BRDA:123,25,1,1
BRDA:126,26,0,2
BRDA:126,26,1,6
BRDA:134,27,0,0
BRDA:134,27,1,1
BRDA:137,28,0,0
BRDA:137,28,1,1
BRDA:137,29,0,1
BRDA:137,29,1,1
BRDA:145,30,0,2
BRDA:145,30,1,0
BRDA:155,31,0,1
BRDA:155,31,1,1
BRDA:168,32,0,1
BRDA:168,32,1,1
BRDA:233,33,0,0
BRDA:233,33,1,19
BRDA:235,34,0,5
BRDA:235,34,1,14
BRDA:243,35,0,14
BRDA:243,35,1,0
BRDA:244,36,0,0
BRDA:244,36,1,0
BRDA:254,37,0,5
BRDA:254,37,1,14
BRDA:254,38,0,19
BRDA:254,38,1,19
BRF:75
BRH:63
end_of_record
TN:
SF:domain\entities\User.js
FN:8,(anonymous_0)
FN:24,(anonymous_1)
FN:36,(anonymous_2)
FN:51,(anonymous_3)
FN:61,(anonymous_4)
FN:74,(anonymous_5)
FN:86,(anonymous_6)
FN:93,(anonymous_7)
FN:97,(anonymous_8)
FN:101,(anonymous_9)
FN:105,(anonymous_10)
FN:109,(anonymous_11)
FN:113,(anonymous_12)
FN:118,(anonymous_13)
FNF:14
FNH:14
FNDA:24,(anonymous_0)
FNDA:56,(anonymous_1)
FNDA:27,(anonymous_2)
FNDA:23,(anonymous_3)
FNDA:20,(anonymous_4)
FNDA:5,(anonymous_5)
FNDA:2,(anonymous_6)
FNDA:55,(anonymous_7)
FNDA:58,(anonymous_8)
FNDA:62,(anonymous_9)
FNDA:13,(anonymous_10)
FNDA:4,(anonymous_11)
FNDA:2,(anonymous_12)
FNDA:1,(anonymous_13)
DA:1,7
DA:9,24
DA:10,20
DA:11,18
DA:13,15
DA:14,15
DA:15,15
DA:16,15
DA:17,15
DA:18,15
DA:25,56
DA:26,56
DA:27,56
DA:28,56
DA:29,56
DA:30,56
DA:31,56
DA:32,56
DA:37,27
DA:38,1
DA:40,26
DA:41,2
DA:43,24
DA:44,1
DA:46,23
DA:47,1
DA:52,23
DA:53,1
DA:55,22
DA:56,22
DA:57,2
DA:62,20
DA:63,1
DA:65,19
DA:66,2
DA:68,17
DA:69,1
DA:75,5
DA:76,3
DA:77,2
DA:79,4
DA:80,3
DA:81,2
DA:83,3
DA:87,2
DA:88,1
DA:89,1
DA:94,55
DA:98,58
DA:102,62
DA:106,13
DA:110,4
DA:114,2
DA:119,1
DA:129,7
LF:55
LH:55
BRDA:37,0,0,1
BRDA:37,0,1,26
BRDA:37,1,0,27
BRDA:37,1,1,26
BRDA:40,2,0,2
BRDA:40,2,1,24
BRDA:43,3,0,1
BRDA:43,3,1,23
BRDA:46,4,0,1
BRDA:46,4,1,22
BRDA:52,5,0,1
BRDA:52,5,1,22
BRDA:52,6,0,23
BRDA:52,6,1,22
BRDA:56,7,0,2
BRDA:56,7,1,20
BRDA:62,8,0,1
BRDA:62,8,1,19
BRDA:62,9,0,20
BRDA:62,9,1,19
BRDA:65,10,0,2
BRDA:65,10,1,17
BRDA:68,11,0,1
BRDA:68,11,1,16
BRDA:75,12,0,3
BRDA:75,12,1,2
BRDA:79,13,0,3
BRDA:79,13,1,1
BRF:28
BRH:28
end_of_record
TN:
SF:domain\exceptions\DomainException.js
FN:6,(anonymous_0)
FN:13,(anonymous_1)
FN:17,(anonymous_2)
FN:21,(anonymous_3)
FN:28,(anonymous_4)
FN:32,(anonymous_5)
FN:39,(anonymous_6)
FN:43,(anonymous_7)
FNF:8
FNH:7
FNDA:68,(anonymous_0)
FNDA:40,(anonymous_1)
FNDA:5,(anonymous_2)
FNDA:9,(anonymous_3)
FNDA:12,(anonymous_4)
FNDA:2,(anonymous_5)
FNDA:18,(anonymous_6)
FNDA:0,(anonymous_7)
DA:7,68
DA:8,68
DA:9,68
DA:10,68
DA:14,40
DA:18,5
DA:22,9
DA:29,12
DA:33,2
DA:40,18
DA:44,0
DA:53,14
LF:12
LH:11
BRDA:28,0,0,0
BRF:1
BRH:0
end_of_record
TN:
SF:domain\valueobjects\TaskStatus.js
FN:10,(anonymous_0)
FN:14,(anonymous_1)
FN:18,(anonymous_2)
FN:30,(anonymous_3)
FNF:4
FNH:4
FNDA:86,(anonymous_0)
FNDA:76,(anonymous_1)
FNDA:50,(anonymous_2)
FNDA:14,(anonymous_3)
DA:6,11
DA:7,11
DA:8,11
DA:11,86
DA:15,76
DA:19,50
DA:20,3
DA:23,47
DA:24,47
DA:25,41
DA:29,6
DA:30,14
DA:33,6
DA:34,3
DA:39,3
DA:40,3
DA:41,2
DA:44,1
DA:48,11
LF:19
LH:19
BRDA:19,0,0,3
BRDA:19,0,1,47
BRDA:24,1,0,41
BRDA:24,1,1,6
BRDA:33,2,0,3
BRDA:33,2,1,3
BRDA:40,3,0,2
BRDA:40,3,1,1
BRF:8
BRH:8
end_of_record
TN:
SF:infrastructure\config\Config.js
FN:11,(anonymous_0)
FN:15,(anonymous_1)
FN:29,(anonymous_2)
FN:36,(anonymous_3)
FN:40,(anonymous_4)
FN:44,(anonymous_5)
FN:48,(anonymous_6)
FN:52,(anonymous_7)
FN:56,(anonymous_8)
FN:60,(anonymous_9)
FNF:10
FNH:7
FNDA:0,(anonymous_0)
FNDA:1,(anonymous_1)
FNDA:1,(anonymous_2)
FNDA:1,(anonymous_3)
FNDA:1,(anonymous_4)
FNDA:1,(anonymous_5)
FNDA:1,(anonymous_6)
FNDA:0,(anonymous_7)
FNDA:1,(anonymous_8)
FNDA:0,(anonymous_9)
DA:1,1
DA:4,1
DA:12,0
DA:16,1
DA:30,1
DA:31,0
DA:33,1
DA:37,1
DA:41,1
DA:45,1
DA:49,1
DA:53,0
DA:57,1
DA:61,0
DA:65,1
LF:15
LH:11
BRDA:12,0,0,0
BRDA:12,0,1,0
BRDA:17,1,0,1
BRDA:17,1,1,0
BRDA:19,2,0,1
BRDA:19,2,1,0
BRDA:20,3,0,1
BRDA:20,3,1,0
BRDA:21,4,0,1
BRDA:21,4,1,0
BRDA:30,5,0,0
BRDA:30,5,1,1
BRDA:30,6,0,1
BRDA:30,6,1,1
BRDA:33,7,0,1
BRDA:33,7,1,1
BRDA:37,8,0,1
BRDA:37,8,1,1
BRDA:41,9,0,1
BRDA:41,9,1,0
BRDA:45,10,0,1
BRDA:45,10,1,1
BRDA:49,11,0,1
BRDA:49,11,1,1
BRF:24
BRH:16
end_of_record
TN:
SF:infrastructure\database\SqlServerDatabase.js
FN:8,(anonymous_0)
FN:23,(anonymous_1)
FN:60,(anonymous_2)
FN:71,(anonymous_3)
FN:78,(anonymous_4)
FN:88,(anonymous_5)
FN:92,(anonymous_6)
FN:103,(anonymous_7)
FN:107,(anonymous_8)
FN:118,(anonymous_9)
FNF:10
FNH:4
FNDA:3,(anonymous_0)
FNDA:3,(anonymous_1)
FNDA:3,(anonymous_2)
FNDA:0,(anonymous_3)
FNDA:125,(anonymous_4)
FNDA:0,(anonymous_5)
FNDA:0,(anonymous_6)
FNDA:0,(anonymous_7)
FNDA:0,(anonymous_8)
FNDA:0,(anonymous_9)
DA:1,3
DA:9,3
DA:10,3
DA:24,3
DA:25,3
DA:46,3
DA:47,3
DA:48,3
DA:49,3
DA:50,3
DA:52,0
DA:53,0
DA:61,3
DA:62,3
DA:63,3
DA:64,3
DA:72,0
DA:79,125
DA:80,0
DA:82,125
DA:89,0
DA:92,0
DA:93,0
DA:96,0
DA:97,0
DA:104,0
DA:107,0
DA:108,0
DA:111,0
DA:112,0
DA:119,0
DA:120,0
DA:121,0
DA:125,3
LF:34
LH:17
BRDA:30,0,0,3
BRDA:30,0,1,0
BRDA:37,1,0,3
BRDA:37,1,1,3
BRDA:38,2,0,3
BRDA:38,2,1,3
BRDA:40,3,0,3
BRDA:40,3,1,3
BRDA:41,4,0,3
BRDA:41,4,1,3
BRDA:42,5,0,3
BRDA:42,5,1,3
BRDA:61,6,0,3
BRDA:61,6,1,0
BRDA:72,7,0,0
BRDA:72,7,1,0
BRDA:79,8,0,0
BRDA:79,8,1,125
BRDA:88,9,0,0
BRDA:103,10,0,0
BRF:20
BRH:13
end_of_record
TN:
SF:infrastructure\database\models\TaskModel.js
FN:26,(anonymous_0)
FN:46,(anonymous_1)
FN:57,(anonymous_2)
FN:72,(anonymous_3)
FN:88,(anonymous_4)
FN:129,(anonymous_5)
FN:148,(anonymous_6)
FN:158,(anonymous_7)
FN:168,(anonymous_8)
FN:183,(anonymous_9)
FNF:10
FNH:8
FNDA:8,(anonymous_0)
FNDA:41,(anonymous_1)
FNDA:3,(anonymous_2)
FNDA:3,(anonymous_3)
FNDA:6,(anonymous_4)
FNDA:6,(anonymous_5)
FNDA:8,(anonymous_6)
FNDA:0,(anonymous_7)
FNDA:8,(anonymous_8)
FNDA:0,(anonymous_9)
DA:1,2
DA:21,2
DA:27,8
DA:28,8
DA:40,8
DA:47,41
DA:48,41
DA:51,41
DA:58,3
DA:59,3
DA:66,3
DA:73,3
DA:74,3
DA:82,3
DA:89,6
DA:92,6
DA:93,6
DA:95,6
DA:96,6
DA:97,6
DA:99,6
DA:100,6
DA:101,6
DA:103,6
DA:104,6
DA:105,6
DA:107,6
DA:108,6
DA:109,6
DA:112,6
DA:113,0
DA:116,6
DA:119,6
DA:120,6
DA:123,6
DA:130,6
DA:132,6
DA:142,6
DA:149,8
DA:150,8
DA:159,0
DA:160,0
DA:169,8
DA:170,8
DA:177,8
DA:184,0
DA:185,0
DA:201,0
DA:205,2
LF:49
LH:43
BRDA:26,0,0,0
BRDA:31,1,0,8
BRDA:31,1,1,1
BRDA:33,2,0,8
BRDA:33,2,1,0
BRDA:34,3,0,8
BRDA:34,3,1,4
BRDA:51,4,0,41
BRDA:51,4,1,7
BRDA:95,5,0,6
BRDA:95,5,1,0
BRDA:99,6,0,6
BRDA:99,6,1,0
BRDA:100,7,0,6
BRDA:100,7,1,0
BRDA:103,8,0,6
BRDA:103,8,1,0
BRDA:107,9,0,6
BRDA:107,9,1,0
BRDA:112,10,0,0
BRDA:112,10,1,6
BRF:21
BRH:13
end_of_record
TN:
SF:infrastructure\database\models\UserModel.js
FN:23,(anonymous_0)
FN:40,(anonymous_1)
FN:51,(anonymous_2)
FN:62,(anonymous_3)
FN:73,(anonymous_4)
FN:84,(anonymous_5)
FN:95,(anonymous_6)
FN:115,(anonymous_7)
FN:134,(anonymous_8)
FNF:9
FNH:7
FNDA:4,(anonymous_0)
FNDA:44,(anonymous_1)
FNDA:4,(anonymous_2)
FNDA:1,(anonymous_3)
FNDA:2,(anonymous_4)
FNDA:2,(anonymous_5)
FNDA:0,(anonymous_6)
FNDA:0,(anonymous_7)
FNDA:3,(anonymous_8)
DA:1,3
DA:18,3
DA:24,4
DA:25,4
DA:34,4
DA:41,44
DA:42,44
DA:45,44
DA:52,4
DA:53,4
DA:56,4
DA:63,1
DA:64,1
DA:67,1
DA:74,2
DA:75,2
DA:78,2
DA:85,2
DA:86,2
DA:89,2
DA:96,0
DA:98,0
DA:109,0
DA:116,0
DA:118,0
DA:128,0
DA:135,3
DA:136,3
DA:142,3
LF:29
LH:23
BRDA:45,0,0,44
BRDA:45,0,1,2
BRDA:56,1,0,4
BRDA:56,1,1,2
BRDA:67,2,0,1
BRDA:67,2,1,1
BRF:6
BRH:6
end_of_record
TN:
SF:infrastructure\security\BcryptPasswordService.js
FN:9,(anonymous_0)
FN:17,(anonymous_1)
FN:27,(anonymous_2)
FNF:3
FNH:3
FNDA:1,(anonymous_0)
FNDA:1,(anonymous_1)
FNDA:1,(anonymous_2)
DA:1,1
DA:2,1
DA:10,1
DA:11,1
DA:18,1
DA:19,0
DA:21,1
DA:28,1
DA:29,0
DA:31,1
DA:35,1
LF:11
LH:9
BRDA:9,0,0,0
BRDA:18,1,0,0
BRDA:18,1,1,1
BRDA:28,2,0,0
BRDA:28,2,1,1
BRDA:28,3,0,1
BRDA:28,3,1,1
BRF:7
BRH:4
end_of_record
TN:
SF:infrastructure\security\JwtTokenService.js
FN:9,(anonymous_0)
FN:21,(anonymous_1)
FN:34,(anonymous_2)
FN:55,(anonymous_3)
FNF:4
FNH:3
FNDA:1,(anonymous_0)
FNDA:1,(anonymous_1)
FNDA:39,(anonymous_2)
FNDA:0,(anonymous_3)
DA:1,1
DA:2,1
DA:10,1
DA:11,1
DA:12,0
DA:14,1
DA:15,1
DA:22,1
DA:23,0
DA:26,1
DA:35,39
DA:36,0
DA:39,39
DA:40,39
DA:42,1
DA:43,0
DA:45,1
DA:46,1
DA:48,0
DA:56,0
DA:57,0
DA:59,0
DA:63,1
LF:23
LH:15
BRDA:9,0,0,0
BRDA:11,1,0,0
BRDA:11,1,1,1
BRDA:22,2,0,0
BRDA:22,2,1,1
BRDA:35,3,0,0
BRDA:35,3,1,39
BRDA:42,4,0,0
BRDA:42,4,1,1
BRDA:45,5,0,1
BRDA:45,5,1,0
BRDA:56,6,0,0
BRDA:56,6,1,0
BRF:13
BRH:5
end_of_record
