TN:
SF:adapters\controllers\AuthController.js
FN:10,(anonymous_0)
FN:19,(anonymous_1)
FN:54,(anonymous_2)
FN:88,(anonymous_3)
FN:119,(anonymous_4)
FN:129,(anonymous_5)
FN:150,(anonymous_6)
FNF:7
FNH:0
FNDA:0,(anonymous_0)
FNDA:0,(anonymous_1)
FNDA:0,(anonymous_2)
FNDA:0,(anonymous_3)
FNDA:0,(anonymous_4)
FNDA:0,(anonymous_5)
FNDA:0,(anonymous_6)
DA:1,0
DA:2,0
DA:3,0
DA:11,0
DA:12,0
DA:13,0
DA:20,0
DA:21,0
DA:24,0
DA:25,0
DA:32,0
DA:35,0
DA:38,0
DA:47,0
DA:55,0
DA:56,0
DA:59,0
DA:60,0
DA:67,0
DA:70,0
DA:73,0
DA:80,0
DA:89,0
DA:91,0
DA:92,0
DA:93,0
DA:99,0
DA:102,0
DA:105,0
DA:111,0
DA:120,0
DA:130,0
DA:131,0
DA:132,0
DA:140,0
DA:141,0
DA:151,0
DA:152,0
DA:154,0
DA:156,0
DA:158,0
DA:160,0
DA:162,0
DA:167,0
LF:44
LH:0
BRDA:24,0,0,0
BRDA:24,0,1,0
BRDA:24,1,0,0
BRDA:24,1,1,0
BRDA:24,1,2,0
BRDA:59,2,0,0
BRDA:59,2,1,0
BRDA:59,3,0,0
BRDA:59,3,1,0
BRDA:92,4,0,0
BRDA:92,4,1,0
BRDA:92,5,0,0
BRDA:92,5,1,0
BRDA:130,6,0,0
BRDA:130,6,1,0
BRDA:152,7,0,0
BRDA:152,7,1,0
BRDA:152,7,2,0
BRDA:152,7,3,0
BRDA:152,7,4,0
BRF:20
BRH:0
end_of_record
TN:
SF:adapters\controllers\TaskController.js
FN:15,(anonymous_0)
FN:37,(anonymous_1)
FN:73,(anonymous_2)
FN:82,(anonymous_3)
FN:107,(anonymous_4)
FN:136,(anonymous_5)
FN:166,(anonymous_6)
FN:188,(anonymous_7)
FN:222,(anonymous_8)
FN:241,(anonymous_9)
FN:261,(anonymous_10)
FNF:11
FNH:0
FNDA:0,(anonymous_0)
FNDA:0,(anonymous_1)
FNDA:0,(anonymous_2)
FNDA:0,(anonymous_3)
FNDA:0,(anonymous_4)
FNDA:0,(anonymous_5)
FNDA:0,(anonymous_6)
FNDA:0,(anonymous_7)
FNDA:0,(anonymous_8)
FNDA:0,(anonymous_9)
FNDA:0,(anonymous_10)
DA:7,0
DA:8,0
DA:24,0
DA:25,0
DA:26,0
DA:27,0
DA:28,0
DA:29,0
DA:30,0
DA:38,0
DA:39,0
DA:40,0
DA:42,0
DA:43,0
DA:49,0
DA:50,0
DA:52,0
DA:65,0
DA:74,0
DA:75,0
DA:76,0
DA:78,0
DA:79,0
DA:82,0
DA:92,0
DA:99,0
DA:108,0
DA:109,0
DA:110,0
DA:112,0
DA:113,0
DA:115,0
DA:128,0
DA:137,0
DA:138,0
DA:139,0
DA:140,0
DA:142,0
DA:143,0
DA:145,0
DA:158,0
DA:167,0
DA:168,0
DA:169,0
DA:171,0
DA:172,0
DA:174,0
DA:180,0
DA:189,0
DA:190,0
DA:191,0
DA:192,0
DA:194,0
DA:195,0
DA:201,0
DA:203,0
DA:214,0
DA:223,0
DA:224,0
DA:226,0
DA:228,0
DA:234,0
DA:242,0
DA:243,0
DA:244,0
DA:251,0
DA:252,0
DA:262,0
DA:263,0
DA:265,0
DA:267,0
DA:269,0
DA:271,0
DA:273,0
DA:278,0
LF:75
LH:0
BRDA:42,0,0,0
BRDA:42,0,1,0
BRDA:194,1,0,0
BRDA:194,1,1,0
BRDA:242,2,0,0
BRDA:242,2,1,0
BRDA:263,3,0,0
BRDA:263,3,1,0
BRDA:263,3,2,0
BRDA:263,3,3,0
BRDA:263,3,4,0
BRF:11
BRH:0
end_of_record
TN:
SF:adapters\middleware\AuthMiddleware.js
FN:6,(anonymous_0)
FN:13,(anonymous_1)
FN:14,(anonymous_2)
FNF:3
FNH:0
FNDA:0,(anonymous_0)
FNDA:0,(anonymous_1)
FNDA:0,(anonymous_2)
DA:7,0
DA:14,0
DA:15,0
DA:17,0
DA:19,0
DA:20,0
DA:26,0
DA:29,0
DA:32,0
DA:35,0
DA:38,0
DA:47,0
LF:12
LH:0
BRDA:19,0,0,0
BRDA:19,0,1,0
BRDA:19,1,0,0
BRDA:19,1,1,0
BRDA:40,2,0,0
BRDA:40,2,1,0
BRF:6
BRH:0
end_of_record
TN:
SF:adapters\repositories\MongoTaskRepository.js
FN:11,(anonymous_0)
FN:19,(anonymous_1)
FN:26,(anonymous_2)
FN:40,(anonymous_3)
FN:49,(anonymous_4)
FN:52,(anonymous_5)
FN:58,(anonymous_6)
FN:61,(anonymous_7)
FN:67,(anonymous_8)
FN:89,(anonymous_9)
FN:98,(anonymous_10)
FN:107,(anonymous_11)
FN:115,(anonymous_12)
FNF:13
FNH:11
FNDA:1,(anonymous_0)
FNDA:14,(anonymous_1)
FNDA:1,(anonymous_2)
FNDA:3,(anonymous_3)
FNDA:2,(anonymous_4)
FNDA:1,(anonymous_5)
FNDA:2,(anonymous_6)
FNDA:1,(anonymous_7)
FNDA:0,(anonymous_8)
FNDA:1,(anonymous_9)
FNDA:0,(anonymous_10)
FNDA:5,(anonymous_11)
FNDA:4,(anonymous_12)
DA:1,1
DA:2,1
DA:3,1
DA:12,1
DA:13,1
DA:20,14
DA:27,1
DA:28,1
DA:34,1
DA:41,3
DA:42,3
DA:43,3
DA:50,2
DA:51,2
DA:52,2
DA:59,2
DA:60,2
DA:61,2
DA:68,0
DA:71,0
DA:76,0
DA:77,0
DA:81,0
DA:83,0
DA:90,1
DA:91,1
DA:92,1
DA:99,0
DA:100,0
DA:101,0
DA:108,5
DA:109,5
DA:116,4
DA:128,1
LF:34
LH:25
BRDA:43,0,0,1
BRDA:43,0,1,2
BRDA:76,1,0,0
BRDA:76,1,1,0
BRF:4
BRH:2
end_of_record
TN:
SF:adapters\repositories\MongoUserRepository.js
FN:11,(anonymous_0)
FN:19,(anonymous_1)
FN:26,(anonymous_2)
FN:39,(anonymous_3)
FN:48,(anonymous_4)
FN:57,(anonymous_5)
FN:66,(anonymous_6)
FN:88,(anonymous_7)
FN:97,(anonymous_8)
FN:105,(anonymous_9)
FN:113,(anonymous_10)
FNF:11
FNH:9
FNDA:3,(anonymous_0)
FNDA:18,(anonymous_1)
FNDA:3,(anonymous_2)
FNDA:6,(anonymous_3)
FNDA:2,(anonymous_4)
FNDA:0,(anonymous_5)
FNDA:0,(anonymous_6)
FNDA:3,(anonymous_7)
FNDA:2,(anonymous_8)
FNDA:2,(anonymous_9)
FNDA:8,(anonymous_10)
DA:1,2
DA:2,2
DA:3,2
DA:12,3
DA:13,3
DA:20,18
DA:27,3
DA:28,3
DA:33,3
DA:40,6
DA:41,6
DA:42,6
DA:49,2
DA:50,2
DA:51,2
DA:58,0
DA:59,0
DA:60,0
DA:67,0
DA:68,0
DA:73,0
DA:74,0
DA:78,0
DA:79,0
DA:82,0
DA:89,3
DA:90,3
DA:91,3
DA:98,2
DA:99,2
DA:106,2
DA:107,2
DA:114,8
DA:125,2
LF:34
LH:24
BRDA:42,0,0,4
BRDA:42,0,1,2
BRDA:51,1,0,1
BRDA:51,1,1,1
BRDA:60,2,0,0
BRDA:60,2,1,0
BRDA:73,3,0,0
BRDA:73,3,1,0
BRDA:78,4,0,0
BRDA:78,4,1,0
BRF:10
BRH:4
end_of_record
TN:
SF:business\index.js
FNF:0
FNH:0
DA:4,0
LF:1
LH:0
BRF:0
BRH:0
end_of_record
TN:
SF:business\dto\ChangeTaskStatusDTO.js
FN:5,(anonymous_0)
FN:16,(anonymous_1)
FN:25,(anonymous_2)
FNF:3
FNH:0
FNDA:0,(anonymous_0)
FNDA:0,(anonymous_1)
FNDA:0,(anonymous_2)
DA:6,0
DA:7,0
DA:8,0
DA:17,0
DA:18,0
DA:19,0
DA:20,0
DA:21,0
DA:22,0
DA:26,0
DA:37,1
LF:11
LH:1
BRF:0
BRH:0
end_of_record
TN:
SF:business\dto\CreateTaskDTO.js
FN:5,(anonymous_0)
FN:16,(anonymous_1)
FN:25,(anonymous_2)
FNF:3
FNH:3
FNDA:4,(anonymous_0)
FNDA:2,(anonymous_1)
FNDA:2,(anonymous_2)
DA:6,4
DA:7,4
DA:8,4
DA:17,2
DA:18,2
DA:19,2
DA:20,2
DA:21,2
DA:22,2
DA:26,2
DA:37,1
LF:11
LH:11
BRF:0
BRH:0
end_of_record
TN:
SF:business\dto\DeleteTaskDTO.js
FN:5,(anonymous_0)
FN:15,(anonymous_1)
FNF:2
FNH:2
FNDA:5,(anonymous_0)
FNDA:1,(anonymous_1)
DA:6,5
DA:7,5
DA:16,1
DA:17,1
DA:18,1
DA:22,1
LF:6
LH:6
BRF:0
BRH:0
end_of_record
TN:
SF:business\dto\GetTaskDTO.js
FN:5,(anonymous_0)
FN:15,(anonymous_1)
FN:16,(anonymous_2)
FN:33,(anonymous_3)
FN:43,(anonymous_4)
FNF:5
FNH:5
FNDA:5,(anonymous_0)
FNDA:4,(anonymous_1)
FNDA:3,(anonymous_2)
FNDA:5,(anonymous_3)
FNDA:1,(anonymous_4)
DA:6,5
DA:7,5
DA:16,4
DA:25,4
DA:34,5
DA:35,5
DA:44,1
DA:45,1
DA:46,1
DA:47,1
DA:48,1
DA:49,1
DA:50,1
DA:54,2
LF:14
LH:14
BRDA:5,0,0,0
BRF:1
BRH:0
end_of_record
TN:
SF:business\dto\GetTaskStatisticsDTO.js
FN:5,(anonymous_0)
FN:14,(anonymous_1)
FNF:2
FNH:0
FNDA:0,(anonymous_0)
FNDA:0,(anonymous_1)
DA:6,0
DA:15,0
DA:16,0
DA:17,0
DA:18,0
DA:19,0
DA:23,1
LF:7
LH:1
BRF:0
BRH:0
end_of_record
TN:
SF:business\dto\LoginUserDTO.js
FN:5,(anonymous_0)
FN:15,(anonymous_1)
FNF:2
FNH:2
FNDA:6,(anonymous_0)
FNDA:2,(anonymous_1)
DA:6,6
DA:7,6
DA:16,2
DA:17,2
DA:25,1
LF:5
LH:5
BRF:0
BRH:0
end_of_record
TN:
SF:business\dto\RegisterUserDTO.js
FN:5,(anonymous_0)
FN:16,(anonymous_1)
FN:23,(anonymous_2)
FNF:3
FNH:3
FNDA:6,(anonymous_0)
FNDA:1,(anonymous_1)
FNDA:1,(anonymous_2)
DA:6,6
DA:7,6
DA:8,6
DA:17,1
DA:18,1
DA:19,1
DA:20,1
DA:24,1
DA:33,1
LF:9
LH:9
BRF:0
BRH:0
end_of_record
TN:
SF:business\dto\UpdateTaskDTO.js
FN:5,(anonymous_0)
FN:18,(anonymous_1)
FN:27,(anonymous_2)
FNF:3
FNH:3
FNDA:6,(anonymous_0)
FNDA:2,(anonymous_1)
FNDA:2,(anonymous_2)
DA:6,6
DA:7,6
DA:8,6
DA:9,6
DA:10,6
DA:19,2
DA:20,2
DA:21,2
DA:22,2
DA:23,2
DA:24,2
DA:28,2
DA:39,1
LF:13
LH:13
BRF:0
BRH:0
end_of_record
TN:
SF:business\dto\VerifyTokenDTO.js
FN:5,(anonymous_0)
FN:14,(anonymous_1)
FNF:2
FNH:0
FNDA:0,(anonymous_0)
FNDA:0,(anonymous_1)
DA:6,0
DA:15,0
DA:16,0
DA:17,0
DA:21,1
LF:5
LH:1
BRF:0
BRH:0
end_of_record
TN:
SF:business\ports\PasswordService.js
FN:12,(anonymous_0)
FN:22,(anonymous_1)
FNF:2
FNH:0
FNDA:0,(anonymous_0)
FNDA:0,(anonymous_1)
DA:13,0
DA:23,0
DA:27,0
LF:3
LH:0
BRF:0
BRH:0
end_of_record
TN:
SF:business\ports\TaskRepository.js
FN:12,(anonymous_0)
FN:21,(anonymous_1)
FN:30,(anonymous_2)
FN:40,(anonymous_3)
FN:49,(anonymous_4)
FN:58,(anonymous_5)
FN:67,(anonymous_6)
FN:77,(anonymous_7)
FNF:8
FNH:0
FNDA:0,(anonymous_0)
FNDA:0,(anonymous_1)
FNDA:0,(anonymous_2)
FNDA:0,(anonymous_3)
FNDA:0,(anonymous_4)
FNDA:0,(anonymous_5)
FNDA:0,(anonymous_6)
FNDA:0,(anonymous_7)
DA:13,0
DA:22,0
DA:31,0
DA:41,0
DA:50,0
DA:59,0
DA:68,0
DA:78,0
DA:82,1
LF:9
LH:1
BRF:0
BRH:0
end_of_record
TN:
SF:business\ports\TokenService.js
FN:12,(anonymous_0)
FN:22,(anonymous_1)
FN:31,(anonymous_2)
FNF:3
FNH:0
FNDA:0,(anonymous_0)
FNDA:0,(anonymous_1)
FNDA:0,(anonymous_2)
DA:13,0
DA:23,0
DA:32,0
DA:36,0
LF:4
LH:0
BRF:0
BRH:0
end_of_record
TN:
SF:business\ports\UserRepository.js
FN:12,(anonymous_0)
FN:21,(anonymous_1)
FN:30,(anonymous_2)
FN:39,(anonymous_3)
FN:48,(anonymous_4)
FN:57,(anonymous_5)
FN:66,(anonymous_6)
FN:75,(anonymous_7)
FNF:8
FNH:0
FNDA:0,(anonymous_0)
FNDA:0,(anonymous_1)
FNDA:0,(anonymous_2)
FNDA:0,(anonymous_3)
FNDA:0,(anonymous_4)
FNDA:0,(anonymous_5)
FNDA:0,(anonymous_6)
FNDA:0,(anonymous_7)
DA:13,0
DA:22,0
DA:31,0
DA:40,0
DA:49,0
DA:58,0
DA:67,0
DA:76,0
DA:80,2
LF:9
LH:1
BRF:0
BRH:0
end_of_record
TN:
SF:business\usecases\auth\LoginUserUseCase.js
FN:9,(anonymous_0)
FN:20,(anonymous_1)
FNF:2
FNH:2
FNDA:6,(anonymous_0)
FNDA:6,(anonymous_1)
DA:1,1
DA:2,1
DA:10,6
DA:11,6
DA:12,6
DA:22,6
DA:23,2
DA:27,4
DA:28,4
DA:29,1
DA:33,3
DA:38,3
DA:39,1
DA:43,2
DA:49,2
DA:52,2
DA:56,1
LF:17
LH:17
BRDA:22,0,0,2
BRDA:22,0,1,4
BRDA:22,1,0,6
BRDA:22,1,1,6
BRDA:22,1,2,5
BRDA:28,2,0,1
BRDA:28,2,1,3
BRDA:38,3,0,1
BRDA:38,3,1,2
BRF:9
BRH:9
end_of_record
TN:
SF:business\usecases\auth\RegisterUserUseCase.js
FN:10,(anonymous_0)
FN:20,(anonymous_1)
FNF:2
FNH:2
FNDA:6,(anonymous_0)
FNDA:6,(anonymous_1)
DA:1,1
DA:2,1
DA:3,1
DA:11,6
DA:12,6
DA:22,6
DA:23,3
DA:27,3
DA:28,3
DA:29,1
DA:32,2
DA:33,2
DA:34,1
DA:38,1
DA:41,1
DA:42,1
DA:45,1
DA:48,1
DA:52,1
LF:19
LH:19
BRDA:22,0,0,3
BRDA:22,0,1,3
BRDA:22,1,0,6
BRDA:22,1,1,6
BRDA:22,1,2,5
BRDA:22,1,3,4
BRDA:28,2,0,1
BRDA:28,2,1,2
BRDA:33,3,0,1
BRDA:33,3,1,1
BRF:10
BRH:10
end_of_record
TN:
SF:business\usecases\auth\VerifyTokenUseCase.js
FN:9,(anonymous_0)
FN:19,(anonymous_1)
FNF:2
FNH:2
FNDA:6,(anonymous_0)
FNDA:6,(anonymous_1)
DA:1,1
DA:2,1
DA:10,6
DA:11,6
DA:21,6
DA:22,2
DA:25,4
DA:27,4
DA:30,2
DA:31,2
DA:32,1
DA:36,1
DA:43,3
DA:44,1
DA:46,2
DA:51,1
LF:16
LH:16
BRDA:21,0,0,2
BRDA:21,0,1,4
BRDA:31,1,0,1
BRDA:31,1,1,1
BRDA:43,2,0,1
BRDA:43,2,1,2
BRF:6
BRH:6
end_of_record
TN:
SF:business\usecases\tasks\ChangeTaskStatusUseCase.js
FN:10,(anonymous_0)
FN:21,(anonymous_1)
FN:63,(anonymous_2)
FN:70,(anonymous_3)
FN:77,(anonymous_4)
FNF:5
FNH:2
FNDA:11,(anonymous_0)
FNDA:11,(anonymous_1)
FNDA:0,(anonymous_2)
FNDA:0,(anonymous_3)
FNDA:0,(anonymous_4)
DA:1,1
DA:2,1
DA:3,1
DA:11,11
DA:23,11
DA:24,2
DA:28,9
DA:30,9
DA:31,1
DA:35,8
DA:36,1
DA:40,7
DA:41,7
DA:43,2
DA:44,2
DA:46,0
DA:50,5
DA:53,5
DA:64,0
DA:71,0
DA:78,0
DA:80,0
DA:81,0
DA:84,0
DA:85,0
DA:88,0
DA:89,0
DA:91,0
DA:99,1
LF:29
LH:18
BRDA:23,0,0,2
BRDA:23,0,1,9
BRDA:23,1,0,11
BRDA:23,1,1,9
BRDA:23,1,2,9
BRDA:30,2,0,1
BRDA:30,2,1,8
BRDA:35,3,0,1
BRDA:35,3,1,7
BRDA:43,4,0,2
BRDA:43,4,1,0
BRDA:80,5,0,0
BRDA:80,5,1,0
BRDA:84,6,0,0
BRDA:84,6,1,0
BRF:15
BRH:10
end_of_record
TN:
SF:business\usecases\tasks\CreateTaskUseCase.js
FN:10,(anonymous_0)
FN:19,(anonymous_1)
FNF:2
FNH:2
FNDA:5,(anonymous_0)
FNDA:5,(anonymous_1)
DA:1,1
DA:2,1
DA:3,1
DA:11,5
DA:21,5
DA:22,3
DA:26,2
DA:33,2
DA:36,2
DA:40,1
LF:10
LH:10
BRDA:21,0,0,3
BRDA:21,0,1,2
BRDA:21,1,0,5
BRDA:21,1,1,4
BRDA:21,1,2,3
BRF:5
BRH:5
end_of_record
TN:
SF:business\usecases\tasks\DeleteTaskUseCase.js
FN:9,(anonymous_0)
FN:18,(anonymous_1)
FNF:2
FNH:2
FNDA:6,(anonymous_0)
FNDA:6,(anonymous_1)
DA:1,1
DA:2,1
DA:10,6
DA:20,6
DA:21,3
DA:25,3
DA:27,3
DA:28,1
DA:32,2
DA:33,1
DA:37,1
DA:40,1
DA:48,1
LF:13
LH:13
BRDA:20,0,0,3
BRDA:20,0,1,3
BRDA:20,1,0,6
BRDA:20,1,1,5
BRDA:20,1,2,4
BRDA:27,2,0,1
BRDA:27,2,1,2
BRDA:32,3,0,1
BRDA:32,3,1,1
BRDA:43,4,0,1
BRDA:43,4,1,0
BRF:11
BRH:10
end_of_record
TN:
SF:business\usecases\tasks\GetTaskByIdUseCase.js
FN:9,(anonymous_0)
FN:18,(anonymous_1)
FNF:2
FNH:2
FNDA:6,(anonymous_0)
FNDA:6,(anonymous_1)
DA:1,1
DA:2,1
DA:10,6
DA:20,6
DA:21,3
DA:25,3
DA:27,3
DA:28,1
DA:32,2
DA:33,1
DA:37,1
DA:41,1
LF:12
LH:12
BRDA:20,0,0,3
BRDA:20,0,1,3
BRDA:20,1,0,6
BRDA:20,1,1,5
BRDA:20,1,2,4
BRDA:27,2,0,1
BRDA:27,2,1,2
BRDA:32,3,0,1
BRDA:32,3,1,1
BRF:9
BRH:9
end_of_record
TN:
SF:business\usecases\tasks\GetTaskStatisticsUseCase.js
FN:9,(anonymous_0)
FN:18,(anonymous_1)
FNF:2
FNH:2
FNDA:5,(anonymous_0)
FNDA:5,(anonymous_1)
DA:1,1
DA:2,1
DA:10,5
DA:19,5
DA:20,2
DA:24,3
DA:30,3
DA:32,3
DA:44,1
LF:9
LH:9
BRDA:19,0,0,2
BRDA:19,0,1,3
BRDA:37,1,0,2
BRDA:37,1,1,1
BRF:4
BRH:4
end_of_record
TN:
SF:business\usecases\tasks\GetTasksUseCase.js
FN:9,(anonymous_0)
FN:18,(anonymous_1)
FNF:2
FNH:2
FNDA:6,(anonymous_0)
FNDA:6,(anonymous_1)
DA:1,1
DA:2,1
DA:10,6
DA:20,6
DA:21,2
DA:26,4
DA:28,2
DA:34,2
DA:38,4
DA:42,1
LF:10
LH:10
BRDA:20,0,0,2
BRDA:20,0,1,4
BRDA:20,1,0,6
BRDA:20,1,1,5
BRDA:26,2,0,2
BRDA:26,2,1,2
BRF:6
BRH:6
end_of_record
TN:
SF:business\usecases\tasks\UpdateTaskUseCase.js
FN:9,(anonymous_0)
FN:18,(anonymous_1)
FNF:2
FNH:2
FNDA:6,(anonymous_0)
FNDA:6,(anonymous_1)
DA:1,1
DA:2,1
DA:10,6
DA:20,6
DA:21,1
DA:25,5
DA:27,5
DA:28,1
DA:32,4
DA:33,1
DA:37,3
DA:38,3
DA:40,1
DA:41,1
DA:43,0
DA:47,2
DA:50,2
DA:54,1
LF:18
LH:17
BRDA:20,0,0,1
BRDA:20,0,1,5
BRDA:20,1,0,6
BRDA:20,1,1,6
BRDA:20,1,2,5
BRDA:27,2,0,1
BRDA:27,2,1,4
BRDA:32,3,0,1
BRDA:32,3,1,3
BRDA:40,4,0,1
BRDA:40,4,1,0
BRF:11
BRH:10
end_of_record
TN:
SF:domain\index.js
FNF:0
FNH:0
DA:4,0
LF:1
LH:0
BRF:0
BRH:0
end_of_record
TN:
SF:domain\entities\Task.js
FN:9,(anonymous_0)
FN:25,(anonymous_1)
FN:38,(anonymous_2)
FN:50,(anonymous_3)
FN:56,(anonymous_4)
FN:65,(anonymous_5)
FN:71,(anonymous_6)
FN:76,(anonymous_7)
FN:90,(anonymous_8)
FN:103,(anonymous_9)
FN:111,(anonymous_10)
FN:116,(anonymous_11)
FN:126,(anonymous_12)
FN:131,(anonymous_13)
FN:135,(anonymous_14)
FN:139,(anonymous_15)
FN:144,(anonymous_16)
FN:148,(anonymous_17)
FN:152,(anonymous_18)
FN:156,(anonymous_19)
FN:160,(anonymous_20)
FN:164,(anonymous_21)
FN:168,(anonymous_22)
FN:173,(anonymous_23)
FNF:24
FNH:17
FNDA:3,(anonymous_0)
FNDA:26,(anonymous_1)
FNDA:6,(anonymous_2)
FNDA:3,(anonymous_3)
FNDA:9,(anonymous_4)
FNDA:3,(anonymous_5)
FNDA:2,(anonymous_6)
FNDA:9,(anonymous_7)
FNDA:3,(anonymous_8)
FNDA:0,(anonymous_9)
FNDA:0,(anonymous_10)
FNDA:0,(anonymous_11)
FNDA:16,(anonymous_12)
FNDA:0,(anonymous_13)
FNDA:0,(anonymous_14)
FNDA:0,(anonymous_15)
FNDA:16,(anonymous_16)
FNDA:11,(anonymous_17)
FNDA:11,(anonymous_18)
FNDA:16,(anonymous_19)
FNDA:13,(anonymous_20)
FNDA:6,(anonymous_21)
FNDA:11,(anonymous_22)
FNDA:0,(anonymous_23)
DA:1,7
DA:2,7
DA:10,3
DA:11,3
DA:13,3
DA:14,3
DA:15,3
DA:16,3
DA:17,3
DA:18,3
DA:19,3
DA:26,26
DA:27,26
DA:28,26
DA:29,26
DA:30,26
DA:31,26
DA:32,26
DA:33,26
DA:34,26
DA:39,6
DA:40,0
DA:42,6
DA:43,0
DA:45,6
DA:46,0
DA:51,3
DA:52,0
DA:57,9
DA:58,1
DA:66,3
DA:67,3
DA:68,3
DA:72,2
DA:73,2
DA:77,9
DA:80,8
DA:81,2
DA:86,6
DA:87,6
DA:91,3
DA:92,3
DA:94,3
DA:95,2
DA:97,3
DA:98,2
DA:100,2
DA:104,0
DA:105,0
DA:107,0
DA:108,0
DA:112,0
DA:113,0
DA:117,0
DA:118,0
DA:120,0
DA:122,0
DA:127,16
DA:132,0
DA:136,0
DA:140,0
DA:145,16
DA:149,11
DA:153,11
DA:157,16
DA:161,13
DA:165,6
DA:169,11
DA:174,0
DA:186,7
LF:70
LH:52
BRDA:15,0,0,2
BRDA:15,0,1,1
BRDA:39,1,0,0
BRDA:39,1,1,6
BRDA:39,2,0,6
BRDA:39,2,1,6
BRDA:42,3,0,0
BRDA:42,3,1,6
BRDA:45,4,0,0
BRDA:45,4,1,6
BRDA:51,5,0,0
BRDA:51,5,1,3
BRDA:57,6,0,1
BRDA:57,6,1,8
BRDA:72,7,0,2
BRDA:72,7,1,0
BRDA:80,8,0,2
BRDA:80,8,1,6
BRDA:80,9,0,8
BRDA:80,9,1,3
BRDA:91,10,0,3
BRDA:91,10,1,0
BRDA:91,11,0,3
BRDA:91,11,1,3
BRDA:94,12,0,2
BRDA:94,12,1,1
BRDA:97,13,0,2
BRDA:97,13,1,1
BRDA:97,14,0,3
BRDA:97,14,1,2
BRDA:104,15,0,0
BRDA:104,15,1,0
BRDA:117,16,0,0
BRDA:117,16,1,0
BRF:34
BRH:24
end_of_record
TN:
SF:domain\entities\User.js
FN:8,(anonymous_0)
FN:24,(anonymous_1)
FN:36,(anonymous_2)
FN:51,(anonymous_3)
FN:61,(anonymous_4)
FN:74,(anonymous_5)
FN:86,(anonymous_6)
FN:93,(anonymous_7)
FN:97,(anonymous_8)
FN:101,(anonymous_9)
FN:105,(anonymous_10)
FN:109,(anonymous_11)
FN:113,(anonymous_12)
FN:118,(anonymous_13)
FNF:14
FNH:10
FNDA:4,(anonymous_0)
FNDA:15,(anonymous_1)
FNDA:4,(anonymous_2)
FNDA:4,(anonymous_3)
FNDA:4,(anonymous_4)
FNDA:0,(anonymous_5)
FNDA:0,(anonymous_6)
FNDA:12,(anonymous_7)
FNDA:12,(anonymous_8)
FNDA:15,(anonymous_9)
FNDA:7,(anonymous_10)
FNDA:1,(anonymous_11)
FNDA:0,(anonymous_12)
FNDA:0,(anonymous_13)
DA:1,5
DA:9,4
DA:10,4
DA:11,4
DA:13,4
DA:14,4
DA:15,4
DA:16,4
DA:17,4
DA:18,4
DA:25,15
DA:26,15
DA:27,15
DA:28,15
DA:29,15
DA:30,15
DA:31,15
DA:32,15
DA:37,4
DA:38,0
DA:40,4
DA:41,0
DA:43,4
DA:44,0
DA:46,4
DA:47,0
DA:52,4
DA:53,0
DA:55,4
DA:56,4
DA:57,0
DA:62,4
DA:63,0
DA:65,4
DA:66,0
DA:68,4
DA:69,0
DA:75,0
DA:76,0
DA:77,0
DA:79,0
DA:80,0
DA:81,0
DA:83,0
DA:87,0
DA:88,0
DA:89,0
DA:94,12
DA:98,12
DA:102,15
DA:106,7
DA:110,1
DA:114,0
DA:119,0
DA:129,5
LF:55
LH:34
BRDA:37,0,0,0
BRDA:37,0,1,4
BRDA:37,1,0,4
BRDA:37,1,1,4
BRDA:40,2,0,0
BRDA:40,2,1,4
BRDA:43,3,0,0
BRDA:43,3,1,4
BRDA:46,4,0,0
BRDA:46,4,1,4
BRDA:52,5,0,0
BRDA:52,5,1,4
BRDA:52,6,0,4
BRDA:52,6,1,4
BRDA:56,7,0,0
BRDA:56,7,1,4
BRDA:62,8,0,0
BRDA:62,8,1,4
BRDA:62,9,0,4
BRDA:62,9,1,4
BRDA:65,10,0,0
BRDA:65,10,1,4
BRDA:68,11,0,0
BRDA:68,11,1,4
BRDA:75,12,0,0
BRDA:75,12,1,0
BRDA:79,13,0,0
BRDA:79,13,1,0
BRF:28
BRH:15
end_of_record
TN:
SF:domain\exceptions\DomainException.js
FN:6,(anonymous_0)
FN:13,(anonymous_1)
FN:17,(anonymous_2)
FN:21,(anonymous_3)
FN:28,(anonymous_4)
FN:32,(anonymous_5)
FN:39,(anonymous_6)
FN:43,(anonymous_7)
FNF:8
FNH:6
FNDA:39,(anonymous_0)
FNDA:20,(anonymous_1)
FNDA:2,(anonymous_2)
FNDA:4,(anonymous_3)
FNDA:11,(anonymous_4)
FNDA:2,(anonymous_5)
FNDA:0,(anonymous_6)
FNDA:0,(anonymous_7)
DA:7,39
DA:8,39
DA:9,39
DA:10,39
DA:14,20
DA:18,2
DA:22,4
DA:29,11
DA:33,2
DA:40,0
DA:44,0
DA:53,11
LF:12
LH:10
BRDA:28,0,0,0
BRF:1
BRH:0
end_of_record
TN:
SF:domain\valueobjects\TaskStatus.js
FN:10,(anonymous_0)
FN:14,(anonymous_1)
FN:18,(anonymous_2)
FN:30,(anonymous_3)
FNF:4
FNH:2
FNDA:10,(anonymous_0)
FNDA:9,(anonymous_1)
FNDA:0,(anonymous_2)
FNDA:0,(anonymous_3)
DA:6,8
DA:7,8
DA:8,8
DA:11,10
DA:15,9
DA:19,0
DA:20,0
DA:23,0
DA:24,0
DA:25,0
DA:29,0
DA:30,0
DA:33,0
DA:34,0
DA:37,0
DA:41,8
LF:16
LH:6
BRDA:19,0,0,0
BRDA:19,0,1,0
BRDA:24,1,0,0
BRDA:24,1,1,0
BRDA:33,2,0,0
BRDA:33,2,1,0
BRF:6
BRH:0
end_of_record
TN:
SF:infrastructure\config\Config.js
FN:11,(anonymous_0)
FN:15,(anonymous_1)
FN:29,(anonymous_2)
FN:36,(anonymous_3)
FN:40,(anonymous_4)
FN:44,(anonymous_5)
FN:48,(anonymous_6)
FN:52,(anonymous_7)
FN:56,(anonymous_8)
FN:60,(anonymous_9)
FNF:10
FNH:0
FNDA:0,(anonymous_0)
FNDA:0,(anonymous_1)
FNDA:0,(anonymous_2)
FNDA:0,(anonymous_3)
FNDA:0,(anonymous_4)
FNDA:0,(anonymous_5)
FNDA:0,(anonymous_6)
FNDA:0,(anonymous_7)
FNDA:0,(anonymous_8)
FNDA:0,(anonymous_9)
DA:1,0
DA:4,0
DA:12,0
DA:16,0
DA:30,0
DA:31,0
DA:33,0
DA:37,0
DA:41,0
DA:45,0
DA:49,0
DA:53,0
DA:57,0
DA:61,0
DA:65,0
LF:15
LH:0
BRDA:12,0,0,0
BRDA:12,0,1,0
BRDA:17,1,0,0
BRDA:17,1,1,0
BRDA:19,2,0,0
BRDA:19,2,1,0
BRDA:20,3,0,0
BRDA:20,3,1,0
BRDA:21,4,0,0
BRDA:21,4,1,0
BRDA:30,5,0,0
BRDA:30,5,1,0
BRDA:30,6,0,0
BRDA:30,6,1,0
BRDA:33,7,0,0
BRDA:33,7,1,0
BRDA:37,8,0,0
BRDA:37,8,1,0
BRDA:41,9,0,0
BRDA:41,9,1,0
BRDA:45,10,0,0
BRDA:45,10,1,0
BRDA:49,11,0,0
BRDA:49,11,1,0
BRF:24
BRH:0
end_of_record
TN:
SF:infrastructure\database\MongoDatabase.js
FN:8,(anonymous_0)
FN:23,(anonymous_1)
FN:60,(anonymous_2)
FN:71,(anonymous_3)
FN:78,(anonymous_4)
FN:88,(anonymous_5)
FN:92,(anonymous_6)
FN:103,(anonymous_7)
FN:107,(anonymous_8)
FN:118,(anonymous_9)
FNF:10
FNH:4
FNDA:2,(anonymous_0)
FNDA:2,(anonymous_1)
FNDA:2,(anonymous_2)
FNDA:0,(anonymous_3)
FNDA:32,(anonymous_4)
FNDA:0,(anonymous_5)
FNDA:0,(anonymous_6)
FNDA:0,(anonymous_7)
FNDA:0,(anonymous_8)
FNDA:0,(anonymous_9)
DA:1,2
DA:9,2
DA:10,2
DA:24,2
DA:25,2
DA:46,2
DA:47,2
DA:48,2
DA:49,2
DA:50,2
DA:52,0
DA:53,0
DA:61,2
DA:62,2
DA:63,2
DA:64,2
DA:72,0
DA:79,32
DA:80,0
DA:82,32
DA:89,0
DA:92,0
DA:93,0
DA:96,0
DA:97,0
DA:104,0
DA:107,0
DA:108,0
DA:111,0
DA:112,0
DA:119,0
DA:120,0
DA:121,0
DA:125,2
LF:34
LH:17
BRDA:30,0,0,2
BRDA:30,0,1,0
BRDA:37,1,0,2
BRDA:37,1,1,2
BRDA:38,2,0,2
BRDA:38,2,1,2
BRDA:40,3,0,2
BRDA:40,3,1,2
BRDA:41,4,0,2
BRDA:41,4,1,2
BRDA:42,5,0,2
BRDA:42,5,1,2
BRDA:61,6,0,2
BRDA:61,6,1,0
BRDA:72,7,0,0
BRDA:72,7,1,0
BRDA:79,8,0,0
BRDA:79,8,1,32
BRDA:88,9,0,0
BRDA:103,10,0,0
BRF:20
BRH:13
end_of_record
TN:
SF:infrastructure\database\models\TaskModel.js
FN:24,(anonymous_0)
FN:42,(anonymous_1)
FN:53,(anonymous_2)
FN:68,(anonymous_3)
FN:84,(anonymous_4)
FN:102,(anonymous_5)
FN:119,(anonymous_6)
FN:129,(anonymous_7)
FN:139,(anonymous_8)
FN:154,(anonymous_9)
FNF:10
FNH:6
FNDA:1,(anonymous_0)
FNDA:3,(anonymous_1)
FNDA:2,(anonymous_2)
FNDA:2,(anonymous_3)
FNDA:0,(anonymous_4)
FNDA:0,(anonymous_5)
FNDA:1,(anonymous_6)
FNDA:0,(anonymous_7)
FNDA:5,(anonymous_8)
FNDA:0,(anonymous_9)
DA:1,1
DA:19,1
DA:25,1
DA:26,1
DA:36,1
DA:43,3
DA:44,3
DA:47,3
DA:54,2
DA:55,2
DA:62,2
DA:69,2
DA:70,2
DA:78,2
DA:85,0
DA:86,0
DA:96,0
DA:103,0
DA:104,0
DA:113,0
DA:120,1
DA:121,1
DA:130,0
DA:131,0
DA:140,5
DA:141,5
DA:148,5
DA:155,0
DA:156,0
DA:172,0
DA:176,1
LF:31
LH:20
BRDA:24,0,0,0
BRDA:29,1,0,1
BRDA:29,1,1,0
BRDA:47,2,0,3
BRDA:47,2,1,2
BRDA:89,3,0,0
BRDA:89,3,1,0
BRDA:96,4,0,0
BRDA:96,4,1,0
BRDA:113,5,0,0
BRDA:113,5,1,0
BRF:11
BRH:3
end_of_record
TN:
SF:infrastructure\database\models\UserModel.js
FN:23,(anonymous_0)
FN:40,(anonymous_1)
FN:51,(anonymous_2)
FN:62,(anonymous_3)
FN:73,(anonymous_4)
FN:84,(anonymous_5)
FN:95,(anonymous_6)
FN:113,(anonymous_7)
FN:130,(anonymous_8)
FNF:9
FNH:6
FNDA:3,(anonymous_0)
FNDA:6,(anonymous_1)
FNDA:2,(anonymous_2)
FNDA:0,(anonymous_3)
FNDA:2,(anonymous_4)
FNDA:2,(anonymous_5)
FNDA:0,(anonymous_6)
FNDA:0,(anonymous_7)
FNDA:3,(anonymous_8)
DA:1,2
DA:18,2
DA:24,3
DA:25,3
DA:34,3
DA:41,6
DA:42,6
DA:45,6
DA:52,2
DA:53,2
DA:56,2
DA:63,0
DA:64,0
DA:67,0
DA:74,2
DA:75,2
DA:78,2
DA:85,2
DA:86,2
DA:89,2
DA:96,0
DA:97,0
DA:107,0
DA:114,0
DA:115,0
DA:124,0
DA:131,3
DA:132,3
DA:138,2
LF:29
LH:20
BRDA:45,0,0,6
BRDA:45,0,1,2
BRDA:56,1,0,2
BRDA:56,1,1,1
BRDA:67,2,0,0
BRDA:67,2,1,0
BRDA:107,3,0,0
BRDA:107,3,1,0
BRDA:124,4,0,0
BRDA:124,4,1,0
BRF:10
BRH:4
end_of_record
TN:
SF:infrastructure\security\BcryptPasswordService.js
FN:9,(anonymous_0)
FN:17,(anonymous_1)
FN:27,(anonymous_2)
FNF:3
FNH:0
FNDA:0,(anonymous_0)
FNDA:0,(anonymous_1)
FNDA:0,(anonymous_2)
DA:1,0
DA:2,0
DA:10,0
DA:11,0
DA:18,0
DA:19,0
DA:21,0
DA:28,0
DA:29,0
DA:31,0
DA:35,0
LF:11
LH:0
BRDA:9,0,0,0
BRDA:18,1,0,0
BRDA:18,1,1,0
BRDA:28,2,0,0
BRDA:28,2,1,0
BRDA:28,3,0,0
BRDA:28,3,1,0
BRF:7
BRH:0
end_of_record
TN:
SF:infrastructure\security\JwtTokenService.js
FN:9,(anonymous_0)
FN:21,(anonymous_1)
FN:34,(anonymous_2)
FN:55,(anonymous_3)
FNF:4
FNH:0
FNDA:0,(anonymous_0)
FNDA:0,(anonymous_1)
FNDA:0,(anonymous_2)
FNDA:0,(anonymous_3)
DA:1,0
DA:2,0
DA:10,0
DA:11,0
DA:12,0
DA:14,0
DA:15,0
DA:22,0
DA:23,0
DA:26,0
DA:35,0
DA:36,0
DA:39,0
DA:40,0
DA:42,0
DA:43,0
DA:45,0
DA:46,0
DA:48,0
DA:56,0
DA:57,0
DA:59,0
DA:63,0
LF:23
LH:0
BRDA:9,0,0,0
BRDA:11,1,0,0
BRDA:11,1,1,0
BRDA:22,2,0,0
BRDA:22,2,1,0
BRDA:35,3,0,0
BRDA:35,3,1,0
BRDA:42,4,0,0
BRDA:42,4,1,0
BRDA:45,5,0,0
BRDA:45,5,1,0
BRDA:56,6,0,0
BRDA:56,6,1,0
BRF:13
BRH:0
end_of_record
